#! /c/Source/iverilog-install/bin/vvp
:ivl_version "12.0 (devel)" "(s20150603-1539-g2693dd32b)";
:ivl_delay_selection "TYPICAL";
:vpi_time_precision - 12;
:vpi_module "C:\iverilog\lib\ivl\system.vpi";
:vpi_module "C:\iverilog\lib\ivl\vhdl_sys.vpi";
:vpi_module "C:\iverilog\lib\ivl\vhdl_textio.vpi";
:vpi_module "C:\iverilog\lib\ivl\v2005_math.vpi";
:vpi_module "C:\iverilog\lib\ivl\va_math.vpi";
S_000001d6f6b2e270 .scope module, "tb_cnu_iams" "tb_cnu_iams" 2 21;
 .timescale -9 -12;
P_000001d6f6b13ca0 .param/l "DC" 1 2 24, +C4<00000000000000000000000000001010>;
P_000001d6f6b13cd8 .param/l "IDW" 1 2 26, +C4<00000000000000000000000000000100>;
P_000001d6f6b13d10 .param/l "MSG_MAX" 1 2 27, +C4<000000000000000000000000000000000111111>;
P_000001d6f6b13d48 .param/l "MSG_MIN" 1 2 28, +C4<11111111111111111111111111111111000000>;
P_000001d6f6b13d80 .param/l "QW" 1 2 25, +C4<00000000000000000000000000000111>;
v000001d6f6b91720_0 .var "clk", 0 0;
v000001d6f6b92120_0 .var "expected_out", 69 0;
v000001d6f6b91a40_0 .var/i "fail_cnt", 31 0;
v000001d6f6b91b80_0 .var "inp3", 69 0;
v000001d6f6b92a80_0 .var "inp4", 69 0;
v000001d6f6b93340_0 .var "inp5", 69 0;
v000001d6f6b91c20_0 .var "inp6", 69 0;
v000001d6f6b930c0_0 .var "inp7", 69 0;
v000001d6f6b92bc0_0 .var/i "kk", 31 0;
v000001d6f6b92620_0 .var/i "kk1", 31 0;
v000001d6f6b91fe0_0 .var "msg_flat_in", 69 0;
v000001d6f6b92e40_0 .net "msg_flat_out", 69 0, v000001d6f6b8fb60_0;  1 drivers
v000001d6f6b91ae0_0 .var/i "pass_cnt", 31 0;
v000001d6f6b92d00_0 .var/s "rand_msg", 6 0;
v000001d6f6b92580_0 .var/i "ri", 31 0;
v000001d6f6b92300_0 .var "rst_n", 0 0;
v000001d6f6b92c60_0 .var/i "seed", 31 0;
v000001d6f6b92080_0 .var/i "trial", 31 0;
v000001d6f6b91cc0_0 .var "valid_in", 0 0;
v000001d6f6b921c0_0 .net "valid_out", 0 0, v000001d6f6b8f2a0_0;  1 drivers
E_000001d6f6b22680 .event posedge, v000001d6f6b8e6c0_0;
E_000001d6f6b21f80 .event posedge, v000001d6f6b8fa20_0;
S_000001d6f6b2cea0 .scope task, "check_output" "check_output" 2 154, 2 154 0, S_000001d6f6b2e270;
 .timescale -9 -12;
v000001d6f6b19690_0 .var "expected", 69 0;
v000001d6f6b19550_0 .var "got", 69 0;
v000001d6f6b17a70_0 .var/i "ii", 31 0;
v000001d6f6b19730_0 .var "ok", 0 0;
v000001d6f6b17c50_0 .var "test_id", 63 0;
TD_tb_cnu_iams.check_output ;
    %load/vec4 v000001d6f6b19550_0;
    %load/vec4 v000001d6f6b19690_0;
    %cmp/e;
    %flag_get/vec4 6;
    %store/vec4 v000001d6f6b19730_0, 0, 1;
    %load/vec4 v000001d6f6b19730_0;
    %flag_set/vec4 8;
    %jmp/0xz  T_0.0, 8;
    %load/vec4 v000001d6f6b91ae0_0;
    %addi 1, 0, 32;
    %store/vec4 v000001d6f6b91ae0_0, 0, 32;
    %vpi_call 2 164 "$display", "[PASS] Test %0d", v000001d6f6b17c50_0 {0 0 0};
    %jmp T_0.1;
T_0.0 ;
    %load/vec4 v000001d6f6b91a40_0;
    %addi 1, 0, 32;
    %store/vec4 v000001d6f6b91a40_0, 0, 32;
    %vpi_call 2 167 "$display", "[FAIL] Test %0d", v000001d6f6b17c50_0 {0 0 0};
    %pushi/vec4 0, 0, 32;
    %store/vec4 v000001d6f6b17a70_0, 0, 32;
T_0.2 ;
    %load/vec4 v000001d6f6b17a70_0;
    %cmpi/s 10, 0, 32;
    %jmp/0xz T_0.3, 5;
    %load/vec4 v000001d6f6b19550_0;
    %load/vec4 v000001d6f6b17a70_0;
    %muli 7, 0, 32;
    %part/s 7;
    %load/vec4 v000001d6f6b19690_0;
    %load/vec4 v000001d6f6b17a70_0;
    %muli 7, 0, 32;
    %part/s 7;
    %cmp/ne;
    %jmp/0xz  T_0.4, 6;
    %load/vec4 v000001d6f6b19550_0;
    %load/vec4 v000001d6f6b17a70_0;
    %muli 7, 0, 32;
    %part/s 7;
    %load/vec4 v000001d6f6b19690_0;
    %load/vec4 v000001d6f6b17a70_0;
    %muli 7, 0, 32;
    %part/s 7;
    %vpi_call 2 170 "$display", "       edge[%0d]: got %0d  expected %0d", v000001d6f6b17a70_0, S<1,vec4,s7>, S<0,vec4,s7> {2 0 0};
T_0.4 ;
    %load/vec4 v000001d6f6b17a70_0;
    %addi 1, 0, 32;
    %store/vec4 v000001d6f6b17a70_0, 0, 32;
    %jmp T_0.2;
T_0.3 ;
T_0.1 ;
    %end;
S_000001d6f6b2d030 .scope module, "dut" "cnu_iams" 2 50, 3 35 0, S_000001d6f6b2e270;
 .timescale -9 -12;
    .port_info 0 /INPUT 1 "clk";
    .port_info 1 /INPUT 1 "rst_n";
    .port_info 2 /INPUT 1 "valid_in";
    .port_info 3 /INPUT 70 "msg_flat_in";
    .port_info 4 /OUTPUT 70 "msg_flat_out";
    .port_info 5 /OUTPUT 1 "valid_out";
P_000001d6f6b8de20 .param/l "DC" 0 3 36, +C4<00000000000000000000000000001010>;
P_000001d6f6b8de58 .param/l "IDW" 0 3 38, +C4<00000000000000000000000000000100>;
P_000001d6f6b8de90 .param/l "QW" 0 3 37, +C4<00000000000000000000000000000111>;
v000001d6f6b8fc00_0 .net *"_ivl_10", 0 0, L_000001d6f6bdc750;  1 drivers
v000001d6f6b8e620_0 .net *"_ivl_12", 5 0, L_000001d6f6bdd970;  1 drivers
L_000001d6f6b947e8 .functor BUFT 1, C4<000000>, C4<0>, C4<0>, C4<0>;
v000001d6f6b8e940_0 .net/2u *"_ivl_14", 5 0, L_000001d6f6b947e8;  1 drivers
v000001d6f6b8f660_0 .var "alpha_mag", 5 0;
v000001d6f6b8e6c0_0 .net "clk", 0 0, v000001d6f6b91720_0;  1 drivers
v000001d6f6b8fd40_0 .net "delta", 5 0, L_000001d6f6bdca70;  1 drivers
v000001d6f6b8fe80_0 .var/i "i", 31 0;
v000001d6f6b8e120_0 .var "idx1", 3 0;
v000001d6f6b8f160_0 .var "idx2", 3 0;
v000001d6f6b8ee40_0 .var/i "k", 31 0;
v000001d6f6b8ec60 .array "mag", 9 0;
v000001d6f6b8ec60_0 .net v000001d6f6b8ec60 0, 5 0, L_000001d6f6b92440; 1 drivers
v000001d6f6b8ec60_1 .net v000001d6f6b8ec60 1, 5 0, L_000001d6f6b92940; 1 drivers
v000001d6f6b8ec60_2 .net v000001d6f6b8ec60 2, 5 0, L_000001d6f6bddc90; 1 drivers
v000001d6f6b8ec60_3 .net v000001d6f6b8ec60 3, 5 0, L_000001d6f6bddfb0; 1 drivers
v000001d6f6b8ec60_4 .net v000001d6f6b8ec60 4, 5 0, L_000001d6f6bdd5b0; 1 drivers
v000001d6f6b8ec60_5 .net v000001d6f6b8ec60 5, 5 0, L_000001d6f6bdc890; 1 drivers
v000001d6f6b8ec60_6 .net v000001d6f6b8ec60 6, 5 0, L_000001d6f6bdc930; 1 drivers
v000001d6f6b8ec60_7 .net v000001d6f6b8ec60 7, 5 0, L_000001d6f6bdd1f0; 1 drivers
v000001d6f6b8ec60_8 .net v000001d6f6b8ec60 8, 5 0, L_000001d6f6bdd650; 1 drivers
v000001d6f6b8ec60_9 .net v000001d6f6b8ec60 9, 5 0, L_000001d6f6bdc9d0; 1 drivers
v000001d6f6b8e1c0_0 .var "min1", 5 0;
v000001d6f6b8f980_0 .var "min2", 5 0;
v000001d6f6b8f480_0 .net "msg_flat_in", 69 0, v000001d6f6b91fe0_0;  1 drivers
v000001d6f6b8fb60_0 .var "msg_flat_out", 69 0;
v000001d6f6b8e8a0 .array "msg_in", 9 0;
v000001d6f6b8e8a0_0 .net/s v000001d6f6b8e8a0 0, 6 0, L_000001d6f6b91d60; 1 drivers
v000001d6f6b8e8a0_1 .net/s v000001d6f6b8e8a0 1, 6 0, L_000001d6f6b92ee0; 1 drivers
v000001d6f6b8e8a0_2 .net/s v000001d6f6b8e8a0 2, 6 0, L_000001d6f6b929e0; 1 drivers
v000001d6f6b8e8a0_3 .net/s v000001d6f6b8e8a0 3, 6 0, L_000001d6f6b932a0; 1 drivers
v000001d6f6b8e8a0_4 .net/s v000001d6f6b8e8a0 4, 6 0, L_000001d6f6b91680; 1 drivers
v000001d6f6b8e8a0_5 .net/s v000001d6f6b8e8a0 5, 6 0, L_000001d6f6b92800; 1 drivers
v000001d6f6b8e8a0_6 .net/s v000001d6f6b8e8a0 6, 6 0, L_000001d6f6b92f80; 1 drivers
v000001d6f6b8e8a0_7 .net/s v000001d6f6b8e8a0 7, 6 0, L_000001d6f6b91e00; 1 drivers
v000001d6f6b8e8a0_8 .net/s v000001d6f6b8e8a0 8, 6 0, L_000001d6f6b92260; 1 drivers
v000001d6f6b8e8a0_9 .net/s v000001d6f6b8e8a0 9, 6 0, L_000001d6f6b91860; 1 drivers
v000001d6f6b8f520 .array/s "msg_out_comb", 9 0, 6 0;
v000001d6f6b8e440_0 .var/i "n", 31 0;
v000001d6f6b8e4e0_0 .var "out_sign", 0 0;
v000001d6f6b8e260_0 .var/i "p", 31 0;
v000001d6f6b8fa20_0 .net "rst_n", 0 0, v000001d6f6b92300_0;  1 drivers
v000001d6f6b8ff20 .array "sgn", 9 0;
v000001d6f6b8ff20_0 .net v000001d6f6b8ff20 0, 0 0, L_000001d6f6b933e0; 1 drivers
v000001d6f6b8ff20_1 .net v000001d6f6b8ff20 1, 0 0, L_000001d6f6b924e0; 1 drivers
v000001d6f6b8ff20_2 .net v000001d6f6b8ff20 2, 0 0, L_000001d6f6b92da0; 1 drivers
v000001d6f6b8ff20_3 .net v000001d6f6b8ff20 3, 0 0, L_000001d6f6bdc6b0; 1 drivers
v000001d6f6b8ff20_4 .net v000001d6f6b8ff20 4, 0 0, L_000001d6f6bdd470; 1 drivers
v000001d6f6b8ff20_5 .net v000001d6f6b8ff20 5, 0 0, L_000001d6f6bddb50; 1 drivers
v000001d6f6b8ff20_6 .net v000001d6f6b8ff20 6, 0 0, L_000001d6f6bddd30; 1 drivers
v000001d6f6b8ff20_7 .net v000001d6f6b8ff20 7, 0 0, L_000001d6f6bdc610; 1 drivers
v000001d6f6b8ff20_8 .net v000001d6f6b8ff20 8, 0 0, L_000001d6f6bdccf0; 1 drivers
v000001d6f6b8ff20_9 .net v000001d6f6b8ff20 9, 0 0, L_000001d6f6bdced0; 1 drivers
v000001d6f6b8e9e0_0 .var "sign_total", 0 0;
v000001d6f6b8eda0_0 .net "valid_in", 0 0, v000001d6f6b91cc0_0;  1 drivers
v000001d6f6b8f2a0_0 .var "valid_out", 0 0;
E_000001d6f6b227c0/0 .event negedge, v000001d6f6b8fa20_0;
E_000001d6f6b227c0/1 .event posedge, v000001d6f6b8e6c0_0;
E_000001d6f6b227c0 .event/or E_000001d6f6b227c0/0, E_000001d6f6b227c0/1;
E_000001d6f6b222c0/0 .event anyedge, v000001d6f6b8e9e0_0, v000001d6f6b8ff20_0, v000001d6f6b8ff20_1, v000001d6f6b8ff20_2;
E_000001d6f6b222c0/1 .event anyedge, v000001d6f6b8ff20_3, v000001d6f6b8ff20_4, v000001d6f6b8ff20_5, v000001d6f6b8ff20_6;
E_000001d6f6b222c0/2 .event anyedge, v000001d6f6b8ff20_7, v000001d6f6b8ff20_8, v000001d6f6b8ff20_9, v000001d6f6b8e120_0;
E_000001d6f6b222c0/3 .event anyedge, v000001d6f6b8f980_0, v000001d6f6b8f160_0, v000001d6f6b8e1c0_0, v000001d6f6b8fd40_0;
E_000001d6f6b222c0/4 .event anyedge, v000001d6f6b8f660_0, v000001d6f6b8e4e0_0;
E_000001d6f6b222c0 .event/or E_000001d6f6b222c0/0, E_000001d6f6b222c0/1, E_000001d6f6b222c0/2, E_000001d6f6b222c0/3, E_000001d6f6b222c0/4;
E_000001d6f6b21fc0/0 .event anyedge, v000001d6f6b8ec60_0, v000001d6f6b8ec60_1, v000001d6f6b8ec60_2, v000001d6f6b8ec60_3;
E_000001d6f6b21fc0/1 .event anyedge, v000001d6f6b8ec60_4, v000001d6f6b8ec60_5, v000001d6f6b8ec60_6, v000001d6f6b8ec60_7;
E_000001d6f6b21fc0/2 .event anyedge, v000001d6f6b8ec60_8, v000001d6f6b8ec60_9, v000001d6f6b8e1c0_0, v000001d6f6b8e120_0;
E_000001d6f6b21fc0/3 .event anyedge, v000001d6f6b8f980_0;
E_000001d6f6b21fc0 .event/or E_000001d6f6b21fc0/0, E_000001d6f6b21fc0/1, E_000001d6f6b21fc0/2, E_000001d6f6b21fc0/3;
E_000001d6f6b21d00/0 .event anyedge, v000001d6f6b8e9e0_0, v000001d6f6b8ff20_0, v000001d6f6b8ff20_1, v000001d6f6b8ff20_2;
E_000001d6f6b21d00/1 .event anyedge, v000001d6f6b8ff20_3, v000001d6f6b8ff20_4, v000001d6f6b8ff20_5, v000001d6f6b8ff20_6;
E_000001d6f6b21d00/2 .event anyedge, v000001d6f6b8ff20_7, v000001d6f6b8ff20_8, v000001d6f6b8ff20_9;
E_000001d6f6b21d00 .event/or E_000001d6f6b21d00/0, E_000001d6f6b21d00/1, E_000001d6f6b21d00/2;
L_000001d6f6b91d60 .part v000001d6f6b91fe0_0, 0, 7;
L_000001d6f6b92ee0 .part v000001d6f6b91fe0_0, 7, 7;
L_000001d6f6b929e0 .part v000001d6f6b91fe0_0, 14, 7;
L_000001d6f6b932a0 .part v000001d6f6b91fe0_0, 21, 7;
L_000001d6f6b91680 .part v000001d6f6b91fe0_0, 28, 7;
L_000001d6f6b92800 .part v000001d6f6b91fe0_0, 35, 7;
L_000001d6f6b92f80 .part v000001d6f6b91fe0_0, 42, 7;
L_000001d6f6b91e00 .part v000001d6f6b91fe0_0, 49, 7;
L_000001d6f6b92260 .part v000001d6f6b91fe0_0, 56, 7;
L_000001d6f6b91860 .part v000001d6f6b91fe0_0, 63, 7;
L_000001d6f6bdc750 .cmp/ge 6, v000001d6f6b8f980_0, v000001d6f6b8e1c0_0;
L_000001d6f6bdd970 .arith/sub 6, v000001d6f6b8f980_0, v000001d6f6b8e1c0_0;
L_000001d6f6bdca70 .functor MUXZ 6, L_000001d6f6b947e8, L_000001d6f6bdd970, L_000001d6f6bdc750, C4<>;
S_000001d6f6b2c2b0 .scope generate, "mag_sign[0]" "mag_sign[0]" 3 69, 3 69 0, S_000001d6f6b2d030;
 .timescale -9 -12;
P_000001d6f6b21ec0 .param/l "gi" 0 3 69, +C4<00>;
L_000001d6f6b17760 .functor NOT 6, L_000001d6f6b923a0, C4<000000>, C4<000000>, C4<000000>;
L_000001d6f6b94518 .functor BUFT 1, C4<000001>, C4<0>, C4<0>, C4<0>;
v000001d6f6b17d90_0 .net/2u *"_ivl_11", 5 0, L_000001d6f6b94518;  1 drivers
v000001d6f6b18150_0 .net *"_ivl_13", 5 0, L_000001d6f6b91900;  1 drivers
v000001d6f6b17890_0 .net *"_ivl_17", 5 0, L_000001d6f6b919a0;  1 drivers
v000001d6f6b188d0_0 .net *"_ivl_8", 5 0, L_000001d6f6b923a0;  1 drivers
v000001d6f6b18f10_0 .net *"_ivl_9", 5 0, L_000001d6f6b17760;  1 drivers
L_000001d6f6b933e0 .part L_000001d6f6b91d60, 6, 1;
L_000001d6f6b923a0 .part L_000001d6f6b91d60, 0, 6;
L_000001d6f6b91900 .arith/sum 6, L_000001d6f6b17760, L_000001d6f6b94518;
L_000001d6f6b919a0 .part L_000001d6f6b91d60, 0, 6;
L_000001d6f6b92440 .functor MUXZ 6, L_000001d6f6b919a0, L_000001d6f6b91900, L_000001d6f6b933e0, C4<>;
S_000001d6f6b2c440 .scope generate, "mag_sign[1]" "mag_sign[1]" 3 69, 3 69 0, S_000001d6f6b2d030;
 .timescale -9 -12;
P_000001d6f6b225c0 .param/l "gi" 0 3 69, +C4<01>;
L_000001d6f6b16b90 .functor NOT 6, L_000001d6f6b926c0, C4<000000>, C4<000000>, C4<000000>;
L_000001d6f6b94560 .functor BUFT 1, C4<000001>, C4<0>, C4<0>, C4<0>;
v000001d6f6b17930_0 .net/2u *"_ivl_11", 5 0, L_000001d6f6b94560;  1 drivers
v000001d6f6b192d0_0 .net *"_ivl_13", 5 0, L_000001d6f6b92760;  1 drivers
v000001d6f6b18c90_0 .net *"_ivl_17", 5 0, L_000001d6f6b928a0;  1 drivers
v000001d6f6b18290_0 .net *"_ivl_8", 5 0, L_000001d6f6b926c0;  1 drivers
v000001d6f6b183d0_0 .net *"_ivl_9", 5 0, L_000001d6f6b16b90;  1 drivers
L_000001d6f6b924e0 .part L_000001d6f6b92ee0, 6, 1;
L_000001d6f6b926c0 .part L_000001d6f6b92ee0, 0, 6;
L_000001d6f6b92760 .arith/sum 6, L_000001d6f6b16b90, L_000001d6f6b94560;
L_000001d6f6b928a0 .part L_000001d6f6b92ee0, 0, 6;
L_000001d6f6b92940 .functor MUXZ 6, L_000001d6f6b928a0, L_000001d6f6b92760, L_000001d6f6b924e0, C4<>;
S_000001d6f6ad03c0 .scope generate, "mag_sign[2]" "mag_sign[2]" 3 69, 3 69 0, S_000001d6f6b2d030;
 .timescale -9 -12;
P_000001d6f6b22ac0 .param/l "gi" 0 3 69, +C4<010>;
L_000001d6f6b16b20 .functor NOT 6, L_000001d6f6bde410, C4<000000>, C4<000000>, C4<000000>;
L_000001d6f6b945a8 .functor BUFT 1, C4<000001>, C4<0>, C4<0>, C4<0>;
v000001d6f6b18470_0 .net/2u *"_ivl_11", 5 0, L_000001d6f6b945a8;  1 drivers
v000001d6f6b18970_0 .net *"_ivl_13", 5 0, L_000001d6f6bdde70;  1 drivers
v000001d6f6b19230_0 .net *"_ivl_17", 5 0, L_000001d6f6bdda10;  1 drivers
v000001d6f6b17b10_0 .net *"_ivl_8", 5 0, L_000001d6f6bde410;  1 drivers
v000001d6f6b17cf0_0 .net *"_ivl_9", 5 0, L_000001d6f6b16b20;  1 drivers
L_000001d6f6b92da0 .part L_000001d6f6b929e0, 6, 1;
L_000001d6f6bde410 .part L_000001d6f6b929e0, 0, 6;
L_000001d6f6bdde70 .arith/sum 6, L_000001d6f6b16b20, L_000001d6f6b945a8;
L_000001d6f6bdda10 .part L_000001d6f6b929e0, 0, 6;
L_000001d6f6bddc90 .functor MUXZ 6, L_000001d6f6bdda10, L_000001d6f6bdde70, L_000001d6f6b92da0, C4<>;
S_000001d6f6ad0550 .scope generate, "mag_sign[3]" "mag_sign[3]" 3 69, 3 69 0, S_000001d6f6b2d030;
 .timescale -9 -12;
P_000001d6f6b21dc0 .param/l "gi" 0 3 69, +C4<011>;
L_000001d6f6b17530 .functor NOT 6, L_000001d6f6bdcbb0, C4<000000>, C4<000000>, C4<000000>;
L_000001d6f6b945f0 .functor BUFT 1, C4<000001>, C4<0>, C4<0>, C4<0>;
v000001d6f6b18a10_0 .net/2u *"_ivl_11", 5 0, L_000001d6f6b945f0;  1 drivers
v000001d6f6b18e70_0 .net *"_ivl_13", 5 0, L_000001d6f6bdddd0;  1 drivers
v000001d6f6b17e30_0 .net *"_ivl_17", 5 0, L_000001d6f6bdd0b0;  1 drivers
v000001d6f6b17ed0_0 .net *"_ivl_8", 5 0, L_000001d6f6bdcbb0;  1 drivers
v000001d6f6b179d0_0 .net *"_ivl_9", 5 0, L_000001d6f6b17530;  1 drivers
L_000001d6f6bdc6b0 .part L_000001d6f6b932a0, 6, 1;
L_000001d6f6bdcbb0 .part L_000001d6f6b932a0, 0, 6;
L_000001d6f6bdddd0 .arith/sum 6, L_000001d6f6b17530, L_000001d6f6b945f0;
L_000001d6f6bdd0b0 .part L_000001d6f6b932a0, 0, 6;
L_000001d6f6bddfb0 .functor MUXZ 6, L_000001d6f6bdd0b0, L_000001d6f6bdddd0, L_000001d6f6bdc6b0, C4<>;
S_000001d6f69d6050 .scope generate, "mag_sign[4]" "mag_sign[4]" 3 69, 3 69 0, S_000001d6f6b2d030;
 .timescale -9 -12;
P_000001d6f6b22140 .param/l "gi" 0 3 69, +C4<0100>;
L_000001d6f6b16c00 .functor NOT 6, L_000001d6f6bddab0, C4<000000>, C4<000000>, C4<000000>;
L_000001d6f6b94638 .functor BUFT 1, C4<000001>, C4<0>, C4<0>, C4<0>;
v000001d6f6b17f70_0 .net/2u *"_ivl_11", 5 0, L_000001d6f6b94638;  1 drivers
v000001d6f6b18010_0 .net *"_ivl_13", 5 0, L_000001d6f6bdc570;  1 drivers
v000001d6f6b180b0_0 .net *"_ivl_17", 5 0, L_000001d6f6bdd790;  1 drivers
v000001d6f6b18bf0_0 .net *"_ivl_8", 5 0, L_000001d6f6bddab0;  1 drivers
v000001d6f6b181f0_0 .net *"_ivl_9", 5 0, L_000001d6f6b16c00;  1 drivers
L_000001d6f6bdd470 .part L_000001d6f6b91680, 6, 1;
L_000001d6f6bddab0 .part L_000001d6f6b91680, 0, 6;
L_000001d6f6bdc570 .arith/sum 6, L_000001d6f6b16c00, L_000001d6f6b94638;
L_000001d6f6bdd790 .part L_000001d6f6b91680, 0, 6;
L_000001d6f6bdd5b0 .functor MUXZ 6, L_000001d6f6bdd790, L_000001d6f6bdc570, L_000001d6f6bdd470, C4<>;
S_000001d6f69d61e0 .scope generate, "mag_sign[5]" "mag_sign[5]" 3 69, 3 69 0, S_000001d6f6b2d030;
 .timescale -9 -12;
P_000001d6f6b22600 .param/l "gi" 0 3 69, +C4<0101>;
L_000001d6f6b16c70 .functor NOT 6, L_000001d6f6bdd3d0, C4<000000>, C4<000000>, C4<000000>;
L_000001d6f6b94680 .functor BUFT 1, C4<000001>, C4<0>, C4<0>, C4<0>;
v000001d6f6b18330_0 .net/2u *"_ivl_11", 5 0, L_000001d6f6b94680;  1 drivers
v000001d6f6b18fb0_0 .net *"_ivl_13", 5 0, L_000001d6f6bde050;  1 drivers
v000001d6f6b18510_0 .net *"_ivl_17", 5 0, L_000001d6f6bdcc50;  1 drivers
v000001d6f6b190f0_0 .net *"_ivl_8", 5 0, L_000001d6f6bdd3d0;  1 drivers
v000001d6f6b185b0_0 .net *"_ivl_9", 5 0, L_000001d6f6b16c70;  1 drivers
L_000001d6f6bddb50 .part L_000001d6f6b92800, 6, 1;
L_000001d6f6bdd3d0 .part L_000001d6f6b92800, 0, 6;
L_000001d6f6bde050 .arith/sum 6, L_000001d6f6b16c70, L_000001d6f6b94680;
L_000001d6f6bdcc50 .part L_000001d6f6b92800, 0, 6;
L_000001d6f6bdc890 .functor MUXZ 6, L_000001d6f6bdcc50, L_000001d6f6bde050, L_000001d6f6bddb50, C4<>;
S_000001d6f69d6370 .scope generate, "mag_sign[6]" "mag_sign[6]" 3 69, 3 69 0, S_000001d6f6b2d030;
 .timescale -9 -12;
P_000001d6f6b22a00 .param/l "gi" 0 3 69, +C4<0110>;
L_000001d6f6b16ce0 .functor NOT 6, L_000001d6f6bddf10, C4<000000>, C4<000000>, C4<000000>;
L_000001d6f6b946c8 .functor BUFT 1, C4<000001>, C4<0>, C4<0>, C4<0>;
v000001d6f6b18650_0 .net/2u *"_ivl_11", 5 0, L_000001d6f6b946c8;  1 drivers
v000001d6f6b186f0_0 .net *"_ivl_13", 5 0, L_000001d6f6bdd150;  1 drivers
v000001d6f6b19050_0 .net *"_ivl_17", 5 0, L_000001d6f6bdc7f0;  1 drivers
v000001d6f6b18790_0 .net *"_ivl_8", 5 0, L_000001d6f6bddf10;  1 drivers
v000001d6f6b18830_0 .net *"_ivl_9", 5 0, L_000001d6f6b16ce0;  1 drivers
L_000001d6f6bddd30 .part L_000001d6f6b92f80, 6, 1;
L_000001d6f6bddf10 .part L_000001d6f6b92f80, 0, 6;
L_000001d6f6bdd150 .arith/sum 6, L_000001d6f6b16ce0, L_000001d6f6b946c8;
L_000001d6f6bdc7f0 .part L_000001d6f6b92f80, 0, 6;
L_000001d6f6bdc930 .functor MUXZ 6, L_000001d6f6bdc7f0, L_000001d6f6bdd150, L_000001d6f6bddd30, C4<>;
S_000001d6f6b32d70 .scope generate, "mag_sign[7]" "mag_sign[7]" 3 69, 3 69 0, S_000001d6f6b2d030;
 .timescale -9 -12;
P_000001d6f6b223c0 .param/l "gi" 0 3 69, +C4<0111>;
L_000001d6f6b16ab0 .functor NOT 6, L_000001d6f6bdd830, C4<000000>, C4<000000>, C4<000000>;
L_000001d6f6b94710 .functor BUFT 1, C4<000001>, C4<0>, C4<0>, C4<0>;
v000001d6f6b18dd0_0 .net/2u *"_ivl_11", 5 0, L_000001d6f6b94710;  1 drivers
v000001d6f6b18ab0_0 .net *"_ivl_13", 5 0, L_000001d6f6bdcd90;  1 drivers
v000001d6f6b18b50_0 .net *"_ivl_17", 5 0, L_000001d6f6bde2d0;  1 drivers
v000001d6f6b18d30_0 .net *"_ivl_8", 5 0, L_000001d6f6bdd830;  1 drivers
v000001d6f6b19190_0 .net *"_ivl_9", 5 0, L_000001d6f6b16ab0;  1 drivers
L_000001d6f6bdc610 .part L_000001d6f6b91e00, 6, 1;
L_000001d6f6bdd830 .part L_000001d6f6b91e00, 0, 6;
L_000001d6f6bdcd90 .arith/sum 6, L_000001d6f6b16ab0, L_000001d6f6b94710;
L_000001d6f6bde2d0 .part L_000001d6f6b91e00, 0, 6;
L_000001d6f6bdd1f0 .functor MUXZ 6, L_000001d6f6bde2d0, L_000001d6f6bdcd90, L_000001d6f6bdc610, C4<>;
S_000001d6f6b32f00 .scope generate, "mag_sign[8]" "mag_sign[8]" 3 69, 3 69 0, S_000001d6f6b2d030;
 .timescale -9 -12;
P_000001d6f6b22300 .param/l "gi" 0 3 69, +C4<01000>;
L_000001d6f6b17140 .functor NOT 6, L_000001d6f6bdce30, C4<000000>, C4<000000>, C4<000000>;
L_000001d6f6b94758 .functor BUFT 1, C4<000001>, C4<0>, C4<0>, C4<0>;
v000001d6f6b19410_0 .net/2u *"_ivl_11", 5 0, L_000001d6f6b94758;  1 drivers
v000001d6f6b194b0_0 .net *"_ivl_13", 5 0, L_000001d6f6bde0f0;  1 drivers
v000001d6f6b195f0_0 .net *"_ivl_17", 5 0, L_000001d6f6bdd510;  1 drivers
v000001d6f6b8ef80_0 .net *"_ivl_8", 5 0, L_000001d6f6bdce30;  1 drivers
v000001d6f6b8f5c0_0 .net *"_ivl_9", 5 0, L_000001d6f6b17140;  1 drivers
L_000001d6f6bdccf0 .part L_000001d6f6b92260, 6, 1;
L_000001d6f6bdce30 .part L_000001d6f6b92260, 0, 6;
L_000001d6f6bde0f0 .arith/sum 6, L_000001d6f6b17140, L_000001d6f6b94758;
L_000001d6f6bdd510 .part L_000001d6f6b92260, 0, 6;
L_000001d6f6bdd650 .functor MUXZ 6, L_000001d6f6bdd510, L_000001d6f6bde0f0, L_000001d6f6bdccf0, C4<>;
S_000001d6f6b33090 .scope generate, "mag_sign[9]" "mag_sign[9]" 3 69, 3 69 0, S_000001d6f6b2d030;
 .timescale -9 -12;
P_000001d6f6b21f00 .param/l "gi" 0 3 69, +C4<01001>;
L_000001d6f6b16880 .functor NOT 6, L_000001d6f6bdcf70, C4<000000>, C4<000000>, C4<000000>;
L_000001d6f6b947a0 .functor BUFT 1, C4<000001>, C4<0>, C4<0>, C4<0>;
v000001d6f6b8fde0_0 .net/2u *"_ivl_11", 5 0, L_000001d6f6b947a0;  1 drivers
v000001d6f6b8fac0_0 .net *"_ivl_13", 5 0, L_000001d6f6bdd010;  1 drivers
v000001d6f6b8e3a0_0 .net *"_ivl_17", 5 0, L_000001d6f6bde370;  1 drivers
v000001d6f6b8ffc0_0 .net *"_ivl_8", 5 0, L_000001d6f6bdcf70;  1 drivers
v000001d6f6b8e580_0 .net *"_ivl_9", 5 0, L_000001d6f6b16880;  1 drivers
L_000001d6f6bdced0 .part L_000001d6f6b91860, 6, 1;
L_000001d6f6bdcf70 .part L_000001d6f6b91860, 0, 6;
L_000001d6f6bdd010 .arith/sum 6, L_000001d6f6b16880, L_000001d6f6b947a0;
L_000001d6f6bde370 .part L_000001d6f6b91860, 0, 6;
L_000001d6f6bdc9d0 .functor MUXZ 6, L_000001d6f6bde370, L_000001d6f6bdd010, L_000001d6f6bdced0, C4<>;
S_000001d6f6b357e0 .scope generate, "unpack[0]" "unpack[0]" 3 55, 3 55 0, S_000001d6f6b2d030;
 .timescale -9 -12;
P_000001d6f6b21f40 .param/l "gi" 0 3 55, +C4<00>;
S_000001d6f6b35970 .scope generate, "unpack[1]" "unpack[1]" 3 55, 3 55 0, S_000001d6f6b2d030;
 .timescale -9 -12;
P_000001d6f6b22080 .param/l "gi" 0 3 55, +C4<01>;
S_000001d6f6b35b00 .scope generate, "unpack[2]" "unpack[2]" 3 55, 3 55 0, S_000001d6f6b2d030;
 .timescale -9 -12;
P_000001d6f6b22640 .param/l "gi" 0 3 55, +C4<010>;
S_000001d6f6b35c90 .scope generate, "unpack[3]" "unpack[3]" 3 55, 3 55 0, S_000001d6f6b2d030;
 .timescale -9 -12;
P_000001d6f6b22a80 .param/l "gi" 0 3 55, +C4<011>;
S_000001d6f6b90c20 .scope generate, "unpack[4]" "unpack[4]" 3 55, 3 55 0, S_000001d6f6b2d030;
 .timescale -9 -12;
P_000001d6f6b22800 .param/l "gi" 0 3 55, +C4<0100>;
S_000001d6f6b90db0 .scope generate, "unpack[5]" "unpack[5]" 3 55, 3 55 0, S_000001d6f6b2d030;
 .timescale -9 -12;
P_000001d6f6b22b80 .param/l "gi" 0 3 55, +C4<0101>;
S_000001d6f6b90f40 .scope generate, "unpack[6]" "unpack[6]" 3 55, 3 55 0, S_000001d6f6b2d030;
 .timescale -9 -12;
P_000001d6f6b22880 .param/l "gi" 0 3 55, +C4<0110>;
S_000001d6f6b90900 .scope generate, "unpack[7]" "unpack[7]" 3 55, 3 55 0, S_000001d6f6b2d030;
 .timescale -9 -12;
P_000001d6f6b22380 .param/l "gi" 0 3 55, +C4<0111>;
S_000001d6f6b90a90 .scope generate, "unpack[8]" "unpack[8]" 3 55, 3 55 0, S_000001d6f6b2d030;
 .timescale -9 -12;
P_000001d6f6b228c0 .param/l "gi" 0 3 55, +C4<01000>;
S_000001d6f6b90130 .scope generate, "unpack[9]" "unpack[9]" 3 55, 3 55 0, S_000001d6f6b2d030;
 .timescale -9 -12;
P_000001d6f6b22900 .param/l "gi" 0 3 55, +C4<01001>;
S_000001d6f6b905e0 .scope task, "golden_iams" "golden_iams" 2 79, 2 79 0, S_000001d6f6b2e270;
 .timescale -9 -12;
v000001d6f6b8f340_0 .var "alpha_mag", 5 0;
v000001d6f6b8fca0_0 .var "delta", 5 0;
v000001d6f6b8e300_0 .var/i "idx1", 31 0;
v000001d6f6b8f020_0 .var/i "idx2", 31 0;
v000001d6f6b8f700_0 .var/i "ii", 31 0;
v000001d6f6b8e760_0 .var "inp", 69 0;
v000001d6f6b8f7a0_0 .var/i "jj", 31 0;
v000001d6f6b8eee0 .array "mag_i", 9 0, 5 0;
v000001d6f6b8f3e0_0 .var "min1", 5 0;
v000001d6f6b8ea80_0 .var "min2", 5 0;
v000001d6f6b8f0c0 .array/s "msg_i", 9 0, 6 0;
v000001d6f6b8e800_0 .var/s "out_msg", 6 0;
v000001d6f6b8f8e0_0 .var "out_sign", 0 0;
v000001d6f6b8eb20_0 .var "outp", 69 0;
v000001d6f6b8ebc0 .array "sgn_i", 9 0, 0 0;
v000001d6f6b8f840_0 .var "sign_total", 0 0;
v000001d6f6b8ed00_0 .var/s "temp", 6 0;
TD_tb_cnu_iams.golden_iams ;
    %pushi/vec4 0, 0, 32;
    %store/vec4 v000001d6f6b8f700_0, 0, 32;
T_1.6 ;
    %load/vec4 v000001d6f6b8f700_0;
    %cmpi/s 10, 0, 32;
    %jmp/0xz T_1.7, 5;
    %load/vec4 v000001d6f6b8e760_0;
    %load/vec4 v000001d6f6b8f700_0;
    %muli 7, 0, 32;
    %part/s 7;
    %ix/getv/s 4, v000001d6f6b8f700_0;
    %store/vec4a v000001d6f6b8f0c0, 4, 0;
    %ix/getv/s 4, v000001d6f6b8f700_0;
    %load/vec4a v000001d6f6b8f0c0, 4;
    %parti/s 1, 6, 4;
    %ix/getv/s 4, v000001d6f6b8f700_0;
    %store/vec4a v000001d6f6b8ebc0, 4, 0;
    %ix/getv/s 4, v000001d6f6b8f700_0;
    %load/vec4a v000001d6f6b8ebc0, 4;
    %flag_set/vec4 8;
    %jmp/0 T_1.8, 8;
    %ix/getv/s 4, v000001d6f6b8f700_0;
    %load/vec4a v000001d6f6b8f0c0, 4;
    %parti/s 6, 0, 2;
    %inv;
    %addi 1, 0, 6;
    %jmp/1 T_1.9, 8;
T_1.8 ; End of true expr.
    %ix/getv/s 4, v000001d6f6b8f700_0;
    %load/vec4a v000001d6f6b8f0c0, 4;
    %parti/s 6, 0, 2;
    %jmp/0 T_1.9, 8;
 ; End of false expr.
    %blend;
T_1.9;
    %ix/getv/s 4, v000001d6f6b8f700_0;
    %store/vec4a v000001d6f6b8eee0, 4, 0;
    %load/vec4 v000001d6f6b8f700_0;
    %addi 1, 0, 32;
    %store/vec4 v000001d6f6b8f700_0, 0, 32;
    %jmp T_1.6;
T_1.7 ;
    %pushi/vec4 0, 0, 1;
    %store/vec4 v000001d6f6b8f840_0, 0, 1;
    %pushi/vec4 0, 0, 32;
    %store/vec4 v000001d6f6b8f700_0, 0, 32;
T_1.10 ;
    %load/vec4 v000001d6f6b8f700_0;
    %cmpi/s 10, 0, 32;
    %jmp/0xz T_1.11, 5;
    %load/vec4 v000001d6f6b8f840_0;
    %ix/getv/s 4, v000001d6f6b8f700_0;
    %load/vec4a v000001d6f6b8ebc0, 4;
    %xor;
    %store/vec4 v000001d6f6b8f840_0, 0, 1;
    %load/vec4 v000001d6f6b8f700_0;
    %addi 1, 0, 32;
    %store/vec4 v000001d6f6b8f700_0, 0, 32;
    %jmp T_1.10;
T_1.11 ;
    %pushi/vec4 63, 0, 6;
    %store/vec4 v000001d6f6b8f3e0_0, 0, 6;
    %pushi/vec4 63, 0, 6;
    %store/vec4 v000001d6f6b8ea80_0, 0, 6;
    %pushi/vec4 0, 0, 32;
    %store/vec4 v000001d6f6b8e300_0, 0, 32;
    %pushi/vec4 0, 0, 32;
    %store/vec4 v000001d6f6b8f020_0, 0, 32;
    %pushi/vec4 0, 0, 32;
    %store/vec4 v000001d6f6b8f700_0, 0, 32;
T_1.12 ;
    %load/vec4 v000001d6f6b8f700_0;
    %cmpi/s 10, 0, 32;
    %jmp/0xz T_1.13, 5;
    %ix/getv/s 4, v000001d6f6b8f700_0;
    %load/vec4a v000001d6f6b8eee0, 4;
    %load/vec4 v000001d6f6b8f3e0_0;
    %cmp/u;
    %flag_or 5, 4;
    %jmp/0xz  T_1.14, 5;
    %load/vec4 v000001d6f6b8f3e0_0;
    %store/vec4 v000001d6f6b8ea80_0, 0, 6;
    %load/vec4 v000001d6f6b8e300_0;
    %store/vec4 v000001d6f6b8f020_0, 0, 32;
    %ix/getv/s 4, v000001d6f6b8f700_0;
    %load/vec4a v000001d6f6b8eee0, 4;
    %store/vec4 v000001d6f6b8f3e0_0, 0, 6;
    %load/vec4 v000001d6f6b8f700_0;
    %store/vec4 v000001d6f6b8e300_0, 0, 32;
    %jmp T_1.15;
T_1.14 ;
    %ix/getv/s 4, v000001d6f6b8f700_0;
    %load/vec4a v000001d6f6b8eee0, 4;
    %load/vec4 v000001d6f6b8ea80_0;
    %cmp/u;
    %jmp/0xz  T_1.16, 5;
    %ix/getv/s 4, v000001d6f6b8f700_0;
    %load/vec4a v000001d6f6b8eee0, 4;
    %store/vec4 v000001d6f6b8ea80_0, 0, 6;
    %load/vec4 v000001d6f6b8f700_0;
    %store/vec4 v000001d6f6b8f020_0, 0, 32;
T_1.16 ;
T_1.15 ;
    %load/vec4 v000001d6f6b8f700_0;
    %addi 1, 0, 32;
    %store/vec4 v000001d6f6b8f700_0, 0, 32;
    %jmp T_1.12;
T_1.13 ;
    %load/vec4 v000001d6f6b8f3e0_0;
    %load/vec4 v000001d6f6b8ea80_0;
    %cmp/u;
    %flag_or 5, 4;
    %flag_mov 8, 5;
    %jmp/0 T_1.18, 8;
    %load/vec4 v000001d6f6b8ea80_0;
    %load/vec4 v000001d6f6b8f3e0_0;
    %sub;
    %jmp/1 T_1.19, 8;
T_1.18 ; End of true expr.
    %pushi/vec4 0, 0, 6;
    %jmp/0 T_1.19, 8;
 ; End of false expr.
    %blend;
T_1.19;
    %store/vec4 v000001d6f6b8fca0_0, 0, 6;
    %pushi/vec4 0, 0, 32;
    %store/vec4 v000001d6f6b8f7a0_0, 0, 32;
T_1.20 ;
    %load/vec4 v000001d6f6b8f7a0_0;
    %cmpi/s 10, 0, 32;
    %jmp/0xz T_1.21, 5;
    %load/vec4 v000001d6f6b8f840_0;
    %ix/getv/s 4, v000001d6f6b8f7a0_0;
    %load/vec4a v000001d6f6b8ebc0, 4;
    %xor;
    %store/vec4 v000001d6f6b8f8e0_0, 0, 1;
    %load/vec4 v000001d6f6b8f7a0_0;
    %load/vec4 v000001d6f6b8e300_0;
    %cmp/e;
    %jmp/0xz  T_1.22, 4;
    %load/vec4 v000001d6f6b8ea80_0;
    %store/vec4 v000001d6f6b8f340_0, 0, 6;
    %jmp T_1.23;
T_1.22 ;
    %load/vec4 v000001d6f6b8f7a0_0;
    %load/vec4 v000001d6f6b8f020_0;
    %cmp/e;
    %jmp/0xz  T_1.24, 4;
    %load/vec4 v000001d6f6b8f3e0_0;
    %store/vec4 v000001d6f6b8f340_0, 0, 6;
    %jmp T_1.25;
T_1.24 ;
    %load/vec4 v000001d6f6b8fca0_0;
    %pad/u 32;
    %cmpi/e 0, 0, 32;
    %jmp/0xz  T_1.26, 4;
    %load/vec4 v000001d6f6b8f3e0_0;
    %pad/u 32;
    %cmpi/u 0, 0, 32;
    %flag_or 5, 4; GT is !LE
    %flag_inv 5;
    %flag_mov 8, 5;
    %jmp/0 T_1.28, 8;
    %load/vec4 v000001d6f6b8f3e0_0;
    %subi 1, 0, 6;
    %jmp/1 T_1.29, 8;
T_1.28 ; End of true expr.
    %pushi/vec4 0, 0, 6;
    %jmp/0 T_1.29, 8;
 ; End of false expr.
    %blend;
T_1.29;
    %store/vec4 v000001d6f6b8f340_0, 0, 6;
    %jmp T_1.27;
T_1.26 ;
    %load/vec4 v000001d6f6b8f3e0_0;
    %store/vec4 v000001d6f6b8f340_0, 0, 6;
T_1.27 ;
T_1.25 ;
T_1.23 ;
    %load/vec4 v000001d6f6b8f340_0;
    %pad/u 32;
    %cmpi/e 0, 0, 32;
    %jmp/0xz  T_1.30, 4;
    %pushi/vec4 0, 0, 7;
    %store/vec4 v000001d6f6b8e800_0, 0, 7;
    %jmp T_1.31;
T_1.30 ;
    %load/vec4 v000001d6f6b8f8e0_0;
    %flag_set/vec4 8;
    %jmp/0xz  T_1.32, 8;
    %load/vec4 v000001d6f6b8f340_0;
    %pad/u 7;
    %inv;
    %addi 1, 0, 7;
    %store/vec4 v000001d6f6b8ed00_0, 0, 7;
    %pushi/vec4 1, 0, 1;
    %load/vec4 v000001d6f6b8ed00_0;
    %concat/vec4; draw_concat_vec4
    %pad/u 7;
    %store/vec4 v000001d6f6b8e800_0, 0, 7;
    %jmp T_1.33;
T_1.32 ;
    %pushi/vec4 0, 0, 1;
    %load/vec4 v000001d6f6b8f340_0;
    %concat/vec4; draw_concat_vec4
    %store/vec4 v000001d6f6b8e800_0, 0, 7;
T_1.33 ;
T_1.31 ;
    %load/vec4 v000001d6f6b8e800_0;
    %load/vec4 v000001d6f6b8f7a0_0;
    %muli 7, 0, 32;
    %ix/vec4/s 4;
    %store/vec4 v000001d6f6b8eb20_0, 4, 7;
    %load/vec4 v000001d6f6b8f7a0_0;
    %addi 1, 0, 32;
    %store/vec4 v000001d6f6b8f7a0_0, 0, 32;
    %jmp T_1.20;
T_1.21 ;
    %end;
S_000001d6f6b90450 .scope task, "pack_msgs" "pack_msgs" 2 60, 2 60 0, S_000001d6f6b2e270;
 .timescale -9 -12;
v000001d6f6b8f200_0 .var/s "m0", 6 0;
v000001d6f6b93160_0 .var/s "m1", 6 0;
v000001d6f6b93020_0 .var/s "m2", 6 0;
v000001d6f6b91540_0 .var/s "m3", 6 0;
v000001d6f6b91f40_0 .var/s "m4", 6 0;
v000001d6f6b92b20_0 .var/s "m5", 6 0;
v000001d6f6b915e0_0 .var/s "m6", 6 0;
v000001d6f6b91ea0_0 .var/s "m7", 6 0;
v000001d6f6b917c0_0 .var/s "m8", 6 0;
v000001d6f6b93200_0 .var/s "m9", 6 0;
TD_tb_cnu_iams.pack_msgs ;
    %load/vec4 v000001d6f6b8f200_0;
    %ix/load 4, 0, 0;
    %flag_set/imm 4, 0;
    %store/vec4 v000001d6f6b91fe0_0, 4, 7;
    %load/vec4 v000001d6f6b93160_0;
    %ix/load 4, 7, 0;
    %flag_set/imm 4, 0;
    %store/vec4 v000001d6f6b91fe0_0, 4, 7;
    %load/vec4 v000001d6f6b93020_0;
    %ix/load 4, 14, 0;
    %flag_set/imm 4, 0;
    %store/vec4 v000001d6f6b91fe0_0, 4, 7;
    %load/vec4 v000001d6f6b91540_0;
    %ix/load 4, 21, 0;
    %flag_set/imm 4, 0;
    %store/vec4 v000001d6f6b91fe0_0, 4, 7;
    %load/vec4 v000001d6f6b91f40_0;
    %ix/load 4, 28, 0;
    %flag_set/imm 4, 0;
    %store/vec4 v000001d6f6b91fe0_0, 4, 7;
    %load/vec4 v000001d6f6b92b20_0;
    %ix/load 4, 35, 0;
    %flag_set/imm 4, 0;
    %store/vec4 v000001d6f6b91fe0_0, 4, 7;
    %load/vec4 v000001d6f6b915e0_0;
    %ix/load 4, 42, 0;
    %flag_set/imm 4, 0;
    %store/vec4 v000001d6f6b91fe0_0, 4, 7;
    %load/vec4 v000001d6f6b91ea0_0;
    %ix/load 4, 49, 0;
    %flag_set/imm 4, 0;
    %store/vec4 v000001d6f6b91fe0_0, 4, 7;
    %load/vec4 v000001d6f6b917c0_0;
    %ix/load 4, 56, 0;
    %flag_set/imm 4, 0;
    %store/vec4 v000001d6f6b91fe0_0, 4, 7;
    %load/vec4 v000001d6f6b93200_0;
    %ix/load 4, 63, 0;
    %flag_set/imm 4, 0;
    %store/vec4 v000001d6f6b91fe0_0, 4, 7;
    %end;
    .scope S_000001d6f6b2d030;
T_3 ;
    %wait E_000001d6f6b21d00;
    %pushi/vec4 0, 0, 1;
    %store/vec4 v000001d6f6b8e9e0_0, 0, 1;
    %pushi/vec4 0, 0, 32;
    %store/vec4 v000001d6f6b8ee40_0, 0, 32;
T_3.0 ;
    %load/vec4 v000001d6f6b8ee40_0;
    %cmpi/s 10, 0, 32;
    %jmp/0xz T_3.1, 5;
    %load/vec4 v000001d6f6b8e9e0_0;
    %ix/getv/s 4, v000001d6f6b8ee40_0;
    %load/vec4a v000001d6f6b8ff20, 4;
    %xor;
    %store/vec4 v000001d6f6b8e9e0_0, 0, 1;
    %load/vec4 v000001d6f6b8ee40_0;
    %addi 1, 0, 32;
    %store/vec4 v000001d6f6b8ee40_0, 0, 32;
    %jmp T_3.0;
T_3.1 ;
    %jmp T_3;
    .thread T_3, $push;
    .scope S_000001d6f6b2d030;
T_4 ;
    %wait E_000001d6f6b21fc0;
    %pushi/vec4 63, 0, 6;
    %store/vec4 v000001d6f6b8e1c0_0, 0, 6;
    %pushi/vec4 63, 0, 6;
    %store/vec4 v000001d6f6b8f980_0, 0, 6;
    %pushi/vec4 0, 0, 4;
    %store/vec4 v000001d6f6b8e120_0, 0, 4;
    %pushi/vec4 0, 0, 4;
    %store/vec4 v000001d6f6b8f160_0, 0, 4;
    %pushi/vec4 0, 0, 32;
    %store/vec4 v000001d6f6b8fe80_0, 0, 32;
T_4.0 ;
    %load/vec4 v000001d6f6b8fe80_0;
    %cmpi/s 10, 0, 32;
    %jmp/0xz T_4.1, 5;
    %ix/getv/s 4, v000001d6f6b8fe80_0;
    %load/vec4a v000001d6f6b8ec60, 4;
    %load/vec4 v000001d6f6b8e1c0_0;
    %cmp/u;
    %flag_or 5, 4;
    %jmp/0xz  T_4.2, 5;
    %load/vec4 v000001d6f6b8e1c0_0;
    %store/vec4 v000001d6f6b8f980_0, 0, 6;
    %load/vec4 v000001d6f6b8e120_0;
    %store/vec4 v000001d6f6b8f160_0, 0, 4;
    %ix/getv/s 4, v000001d6f6b8fe80_0;
    %load/vec4a v000001d6f6b8ec60, 4;
    %store/vec4 v000001d6f6b8e1c0_0, 0, 6;
    %load/vec4 v000001d6f6b8fe80_0;
    %parti/s 4, 0, 2;
    %store/vec4 v000001d6f6b8e120_0, 0, 4;
    %jmp T_4.3;
T_4.2 ;
    %ix/getv/s 4, v000001d6f6b8fe80_0;
    %load/vec4a v000001d6f6b8ec60, 4;
    %load/vec4 v000001d6f6b8f980_0;
    %cmp/u;
    %jmp/0xz  T_4.4, 5;
    %ix/getv/s 4, v000001d6f6b8fe80_0;
    %load/vec4a v000001d6f6b8ec60, 4;
    %store/vec4 v000001d6f6b8f980_0, 0, 6;
    %load/vec4 v000001d6f6b8fe80_0;
    %parti/s 4, 0, 2;
    %store/vec4 v000001d6f6b8f160_0, 0, 4;
T_4.4 ;
T_4.3 ;
    %load/vec4 v000001d6f6b8fe80_0;
    %addi 1, 0, 32;
    %store/vec4 v000001d6f6b8fe80_0, 0, 32;
    %jmp T_4.0;
T_4.1 ;
    %jmp T_4;
    .thread T_4, $push;
    .scope S_000001d6f6b2d030;
T_5 ;
    %wait E_000001d6f6b222c0;
    %pushi/vec4 0, 0, 32;
    %store/vec4 v000001d6f6b8e440_0, 0, 32;
T_5.0 ;
    %load/vec4 v000001d6f6b8e440_0;
    %cmpi/s 10, 0, 32;
    %jmp/0xz T_5.1, 5;
    %load/vec4 v000001d6f6b8e9e0_0;
    %ix/getv/s 4, v000001d6f6b8e440_0;
    %load/vec4a v000001d6f6b8ff20, 4;
    %xor;
    %store/vec4 v000001d6f6b8e4e0_0, 0, 1;
    %load/vec4 v000001d6f6b8e440_0;
    %parti/s 4, 0, 2;
    %load/vec4 v000001d6f6b8e120_0;
    %cmp/e;
    %jmp/0xz  T_5.2, 4;
    %load/vec4 v000001d6f6b8f980_0;
    %store/vec4 v000001d6f6b8f660_0, 0, 6;
    %jmp T_5.3;
T_5.2 ;
    %load/vec4 v000001d6f6b8e440_0;
    %parti/s 4, 0, 2;
    %load/vec4 v000001d6f6b8f160_0;
    %cmp/e;
    %jmp/0xz  T_5.4, 4;
    %load/vec4 v000001d6f6b8e1c0_0;
    %store/vec4 v000001d6f6b8f660_0, 0, 6;
    %jmp T_5.5;
T_5.4 ;
    %load/vec4 v000001d6f6b8fd40_0;
    %cmpi/e 0, 0, 6;
    %jmp/0xz  T_5.6, 4;
    %load/vec4 v000001d6f6b8e1c0_0;
    %cmpi/u 1, 0, 6;
    %flag_or 5, 4; GT is !LE
    %flag_inv 5;
    %flag_mov 8, 5;
    %jmp/0 T_5.8, 8;
    %load/vec4 v000001d6f6b8e1c0_0;
    %subi 1, 0, 6;
    %jmp/1 T_5.9, 8;
T_5.8 ; End of true expr.
    %pushi/vec4 0, 0, 6;
    %jmp/0 T_5.9, 8;
 ; End of false expr.
    %blend;
T_5.9;
    %store/vec4 v000001d6f6b8f660_0, 0, 6;
    %jmp T_5.7;
T_5.6 ;
    %load/vec4 v000001d6f6b8e1c0_0;
    %store/vec4 v000001d6f6b8f660_0, 0, 6;
T_5.7 ;
T_5.5 ;
T_5.3 ;
    %load/vec4 v000001d6f6b8f660_0;
    %cmpi/e 0, 0, 6;
    %jmp/0xz  T_5.10, 4;
    %pushi/vec4 0, 0, 7;
    %ix/getv/s 4, v000001d6f6b8e440_0;
    %store/vec4a v000001d6f6b8f520, 4, 0;
    %jmp T_5.11;
T_5.10 ;
    %load/vec4 v000001d6f6b8e4e0_0;
    %flag_set/vec4 8;
    %jmp/0xz  T_5.12, 8;
    %pushi/vec4 1, 0, 1;
    %load/vec4 v000001d6f6b8f660_0;
    %inv;
    %addi 1, 0, 6;
    %concat/vec4; draw_concat_vec4
    %ix/getv/s 4, v000001d6f6b8e440_0;
    %store/vec4a v000001d6f6b8f520, 4, 0;
    %jmp T_5.13;
T_5.12 ;
    %pushi/vec4 0, 0, 1;
    %load/vec4 v000001d6f6b8f660_0;
    %concat/vec4; draw_concat_vec4
    %ix/getv/s 4, v000001d6f6b8e440_0;
    %store/vec4a v000001d6f6b8f520, 4, 0;
T_5.13 ;
T_5.11 ;
    %load/vec4 v000001d6f6b8e440_0;
    %addi 1, 0, 32;
    %store/vec4 v000001d6f6b8e440_0, 0, 32;
    %jmp T_5.0;
T_5.1 ;
    %jmp T_5;
    .thread T_5, $push;
    .scope S_000001d6f6b2d030;
T_6 ;
    %wait E_000001d6f6b227c0;
    %load/vec4 v000001d6f6b8fa20_0;
    %nor/r;
    %flag_set/vec4 8;
    %jmp/0xz  T_6.0, 8;
    %pushi/vec4 0, 0, 70;
    %assign/vec4 v000001d6f6b8fb60_0, 0;
    %pushi/vec4 0, 0, 1;
    %assign/vec4 v000001d6f6b8f2a0_0, 0;
    %jmp T_6.1;
T_6.0 ;
    %load/vec4 v000001d6f6b8eda0_0;
    %assign/vec4 v000001d6f6b8f2a0_0, 0;
    %pushi/vec4 0, 0, 32;
    %store/vec4 v000001d6f6b8e260_0, 0, 32;
T_6.2 ;
    %load/vec4 v000001d6f6b8e260_0;
    %cmpi/s 10, 0, 32;
    %jmp/0xz T_6.3, 5;
    %ix/getv/s 4, v000001d6f6b8e260_0;
    %load/vec4a v000001d6f6b8f520, 4;
    %ix/load 5, 0, 0;
    %load/vec4 v000001d6f6b8e260_0;
    %muli 7, 0, 32;
    %ix/vec4/s 4;
    %assign/vec4/off/d v000001d6f6b8fb60_0, 4, 5;
    %load/vec4 v000001d6f6b8e260_0;
    %addi 1, 0, 32;
    %store/vec4 v000001d6f6b8e260_0, 0, 32;
    %jmp T_6.2;
T_6.3 ;
T_6.1 ;
    %jmp T_6;
    .thread T_6;
    .scope S_000001d6f6b2e270;
T_7 ;
    %pushi/vec4 0, 0, 1;
    %store/vec4 v000001d6f6b91720_0, 0, 1;
    %pushi/vec4 0, 0, 32;
    %store/vec4 v000001d6f6b91ae0_0, 0, 32;
    %pushi/vec4 0, 0, 32;
    %store/vec4 v000001d6f6b91a40_0, 0, 32;
    %pushi/vec4 42, 0, 32;
    %store/vec4 v000001d6f6b92c60_0, 0, 32;
    %end;
    .thread T_7;
    .scope S_000001d6f6b2e270;
T_8 ;
    %delay 5000, 0;
    %load/vec4 v000001d6f6b91720_0;
    %inv;
    %store/vec4 v000001d6f6b91720_0, 0, 1;
    %jmp T_8;
    .thread T_8;
    .scope S_000001d6f6b2e270;
T_9 ;
    %pushi/vec4 0, 0, 1;
    %store/vec4 v000001d6f6b92300_0, 0, 1;
    %delay 25000, 0;
    %pushi/vec4 1, 0, 1;
    %store/vec4 v000001d6f6b92300_0, 0, 1;
    %end;
    .thread T_9;
    .scope S_000001d6f6b2e270;
T_10 ;
    %pushi/vec4 0, 0, 1;
    %store/vec4 v000001d6f6b91cc0_0, 0, 1;
    %pushi/vec4 0, 0, 70;
    %store/vec4 v000001d6f6b91fe0_0, 0, 70;
    %wait E_000001d6f6b21f80;
    %wait E_000001d6f6b22680;
    %delay 1000, 0;
    %vpi_call 2 200 "$display", "=================================================================" {0 0 0};
    %vpi_call 2 201 "$display", "  IAMS CNU Testbench  (DC=%0d, QW=%0d)", P_000001d6f6b13ca0, P_000001d6f6b13d80 {0 0 0};
    %vpi_call 2 202 "$display", "=================================================================" {0 0 0};
    %wait E_000001d6f6b22680;
    %delay 1000, 0;
    %load/vec4 v000001d6f6b921c0_0;
    %cmpi/ne 0, 0, 1;
    %jmp/0xz  T_10.0, 6;
    %vpi_call 2 209 "$display", "[FAIL] T1: valid_out should be 0 after reset, got %0b", v000001d6f6b921c0_0 {0 0 0};
    %jmp T_10.1;
T_10.0 ;
    %vpi_call 2 211 "$display", "[PASS] T1: reset state correct" {0 0 0};
T_10.1 ;
    %pushi/vec4 0, 0, 7;
    %store/vec4 v000001d6f6b8f200_0, 0, 7;
    %pushi/vec4 0, 0, 7;
    %store/vec4 v000001d6f6b93160_0, 0, 7;
    %pushi/vec4 0, 0, 7;
    %store/vec4 v000001d6f6b93020_0, 0, 7;
    %pushi/vec4 0, 0, 7;
    %store/vec4 v000001d6f6b91540_0, 0, 7;
    %pushi/vec4 0, 0, 7;
    %store/vec4 v000001d6f6b91f40_0, 0, 7;
    %pushi/vec4 0, 0, 7;
    %store/vec4 v000001d6f6b92b20_0, 0, 7;
    %pushi/vec4 0, 0, 7;
    %store/vec4 v000001d6f6b915e0_0, 0, 7;
    %pushi/vec4 0, 0, 7;
    %store/vec4 v000001d6f6b91ea0_0, 0, 7;
    %pushi/vec4 0, 0, 7;
    %store/vec4 v000001d6f6b917c0_0, 0, 7;
    %pushi/vec4 0, 0, 7;
    %store/vec4 v000001d6f6b93200_0, 0, 7;
    %fork TD_tb_cnu_iams.pack_msgs, S_000001d6f6b90450;
    %join;
    %pushi/vec4 1, 0, 1;
    %store/vec4 v000001d6f6b91cc0_0, 0, 1;
    %wait E_000001d6f6b22680;
    %delay 1000, 0;
    %pushi/vec4 0, 0, 1;
    %store/vec4 v000001d6f6b91cc0_0, 0, 1;
    %wait E_000001d6f6b22680;
    %delay 1000, 0;
    %pushi/vec4 0, 0, 70;
    %store/vec4 v000001d6f6b8e760_0, 0, 70;
    %fork TD_tb_cnu_iams.golden_iams, S_000001d6f6b905e0;
    %join;
    %load/vec4 v000001d6f6b8eb20_0;
    %store/vec4 v000001d6f6b92120_0, 0, 70;
    %load/vec4 v000001d6f6b92e40_0;
    %store/vec4 v000001d6f6b19550_0, 0, 70;
    %load/vec4 v000001d6f6b92120_0;
    %store/vec4 v000001d6f6b19690_0, 0, 70;
    %pushi/vec4 2, 0, 64;
    %store/vec4 v000001d6f6b17c50_0, 0, 64;
    %fork TD_tb_cnu_iams.check_output, S_000001d6f6b2cea0;
    %join;
    %pushi/vec4 3, 0, 7;
    %store/vec4 v000001d6f6b8f200_0, 0, 7;
    %pushi/vec4 123, 0, 7;
    %store/vec4 v000001d6f6b93160_0, 0, 7;
    %pushi/vec4 2, 0, 7;
    %store/vec4 v000001d6f6b93020_0, 0, 7;
    %pushi/vec4 122, 0, 7;
    %store/vec4 v000001d6f6b91540_0, 0, 7;
    %pushi/vec4 4, 0, 7;
    %store/vec4 v000001d6f6b91f40_0, 0, 7;
    %pushi/vec4 126, 0, 7;
    %store/vec4 v000001d6f6b92b20_0, 0, 7;
    %pushi/vec4 1, 0, 7;
    %store/vec4 v000001d6f6b915e0_0, 0, 7;
    %pushi/vec4 124, 0, 7;
    %store/vec4 v000001d6f6b91ea0_0, 0, 7;
    %pushi/vec4 3, 0, 7;
    %store/vec4 v000001d6f6b917c0_0, 0, 7;
    %pushi/vec4 2, 0, 7;
    %store/vec4 v000001d6f6b93200_0, 0, 7;
    %fork TD_tb_cnu_iams.pack_msgs, S_000001d6f6b90450;
    %join;
    %pushi/vec4 1, 0, 1;
    %store/vec4 v000001d6f6b91cc0_0, 0, 1;
    %wait E_000001d6f6b22680;
    %delay 1000, 0;
    %pushi/vec4 0, 0, 1;
    %store/vec4 v000001d6f6b91cc0_0, 0, 1;
    %wait E_000001d6f6b22680;
    %delay 1000, 0;
    %pushi/vec4 3, 0, 7;
    %ix/load 4, 0, 0;
    %flag_set/imm 4, 0;
    %store/vec4 v000001d6f6b91b80_0, 4, 7;
    %pushi/vec4 123, 0, 7;
    %ix/load 4, 7, 0;
    %flag_set/imm 4, 0;
    %store/vec4 v000001d6f6b91b80_0, 4, 7;
    %pushi/vec4 2, 0, 7;
    %ix/load 4, 14, 0;
    %flag_set/imm 4, 0;
    %store/vec4 v000001d6f6b91b80_0, 4, 7;
    %pushi/vec4 122, 0, 7;
    %ix/load 4, 21, 0;
    %flag_set/imm 4, 0;
    %store/vec4 v000001d6f6b91b80_0, 4, 7;
    %pushi/vec4 4, 0, 7;
    %ix/load 4, 28, 0;
    %flag_set/imm 4, 0;
    %store/vec4 v000001d6f6b91b80_0, 4, 7;
    %pushi/vec4 126, 0, 7;
    %ix/load 4, 35, 0;
    %flag_set/imm 4, 0;
    %store/vec4 v000001d6f6b91b80_0, 4, 7;
    %pushi/vec4 1, 0, 7;
    %ix/load 4, 42, 0;
    %flag_set/imm 4, 0;
    %store/vec4 v000001d6f6b91b80_0, 4, 7;
    %pushi/vec4 124, 0, 7;
    %ix/load 4, 49, 0;
    %flag_set/imm 4, 0;
    %store/vec4 v000001d6f6b91b80_0, 4, 7;
    %pushi/vec4 3, 0, 7;
    %ix/load 4, 56, 0;
    %flag_set/imm 4, 0;
    %store/vec4 v000001d6f6b91b80_0, 4, 7;
    %pushi/vec4 2, 0, 7;
    %ix/load 4, 63, 0;
    %flag_set/imm 4, 0;
    %store/vec4 v000001d6f6b91b80_0, 4, 7;
    %load/vec4 v000001d6f6b91b80_0;
    %store/vec4 v000001d6f6b8e760_0, 0, 70;
    %fork TD_tb_cnu_iams.golden_iams, S_000001d6f6b905e0;
    %join;
    %load/vec4 v000001d6f6b8eb20_0;
    %store/vec4 v000001d6f6b92120_0, 0, 70;
    %load/vec4 v000001d6f6b92e40_0;
    %store/vec4 v000001d6f6b19550_0, 0, 70;
    %load/vec4 v000001d6f6b92120_0;
    %store/vec4 v000001d6f6b19690_0, 0, 70;
    %pushi/vec4 3, 0, 64;
    %store/vec4 v000001d6f6b17c50_0, 0, 64;
    %fork TD_tb_cnu_iams.check_output, S_000001d6f6b2cea0;
    %join;
    %pushi/vec4 2, 0, 7;
    %store/vec4 v000001d6f6b8f200_0, 0, 7;
    %pushi/vec4 126, 0, 7;
    %store/vec4 v000001d6f6b93160_0, 0, 7;
    %pushi/vec4 5, 0, 7;
    %store/vec4 v000001d6f6b93020_0, 0, 7;
    %pushi/vec4 120, 0, 7;
    %store/vec4 v000001d6f6b91540_0, 0, 7;
    %pushi/vec4 3, 0, 7;
    %store/vec4 v000001d6f6b91f40_0, 0, 7;
    %pushi/vec4 4, 0, 7;
    %store/vec4 v000001d6f6b92b20_0, 0, 7;
    %pushi/vec4 6, 0, 7;
    %store/vec4 v000001d6f6b915e0_0, 0, 7;
    %pushi/vec4 126, 0, 7;
    %store/vec4 v000001d6f6b91ea0_0, 0, 7;
    %pushi/vec4 7, 0, 7;
    %store/vec4 v000001d6f6b917c0_0, 0, 7;
    %pushi/vec4 3, 0, 7;
    %store/vec4 v000001d6f6b93200_0, 0, 7;
    %fork TD_tb_cnu_iams.pack_msgs, S_000001d6f6b90450;
    %join;
    %pushi/vec4 1, 0, 1;
    %store/vec4 v000001d6f6b91cc0_0, 0, 1;
    %wait E_000001d6f6b22680;
    %delay 1000, 0;
    %pushi/vec4 0, 0, 1;
    %store/vec4 v000001d6f6b91cc0_0, 0, 1;
    %wait E_000001d6f6b22680;
    %delay 1000, 0;
    %pushi/vec4 2, 0, 7;
    %ix/load 4, 0, 0;
    %flag_set/imm 4, 0;
    %store/vec4 v000001d6f6b92a80_0, 4, 7;
    %pushi/vec4 126, 0, 7;
    %ix/load 4, 7, 0;
    %flag_set/imm 4, 0;
    %store/vec4 v000001d6f6b92a80_0, 4, 7;
    %pushi/vec4 5, 0, 7;
    %ix/load 4, 14, 0;
    %flag_set/imm 4, 0;
    %store/vec4 v000001d6f6b92a80_0, 4, 7;
    %pushi/vec4 120, 0, 7;
    %ix/load 4, 21, 0;
    %flag_set/imm 4, 0;
    %store/vec4 v000001d6f6b92a80_0, 4, 7;
    %pushi/vec4 3, 0, 7;
    %ix/load 4, 28, 0;
    %flag_set/imm 4, 0;
    %store/vec4 v000001d6f6b92a80_0, 4, 7;
    %pushi/vec4 4, 0, 7;
    %ix/load 4, 35, 0;
    %flag_set/imm 4, 0;
    %store/vec4 v000001d6f6b92a80_0, 4, 7;
    %pushi/vec4 6, 0, 7;
    %ix/load 4, 42, 0;
    %flag_set/imm 4, 0;
    %store/vec4 v000001d6f6b92a80_0, 4, 7;
    %pushi/vec4 126, 0, 7;
    %ix/load 4, 49, 0;
    %flag_set/imm 4, 0;
    %store/vec4 v000001d6f6b92a80_0, 4, 7;
    %pushi/vec4 7, 0, 7;
    %ix/load 4, 56, 0;
    %flag_set/imm 4, 0;
    %store/vec4 v000001d6f6b92a80_0, 4, 7;
    %pushi/vec4 3, 0, 7;
    %ix/load 4, 63, 0;
    %flag_set/imm 4, 0;
    %store/vec4 v000001d6f6b92a80_0, 4, 7;
    %load/vec4 v000001d6f6b92a80_0;
    %store/vec4 v000001d6f6b8e760_0, 0, 70;
    %fork TD_tb_cnu_iams.golden_iams, S_000001d6f6b905e0;
    %join;
    %load/vec4 v000001d6f6b8eb20_0;
    %store/vec4 v000001d6f6b92120_0, 0, 70;
    %load/vec4 v000001d6f6b92e40_0;
    %store/vec4 v000001d6f6b19550_0, 0, 70;
    %load/vec4 v000001d6f6b92120_0;
    %store/vec4 v000001d6f6b19690_0, 0, 70;
    %pushi/vec4 4, 0, 64;
    %store/vec4 v000001d6f6b17c50_0, 0, 64;
    %fork TD_tb_cnu_iams.check_output, S_000001d6f6b2cea0;
    %join;
    %pushi/vec4 3, 0, 7;
    %store/vec4 v000001d6f6b8f200_0, 0, 7;
    %pushi/vec4 3, 0, 7;
    %store/vec4 v000001d6f6b93160_0, 0, 7;
    %pushi/vec4 3, 0, 7;
    %store/vec4 v000001d6f6b93020_0, 0, 7;
    %pushi/vec4 3, 0, 7;
    %store/vec4 v000001d6f6b91540_0, 0, 7;
    %pushi/vec4 3, 0, 7;
    %store/vec4 v000001d6f6b91f40_0, 0, 7;
    %pushi/vec4 3, 0, 7;
    %store/vec4 v000001d6f6b92b20_0, 0, 7;
    %pushi/vec4 3, 0, 7;
    %store/vec4 v000001d6f6b915e0_0, 0, 7;
    %pushi/vec4 3, 0, 7;
    %store/vec4 v000001d6f6b91ea0_0, 0, 7;
    %pushi/vec4 3, 0, 7;
    %store/vec4 v000001d6f6b917c0_0, 0, 7;
    %pushi/vec4 3, 0, 7;
    %store/vec4 v000001d6f6b93200_0, 0, 7;
    %fork TD_tb_cnu_iams.pack_msgs, S_000001d6f6b90450;
    %join;
    %pushi/vec4 1, 0, 1;
    %store/vec4 v000001d6f6b91cc0_0, 0, 1;
    %wait E_000001d6f6b22680;
    %delay 1000, 0;
    %pushi/vec4 0, 0, 1;
    %store/vec4 v000001d6f6b91cc0_0, 0, 1;
    %wait E_000001d6f6b22680;
    %delay 1000, 0;
    %pushi/vec4 0, 0, 32;
    %store/vec4 v000001d6f6b92bc0_0, 0, 32;
T_10.2 ;
    %load/vec4 v000001d6f6b92bc0_0;
    %cmpi/s 10, 0, 32;
    %jmp/0xz T_10.3, 5;
    %pushi/vec4 3, 0, 7;
    %load/vec4 v000001d6f6b92bc0_0;
    %muli 7, 0, 32;
    %ix/vec4/s 4;
    %store/vec4 v000001d6f6b93340_0, 4, 7;
    %load/vec4 v000001d6f6b92bc0_0;
    %addi 1, 0, 32;
    %store/vec4 v000001d6f6b92bc0_0, 0, 32;
    %jmp T_10.2;
T_10.3 ;
    %load/vec4 v000001d6f6b93340_0;
    %store/vec4 v000001d6f6b8e760_0, 0, 70;
    %fork TD_tb_cnu_iams.golden_iams, S_000001d6f6b905e0;
    %join;
    %load/vec4 v000001d6f6b8eb20_0;
    %store/vec4 v000001d6f6b92120_0, 0, 70;
    %load/vec4 v000001d6f6b92e40_0;
    %store/vec4 v000001d6f6b19550_0, 0, 70;
    %load/vec4 v000001d6f6b92120_0;
    %store/vec4 v000001d6f6b19690_0, 0, 70;
    %pushi/vec4 5, 0, 64;
    %store/vec4 v000001d6f6b17c50_0, 0, 64;
    %fork TD_tb_cnu_iams.check_output, S_000001d6f6b2cea0;
    %join;
    %pushi/vec4 63, 0, 7;
    %store/vec4 v000001d6f6b8f200_0, 0, 7;
    %pushi/vec4 65, 0, 7;
    %store/vec4 v000001d6f6b93160_0, 0, 7;
    %pushi/vec4 63, 0, 7;
    %store/vec4 v000001d6f6b93020_0, 0, 7;
    %pushi/vec4 65, 0, 7;
    %store/vec4 v000001d6f6b91540_0, 0, 7;
    %pushi/vec4 63, 0, 7;
    %store/vec4 v000001d6f6b91f40_0, 0, 7;
    %pushi/vec4 65, 0, 7;
    %store/vec4 v000001d6f6b92b20_0, 0, 7;
    %pushi/vec4 63, 0, 7;
    %store/vec4 v000001d6f6b915e0_0, 0, 7;
    %pushi/vec4 65, 0, 7;
    %store/vec4 v000001d6f6b91ea0_0, 0, 7;
    %pushi/vec4 63, 0, 7;
    %store/vec4 v000001d6f6b917c0_0, 0, 7;
    %pushi/vec4 65, 0, 7;
    %store/vec4 v000001d6f6b93200_0, 0, 7;
    %fork TD_tb_cnu_iams.pack_msgs, S_000001d6f6b90450;
    %join;
    %pushi/vec4 1, 0, 1;
    %store/vec4 v000001d6f6b91cc0_0, 0, 1;
    %wait E_000001d6f6b22680;
    %delay 1000, 0;
    %pushi/vec4 0, 0, 1;
    %store/vec4 v000001d6f6b91cc0_0, 0, 1;
    %wait E_000001d6f6b22680;
    %delay 1000, 0;
    %pushi/vec4 0, 0, 32;
    %store/vec4 v000001d6f6b92620_0, 0, 32;
T_10.4 ;
    %load/vec4 v000001d6f6b92620_0;
    %cmpi/s 10, 0, 32;
    %jmp/0xz T_10.5, 5;
    %pushi/vec4 63, 0, 7;
    %load/vec4 v000001d6f6b92620_0;
    %muli 7, 0, 32;
    %ix/vec4/s 4;
    %store/vec4 v000001d6f6b91c20_0, 4, 7;
    %pushi/vec4 65, 0, 7;
    %load/vec4 v000001d6f6b92620_0;
    %addi 1, 0, 32;
    %muli 7, 0, 32;
    %ix/vec4/s 4;
    %store/vec4 v000001d6f6b91c20_0, 4, 7;
    %load/vec4 v000001d6f6b92620_0;
    %addi 2, 0, 32;
    %store/vec4 v000001d6f6b92620_0, 0, 32;
    %jmp T_10.4;
T_10.5 ;
    %load/vec4 v000001d6f6b91c20_0;
    %store/vec4 v000001d6f6b8e760_0, 0, 70;
    %fork TD_tb_cnu_iams.golden_iams, S_000001d6f6b905e0;
    %join;
    %load/vec4 v000001d6f6b8eb20_0;
    %store/vec4 v000001d6f6b92120_0, 0, 70;
    %load/vec4 v000001d6f6b92e40_0;
    %store/vec4 v000001d6f6b19550_0, 0, 70;
    %load/vec4 v000001d6f6b92120_0;
    %store/vec4 v000001d6f6b19690_0, 0, 70;
    %pushi/vec4 6, 0, 64;
    %store/vec4 v000001d6f6b17c50_0, 0, 64;
    %fork TD_tb_cnu_iams.check_output, S_000001d6f6b2cea0;
    %join;
    %pushi/vec4 1, 0, 7;
    %store/vec4 v000001d6f6b8f200_0, 0, 7;
    %pushi/vec4 10, 0, 7;
    %store/vec4 v000001d6f6b93160_0, 0, 7;
    %pushi/vec4 12, 0, 7;
    %store/vec4 v000001d6f6b93020_0, 0, 7;
    %pushi/vec4 9, 0, 7;
    %store/vec4 v000001d6f6b91540_0, 0, 7;
    %pushi/vec4 8, 0, 7;
    %store/vec4 v000001d6f6b91f40_0, 0, 7;
    %pushi/vec4 11, 0, 7;
    %store/vec4 v000001d6f6b92b20_0, 0, 7;
    %pushi/vec4 15, 0, 7;
    %store/vec4 v000001d6f6b915e0_0, 0, 7;
    %pushi/vec4 7, 0, 7;
    %store/vec4 v000001d6f6b91ea0_0, 0, 7;
    %pushi/vec4 10, 0, 7;
    %store/vec4 v000001d6f6b917c0_0, 0, 7;
    %pushi/vec4 11, 0, 7;
    %store/vec4 v000001d6f6b93200_0, 0, 7;
    %fork TD_tb_cnu_iams.pack_msgs, S_000001d6f6b90450;
    %join;
    %pushi/vec4 1, 0, 1;
    %store/vec4 v000001d6f6b91cc0_0, 0, 1;
    %wait E_000001d6f6b22680;
    %delay 1000, 0;
    %pushi/vec4 0, 0, 1;
    %store/vec4 v000001d6f6b91cc0_0, 0, 1;
    %wait E_000001d6f6b22680;
    %delay 1000, 0;
    %pushi/vec4 1, 0, 7;
    %ix/load 4, 0, 0;
    %flag_set/imm 4, 0;
    %store/vec4 v000001d6f6b930c0_0, 4, 7;
    %pushi/vec4 10, 0, 7;
    %ix/load 4, 7, 0;
    %flag_set/imm 4, 0;
    %store/vec4 v000001d6f6b930c0_0, 4, 7;
    %pushi/vec4 12, 0, 7;
    %ix/load 4, 14, 0;
    %flag_set/imm 4, 0;
    %store/vec4 v000001d6f6b930c0_0, 4, 7;
    %pushi/vec4 9, 0, 7;
    %ix/load 4, 21, 0;
    %flag_set/imm 4, 0;
    %store/vec4 v000001d6f6b930c0_0, 4, 7;
    %pushi/vec4 8, 0, 7;
    %ix/load 4, 28, 0;
    %flag_set/imm 4, 0;
    %store/vec4 v000001d6f6b930c0_0, 4, 7;
    %pushi/vec4 11, 0, 7;
    %ix/load 4, 35, 0;
    %flag_set/imm 4, 0;
    %store/vec4 v000001d6f6b930c0_0, 4, 7;
    %pushi/vec4 15, 0, 7;
    %ix/load 4, 42, 0;
    %flag_set/imm 4, 0;
    %store/vec4 v000001d6f6b930c0_0, 4, 7;
    %pushi/vec4 7, 0, 7;
    %ix/load 4, 49, 0;
    %flag_set/imm 4, 0;
    %store/vec4 v000001d6f6b930c0_0, 4, 7;
    %pushi/vec4 10, 0, 7;
    %ix/load 4, 56, 0;
    %flag_set/imm 4, 0;
    %store/vec4 v000001d6f6b930c0_0, 4, 7;
    %pushi/vec4 11, 0, 7;
    %ix/load 4, 63, 0;
    %flag_set/imm 4, 0;
    %store/vec4 v000001d6f6b930c0_0, 4, 7;
    %load/vec4 v000001d6f6b930c0_0;
    %store/vec4 v000001d6f6b8e760_0, 0, 70;
    %fork TD_tb_cnu_iams.golden_iams, S_000001d6f6b905e0;
    %join;
    %load/vec4 v000001d6f6b8eb20_0;
    %store/vec4 v000001d6f6b92120_0, 0, 70;
    %load/vec4 v000001d6f6b92e40_0;
    %store/vec4 v000001d6f6b19550_0, 0, 70;
    %load/vec4 v000001d6f6b92120_0;
    %store/vec4 v000001d6f6b19690_0, 0, 70;
    %pushi/vec4 7, 0, 64;
    %store/vec4 v000001d6f6b17c50_0, 0, 64;
    %fork TD_tb_cnu_iams.check_output, S_000001d6f6b2cea0;
    %join;
    %vpi_call 2 327 "$display", "--- Running 1000 random trials ---" {0 0 0};
    %pushi/vec4 8, 0, 32;
    %store/vec4 v000001d6f6b92080_0, 0, 32;
T_10.6 ;
    %load/vec4 v000001d6f6b92080_0;
    %cmpi/s 1008, 0, 32;
    %jmp/0xz T_10.7, 5;
    %pushi/vec4 0, 0, 32;
    %store/vec4 v000001d6f6b92580_0, 0, 32;
T_10.8 ;
    %load/vec4 v000001d6f6b92580_0;
    %cmpi/s 10, 0, 32;
    %jmp/0xz T_10.9, 5;
    %vpi_func 2 331 "$random" 32, v000001d6f6b92c60_0 {0 0 0};
    %pushi/vec4 64, 0, 32;
    %mod/s;
    %pad/s 7;
    %store/vec4 v000001d6f6b92d00_0, 0, 7;
    %load/vec4 v000001d6f6b92d00_0;
    %load/vec4 v000001d6f6b92580_0;
    %muli 7, 0, 32;
    %ix/vec4/s 4;
    %store/vec4 v000001d6f6b91fe0_0, 4, 7;
    %load/vec4 v000001d6f6b92580_0;
    %addi 1, 0, 32;
    %store/vec4 v000001d6f6b92580_0, 0, 32;
    %jmp T_10.8;
T_10.9 ;
    %pushi/vec4 1, 0, 1;
    %store/vec4 v000001d6f6b91cc0_0, 0, 1;
    %wait E_000001d6f6b22680;
    %delay 1000, 0;
    %pushi/vec4 0, 0, 1;
    %store/vec4 v000001d6f6b91cc0_0, 0, 1;
    %wait E_000001d6f6b22680;
    %delay 1000, 0;
    %load/vec4 v000001d6f6b91fe0_0;
    %store/vec4 v000001d6f6b8e760_0, 0, 70;
    %fork TD_tb_cnu_iams.golden_iams, S_000001d6f6b905e0;
    %join;
    %load/vec4 v000001d6f6b8eb20_0;
    %store/vec4 v000001d6f6b92120_0, 0, 70;
    %load/vec4 v000001d6f6b92e40_0;
    %store/vec4 v000001d6f6b19550_0, 0, 70;
    %load/vec4 v000001d6f6b92120_0;
    %store/vec4 v000001d6f6b19690_0, 0, 70;
    %load/vec4 v000001d6f6b92080_0;
    %pad/s 64;
    %store/vec4 v000001d6f6b17c50_0, 0, 64;
    %fork TD_tb_cnu_iams.check_output, S_000001d6f6b2cea0;
    %join;
    %load/vec4 v000001d6f6b92080_0;
    %addi 1, 0, 32;
    %store/vec4 v000001d6f6b92080_0, 0, 32;
    %jmp T_10.6;
T_10.7 ;
    %pushi/vec4 0, 0, 1;
    %store/vec4 v000001d6f6b91cc0_0, 0, 1;
    %wait E_000001d6f6b22680;
    %delay 1000, 0;
    %load/vec4 v000001d6f6b921c0_0;
    %pad/u 32;
    %cmpi/ne 0, 0, 32;
    %jmp/0xz  T_10.10, 6;
    %vpi_call 2 348 "$display", "[FAIL] T1008: valid_out should be 0 when valid_in=0" {0 0 0};
    %jmp T_10.11;
T_10.10 ;
    %vpi_call 2 350 "$display", "[PASS] T1008: valid_out gating correct" {0 0 0};
T_10.11 ;
    %vpi_call 2 355 "$display", "\000" {0 0 0};
    %vpi_call 2 356 "$display", "=================================================================" {0 0 0};
    %load/vec4 v000001d6f6b91ae0_0;
    %load/vec4 v000001d6f6b91a40_0;
    %add;
    %vpi_call 2 357 "$display", "  Results: %0d PASS,  %0d FAIL  (total %0d)", v000001d6f6b91ae0_0, v000001d6f6b91a40_0, S<0,vec4,s32> {1 0 0};
    %load/vec4 v000001d6f6b91a40_0;
    %cmpi/e 0, 0, 32;
    %jmp/0xz  T_10.12, 4;
    %vpi_call 2 360 "$display", "  *** ALL TESTS PASSED ***" {0 0 0};
    %jmp T_10.13;
T_10.12 ;
    %vpi_call 2 362 "$display", "  *** FAILURES DETECTED \342\200\224 see above ***" {0 0 0};
T_10.13 ;
    %vpi_call 2 363 "$display", "=================================================================" {0 0 0};
    %vpi_call 2 364 "$finish" {0 0 0};
    %end;
    .thread T_10;
    .scope S_000001d6f6b2e270;
T_11 ;
    %delay 500000000, 0;
    %vpi_call 2 370 "$display", "TIMEOUT: simulation exceeded 500 us" {0 0 0};
    %vpi_call 2 371 "$finish" {0 0 0};
    %end;
    .thread T_11;
    .scope S_000001d6f6b2e270;
T_12 ;
    %vpi_call 2 376 "$dumpfile", "tb_cnu_iams.vcd" {0 0 0};
    %vpi_call 2 377 "$dumpvars", 32'sb00000000000000000000000000000000, S_000001d6f6b2e270 {0 0 0};
    %end;
    .thread T_12;
# The file index is used to find the file name in the following table.
:file_names 4;
    "N/A";
    "<interactive>";
    "tb_cnu_iams.v";
    "cnu_iams.v";
