#! /c/Source/iverilog-install/bin/vvp
:ivl_version "12.0 (devel)" "(s20150603-1539-g2693dd32b)";
:ivl_delay_selection "TYPICAL";
:vpi_time_precision - 12;
:vpi_module "C:\iverilog\lib\ivl\system.vpi";
:vpi_module "C:\iverilog\lib\ivl\vhdl_sys.vpi";
:vpi_module "C:\iverilog\lib\ivl\vhdl_textio.vpi";
:vpi_module "C:\iverilog\lib\ivl\v2005_math.vpi";
:vpi_module "C:\iverilog\lib\ivl\va_math.vpi";
S_00000202c2c3e450 .scope module, "tb_cnu_iams" "tb_cnu_iams" 2 21;
 .timescale -9 -12;
P_00000202c2c24160 .param/l "DC" 1 2 24, +C4<00000000000000000000000000001010>;
P_00000202c2c24198 .param/l "IDW" 1 2 26, +C4<00000000000000000000000000000100>;
P_00000202c2c241d0 .param/l "MSG_MAX" 1 2 27, +C4<000000000000000000000000000000000111111>;
P_00000202c2c24208 .param/l "MSG_MIN" 1 2 28, +C4<11111111111111111111111111111111000000>;
P_00000202c2c24240 .param/l "QW" 1 2 25, +C4<00000000000000000000000000000111>;
v00000202c2d601b0_0 .var "clk", 0 0;
v00000202c2d5fc10_0 .var "expected_out", 69 0;
v00000202c2d5f7b0_0 .var/i "fail_cnt", 31 0;
v00000202c2d610b0_0 .var "inp3", 69 0;
v00000202c2d60430_0 .var "inp4", 69 0;
v00000202c2d611f0_0 .var "inp5", 69 0;
v00000202c2d60250_0 .var "inp6", 69 0;
v00000202c2d60890_0 .var "inp7", 69 0;
v00000202c2d60390_0 .var/i "kk", 31 0;
v00000202c2d5fcb0_0 .var/i "kk1", 31 0;
v00000202c2d602f0_0 .var "msg_flat_in", 69 0;
v00000202c2d5fdf0_0 .net "msg_flat_out", 69 0, v00000202c2d5dc50_0;  1 drivers
v00000202c2d604d0_0 .var/i "pass_cnt", 31 0;
v00000202c2d5f990_0 .var/s "rand_msg", 6 0;
v00000202c2d60570_0 .var/i "ri", 31 0;
v00000202c2d60ed0_0 .var "rst_n", 0 0;
v00000202c2d61290_0 .var/i "seed", 31 0;
v00000202c2d60b10_0 .var/i "trial", 31 0;
v00000202c2d5f5d0_0 .var "valid_in", 0 0;
v00000202c2d5fad0_0 .net "valid_out", 0 0, v00000202c2d5e010_0;  1 drivers
E_00000202c2c325e0 .event posedge, v00000202c2d5ebf0_0;
E_00000202c2c32920 .event posedge, v00000202c2d5ec90_0;
S_00000202c2c3c490 .scope task, "check_output" "check_output" 2 154, 2 154 0, S_00000202c2c3e450;
 .timescale -9 -12;
v00000202c2c29b30_0 .var "expected", 69 0;
v00000202c2c28a50_0 .var "got", 69 0;
v00000202c2c296d0_0 .var/i "ii", 31 0;
v00000202c2c289b0_0 .var "ok", 0 0;
v00000202c2c27f10_0 .var "test_id", 63 0;
TD_tb_cnu_iams.check_output ;
    %load/vec4 v00000202c2c28a50_0;
    %load/vec4 v00000202c2c29b30_0;
    %cmp/e;
    %flag_get/vec4 6;
    %store/vec4 v00000202c2c289b0_0, 0, 1;
    %load/vec4 v00000202c2c289b0_0;
    %flag_set/vec4 8;
    %jmp/0xz  T_0.0, 8;
    %load/vec4 v00000202c2d604d0_0;
    %addi 1, 0, 32;
    %store/vec4 v00000202c2d604d0_0, 0, 32;
    %vpi_call 2 164 "$display", "[PASS] Test %0d", v00000202c2c27f10_0 {0 0 0};
    %jmp T_0.1;
T_0.0 ;
    %load/vec4 v00000202c2d5f7b0_0;
    %addi 1, 0, 32;
    %store/vec4 v00000202c2d5f7b0_0, 0, 32;
    %vpi_call 2 167 "$display", "[FAIL] Test %0d", v00000202c2c27f10_0 {0 0 0};
    %pushi/vec4 0, 0, 32;
    %store/vec4 v00000202c2c296d0_0, 0, 32;
T_0.2 ;
    %load/vec4 v00000202c2c296d0_0;
    %cmpi/s 10, 0, 32;
    %jmp/0xz T_0.3, 5;
    %load/vec4 v00000202c2c28a50_0;
    %load/vec4 v00000202c2c296d0_0;
    %muli 7, 0, 32;
    %part/s 7;
    %load/vec4 v00000202c2c29b30_0;
    %load/vec4 v00000202c2c296d0_0;
    %muli 7, 0, 32;
    %part/s 7;
    %cmp/ne;
    %jmp/0xz  T_0.4, 6;
    %load/vec4 v00000202c2c28a50_0;
    %load/vec4 v00000202c2c296d0_0;
    %muli 7, 0, 32;
    %part/s 7;
    %load/vec4 v00000202c2c29b30_0;
    %load/vec4 v00000202c2c296d0_0;
    %muli 7, 0, 32;
    %part/s 7;
    %vpi_call 2 170 "$display", "       edge[%0d]: got %0d  expected %0d", v00000202c2c296d0_0, S<1,vec4,s7>, S<0,vec4,s7> {2 0 0};
T_0.4 ;
    %load/vec4 v00000202c2c296d0_0;
    %addi 1, 0, 32;
    %store/vec4 v00000202c2c296d0_0, 0, 32;
    %jmp T_0.2;
T_0.3 ;
T_0.1 ;
    %end;
S_00000202c2c3c620 .scope module, "dut" "cnu_iams" 2 50, 3 35 0, S_00000202c2c3e450;
 .timescale -9 -12;
    .port_info 0 /INPUT 1 "clk";
    .port_info 1 /INPUT 1 "rst_n";
    .port_info 2 /INPUT 1 "valid_in";
    .port_info 3 /INPUT 70 "msg_flat_in";
    .port_info 4 /OUTPUT 70 "msg_flat_out";
    .port_info 5 /OUTPUT 1 "valid_out";
P_00000202c2c5cf50 .param/l "DC" 0 3 36, +C4<00000000000000000000000000001010>;
P_00000202c2c5cf88 .param/l "IDW" 0 3 38, +C4<00000000000000000000000000000100>;
P_00000202c2c5cfc0 .param/l "QW" 0 3 37, +C4<00000000000000000000000000000111>;
v00000202c2d5e510_0 .net *"_ivl_10", 0 0, L_00000202c2dae160;  1 drivers
v00000202c2d5d2f0_0 .net *"_ivl_12", 5 0, L_00000202c2dacb80;  1 drivers
L_00000202c2d64998 .functor BUFT 1, C4<000000>, C4<0>, C4<0>, C4<0>;
v00000202c2d5e3d0_0 .net/2u *"_ivl_14", 5 0, L_00000202c2d64998;  1 drivers
v00000202c2d5d390_0 .var "alpha_mag", 5 0;
v00000202c2d5ebf0_0 .net "clk", 0 0, v00000202c2d601b0_0;  1 drivers
v00000202c2d5ea10_0 .net "delta", 5 0, L_00000202c2dad8a0;  1 drivers
v00000202c2d5eb50_0 .var/i "i", 31 0;
v00000202c2d5d7f0_0 .var "idx1", 3 0;
v00000202c2d5d890_0 .var "idx2", 3 0;
v00000202c2d5ded0_0 .var/i "k", 31 0;
v00000202c2d5eab0 .array "mag", 9 0;
v00000202c2d5eab0_0 .net v00000202c2d5eab0 0, 5 0, L_00000202c2d60110; 1 drivers
v00000202c2d5eab0_1 .net v00000202c2d5eab0 1, 5 0, L_00000202c2d60d90; 1 drivers
v00000202c2d5eab0_2 .net v00000202c2d5eab0 2, 5 0, L_00000202c2dade40; 1 drivers
v00000202c2d5eab0_3 .net v00000202c2d5eab0 3, 5 0, L_00000202c2dac720; 1 drivers
v00000202c2d5eab0_4 .net v00000202c2d5eab0 4, 5 0, L_00000202c2dada80; 1 drivers
v00000202c2d5eab0_5 .net v00000202c2d5eab0 5, 5 0, L_00000202c2dadda0; 1 drivers
v00000202c2d5eab0_6 .net v00000202c2d5eab0 6, 5 0, L_00000202c2dacfe0; 1 drivers
v00000202c2d5eab0_7 .net v00000202c2d5eab0 7, 5 0, L_00000202c2dae2a0; 1 drivers
v00000202c2d5eab0_8 .net v00000202c2d5eab0 8, 5 0, L_00000202c2dae340; 1 drivers
v00000202c2d5eab0_9 .net v00000202c2d5eab0 9, 5 0, L_00000202c2dad3a0; 1 drivers
v00000202c2d5e470_0 .var "min1", 5 0;
v00000202c2d5dd90_0 .var "min2", 5 0;
v00000202c2d5d9d0_0 .net "msg_flat_in", 69 0, v00000202c2d602f0_0;  1 drivers
v00000202c2d5dc50_0 .var "msg_flat_out", 69 0;
v00000202c2d5dbb0 .array "msg_in", 9 0;
v00000202c2d5dbb0_0 .net/s v00000202c2d5dbb0 0, 6 0, L_00000202c2d60610; 1 drivers
v00000202c2d5dbb0_1 .net/s v00000202c2d5dbb0 1, 6 0, L_00000202c2d5fa30; 1 drivers
v00000202c2d5dbb0_2 .net/s v00000202c2d5dbb0 2, 6 0, L_00000202c2d5f8f0; 1 drivers
v00000202c2d5dbb0_3 .net/s v00000202c2d5dbb0 3, 6 0, L_00000202c2d5f670; 1 drivers
v00000202c2d5dbb0_4 .net/s v00000202c2d5dbb0 4, 6 0, L_00000202c2d5fb70; 1 drivers
v00000202c2d5dbb0_5 .net/s v00000202c2d5dbb0 5, 6 0, L_00000202c2d606b0; 1 drivers
v00000202c2d5dbb0_6 .net/s v00000202c2d5dbb0 6, 6 0, L_00000202c2d60bb0; 1 drivers
v00000202c2d5dbb0_7 .net/s v00000202c2d5dbb0 7, 6 0, L_00000202c2d61470; 1 drivers
v00000202c2d5dbb0_8 .net/s v00000202c2d5dbb0 8, 6 0, L_00000202c2d5fe90; 1 drivers
v00000202c2d5dbb0_9 .net/s v00000202c2d5dbb0 9, 6 0, L_00000202c2d5f710; 1 drivers
v00000202c2d5ef10 .array/s "msg_out_comb", 9 0, 6 0;
v00000202c2d5d930_0 .var/i "n", 31 0;
v00000202c2d5d110_0 .var "out_sign", 0 0;
v00000202c2d5d610_0 .var/i "p", 31 0;
v00000202c2d5ec90_0 .net "rst_n", 0 0, v00000202c2d60ed0_0;  1 drivers
v00000202c2d5d430 .array "sgn", 9 0;
v00000202c2d5d430_0 .net v00000202c2d5d430 0, 0 0, L_00000202c2d5ff30; 1 drivers
v00000202c2d5d430_1 .net v00000202c2d5d430 1, 0 0, L_00000202c2d60930; 1 drivers
v00000202c2d5d430_2 .net v00000202c2d5d430 2, 0 0, L_00000202c2d60e30; 1 drivers
v00000202c2d5d430_3 .net v00000202c2d5d430 3, 0 0, L_00000202c2dae3e0; 1 drivers
v00000202c2d5d430_4 .net v00000202c2d5d430 4, 0 0, L_00000202c2dae520; 1 drivers
v00000202c2d5d430_5 .net v00000202c2d5d430 5, 0 0, L_00000202c2dad580; 1 drivers
v00000202c2d5d430_6 .net v00000202c2d5d430 6, 0 0, L_00000202c2dac860; 1 drivers
v00000202c2d5d430_7 .net v00000202c2d5d430 7, 0 0, L_00000202c2dac900; 1 drivers
v00000202c2d5d430_8 .net v00000202c2d5d430 8, 0 0, L_00000202c2dac9a0; 1 drivers
v00000202c2d5d430_9 .net v00000202c2d5d430 9, 0 0, L_00000202c2dae020; 1 drivers
v00000202c2d5d1b0_0 .var "sign_total", 0 0;
v00000202c2d5da70_0 .net "valid_in", 0 0, v00000202c2d5f5d0_0;  1 drivers
v00000202c2d5e010_0 .var "valid_out", 0 0;
E_00000202c2c331e0/0 .event negedge, v00000202c2d5ec90_0;
E_00000202c2c331e0/1 .event posedge, v00000202c2d5ebf0_0;
E_00000202c2c331e0 .event/or E_00000202c2c331e0/0, E_00000202c2c331e0/1;
E_00000202c2c32960/0 .event anyedge, v00000202c2d5d1b0_0, v00000202c2d5d430_0, v00000202c2d5d430_1, v00000202c2d5d430_2;
E_00000202c2c32960/1 .event anyedge, v00000202c2d5d430_3, v00000202c2d5d430_4, v00000202c2d5d430_5, v00000202c2d5d430_6;
E_00000202c2c32960/2 .event anyedge, v00000202c2d5d430_7, v00000202c2d5d430_8, v00000202c2d5d430_9, v00000202c2d5d7f0_0;
E_00000202c2c32960/3 .event anyedge, v00000202c2d5dd90_0, v00000202c2d5d890_0, v00000202c2d5e470_0, v00000202c2d5ea10_0;
E_00000202c2c32960/4 .event anyedge, v00000202c2d5d390_0, v00000202c2d5d110_0;
E_00000202c2c32960 .event/or E_00000202c2c32960/0, E_00000202c2c32960/1, E_00000202c2c32960/2, E_00000202c2c32960/3, E_00000202c2c32960/4;
E_00000202c2c33160/0 .event anyedge, v00000202c2d5eab0_0, v00000202c2d5eab0_1, v00000202c2d5eab0_2, v00000202c2d5eab0_3;
E_00000202c2c33160/1 .event anyedge, v00000202c2d5eab0_4, v00000202c2d5eab0_5, v00000202c2d5eab0_6, v00000202c2d5eab0_7;
E_00000202c2c33160/2 .event anyedge, v00000202c2d5eab0_8, v00000202c2d5eab0_9, v00000202c2d5e470_0, v00000202c2d5d7f0_0;
E_00000202c2c33160/3 .event anyedge, v00000202c2d5dd90_0;
E_00000202c2c33160 .event/or E_00000202c2c33160/0, E_00000202c2c33160/1, E_00000202c2c33160/2, E_00000202c2c33160/3;
E_00000202c2c33220/0 .event anyedge, v00000202c2d5d1b0_0, v00000202c2d5d430_0, v00000202c2d5d430_1, v00000202c2d5d430_2;
E_00000202c2c33220/1 .event anyedge, v00000202c2d5d430_3, v00000202c2d5d430_4, v00000202c2d5d430_5, v00000202c2d5d430_6;
E_00000202c2c33220/2 .event anyedge, v00000202c2d5d430_7, v00000202c2d5d430_8, v00000202c2d5d430_9;
E_00000202c2c33220 .event/or E_00000202c2c33220/0, E_00000202c2c33220/1, E_00000202c2c33220/2;
L_00000202c2d60610 .part v00000202c2d602f0_0, 0, 7;
L_00000202c2d5fa30 .part v00000202c2d602f0_0, 7, 7;
L_00000202c2d5f8f0 .part v00000202c2d602f0_0, 14, 7;
L_00000202c2d5f670 .part v00000202c2d602f0_0, 21, 7;
L_00000202c2d5fb70 .part v00000202c2d602f0_0, 28, 7;
L_00000202c2d606b0 .part v00000202c2d602f0_0, 35, 7;
L_00000202c2d60bb0 .part v00000202c2d602f0_0, 42, 7;
L_00000202c2d61470 .part v00000202c2d602f0_0, 49, 7;
L_00000202c2d5fe90 .part v00000202c2d602f0_0, 56, 7;
L_00000202c2d5f710 .part v00000202c2d602f0_0, 63, 7;
L_00000202c2dae160 .cmp/ge 6, v00000202c2d5dd90_0, v00000202c2d5e470_0;
L_00000202c2dacb80 .arith/sub 6, v00000202c2d5dd90_0, v00000202c2d5e470_0;
L_00000202c2dad8a0 .functor MUXZ 6, L_00000202c2d64998, L_00000202c2dacb80, L_00000202c2dae160, C4<>;
S_00000202c2d16050 .scope generate, "mag_sign[0]" "mag_sign[0]" 3 69, 3 69 0, S_00000202c2c3c620;
 .timescale -9 -12;
P_00000202c2c324e0 .param/l "gi" 0 3 69, +C4<00>;
L_00000202c2c275d0 .functor NOT 6, L_00000202c2d60750, C4<000000>, C4<000000>, C4<000000>;
L_00000202c2d646c8 .functor BUFT 1, C4<000001>, C4<0>, C4<0>, C4<0>;
v00000202c2c294f0_0 .net/2u *"_ivl_11", 5 0, L_00000202c2d646c8;  1 drivers
v00000202c2c284b0_0 .net *"_ivl_13", 5 0, L_00000202c2d607f0;  1 drivers
v00000202c2c29770_0 .net *"_ivl_17", 5 0, L_00000202c2d5ffd0;  1 drivers
v00000202c2c29a90_0 .net *"_ivl_8", 5 0, L_00000202c2d60750;  1 drivers
v00000202c2c29c70_0 .net *"_ivl_9", 5 0, L_00000202c2c275d0;  1 drivers
L_00000202c2d5ff30 .part L_00000202c2d60610, 6, 1;
L_00000202c2d60750 .part L_00000202c2d60610, 0, 6;
L_00000202c2d607f0 .arith/sum 6, L_00000202c2c275d0, L_00000202c2d646c8;
L_00000202c2d5ffd0 .part L_00000202c2d60610, 0, 6;
L_00000202c2d60110 .functor MUXZ 6, L_00000202c2d5ffd0, L_00000202c2d607f0, L_00000202c2d5ff30, C4<>;
S_00000202c2d161e0 .scope generate, "mag_sign[1]" "mag_sign[1]" 3 69, 3 69 0, S_00000202c2c3c620;
 .timescale -9 -12;
P_00000202c2c32860 .param/l "gi" 0 3 69, +C4<01>;
L_00000202c2c27870 .functor NOT 6, L_00000202c2d609d0, C4<000000>, C4<000000>, C4<000000>;
L_00000202c2d64710 .functor BUFT 1, C4<000001>, C4<0>, C4<0>, C4<0>;
v00000202c2c28870_0 .net/2u *"_ivl_11", 5 0, L_00000202c2d64710;  1 drivers
v00000202c2c29130_0 .net *"_ivl_13", 5 0, L_00000202c2d60c50;  1 drivers
v00000202c2c29310_0 .net *"_ivl_17", 5 0, L_00000202c2d60cf0;  1 drivers
v00000202c2c28190_0 .net *"_ivl_8", 5 0, L_00000202c2d609d0;  1 drivers
v00000202c2c285f0_0 .net *"_ivl_9", 5 0, L_00000202c2c27870;  1 drivers
L_00000202c2d60930 .part L_00000202c2d5fa30, 6, 1;
L_00000202c2d609d0 .part L_00000202c2d5fa30, 0, 6;
L_00000202c2d60c50 .arith/sum 6, L_00000202c2c27870, L_00000202c2d64710;
L_00000202c2d60cf0 .part L_00000202c2d5fa30, 0, 6;
L_00000202c2d60d90 .functor MUXZ 6, L_00000202c2d60cf0, L_00000202c2d60c50, L_00000202c2d60930, C4<>;
S_00000202c2d16370 .scope generate, "mag_sign[2]" "mag_sign[2]" 3 69, 3 69 0, S_00000202c2c3c620;
 .timescale -9 -12;
P_00000202c2c32e20 .param/l "gi" 0 3 69, +C4<010>;
L_00000202c2c26f40 .functor NOT 6, L_00000202c2dacf40, C4<000000>, C4<000000>, C4<000000>;
L_00000202c2d64758 .functor BUFT 1, C4<000001>, C4<0>, C4<0>, C4<0>;
v00000202c2c293b0_0 .net/2u *"_ivl_11", 5 0, L_00000202c2d64758;  1 drivers
v00000202c2c28910_0 .net *"_ivl_13", 5 0, L_00000202c2dad9e0;  1 drivers
v00000202c2c28f50_0 .net *"_ivl_17", 5 0, L_00000202c2dadee0;  1 drivers
v00000202c2c29810_0 .net *"_ivl_8", 5 0, L_00000202c2dacf40;  1 drivers
v00000202c2c28b90_0 .net *"_ivl_9", 5 0, L_00000202c2c26f40;  1 drivers
L_00000202c2d60e30 .part L_00000202c2d5f8f0, 6, 1;
L_00000202c2dacf40 .part L_00000202c2d5f8f0, 0, 6;
L_00000202c2dad9e0 .arith/sum 6, L_00000202c2c26f40, L_00000202c2d64758;
L_00000202c2dadee0 .part L_00000202c2d5f8f0, 0, 6;
L_00000202c2dade40 .functor MUXZ 6, L_00000202c2dadee0, L_00000202c2dad9e0, L_00000202c2d60e30, C4<>;
S_00000202c2c3ef40 .scope generate, "mag_sign[3]" "mag_sign[3]" 3 69, 3 69 0, S_00000202c2c3c620;
 .timescale -9 -12;
P_00000202c2c329a0 .param/l "gi" 0 3 69, +C4<011>;
L_00000202c2c27020 .functor NOT 6, L_00000202c2dad800, C4<000000>, C4<000000>, C4<000000>;
L_00000202c2d647a0 .functor BUFT 1, C4<000001>, C4<0>, C4<0>, C4<0>;
v00000202c2c28c30_0 .net/2u *"_ivl_11", 5 0, L_00000202c2d647a0;  1 drivers
v00000202c2c28550_0 .net *"_ivl_13", 5 0, L_00000202c2dad120;  1 drivers
v00000202c2c29270_0 .net *"_ivl_17", 5 0, L_00000202c2dadbc0;  1 drivers
v00000202c2c28690_0 .net *"_ivl_8", 5 0, L_00000202c2dad800;  1 drivers
v00000202c2c28cd0_0 .net *"_ivl_9", 5 0, L_00000202c2c27020;  1 drivers
L_00000202c2dae3e0 .part L_00000202c2d5f670, 6, 1;
L_00000202c2dad800 .part L_00000202c2d5f670, 0, 6;
L_00000202c2dad120 .arith/sum 6, L_00000202c2c27020, L_00000202c2d647a0;
L_00000202c2dadbc0 .part L_00000202c2d5f670, 0, 6;
L_00000202c2dac720 .functor MUXZ 6, L_00000202c2dadbc0, L_00000202c2dad120, L_00000202c2dae3e0, C4<>;
S_00000202c2c3f0d0 .scope generate, "mag_sign[4]" "mag_sign[4]" 3 69, 3 69 0, S_00000202c2c3c620;
 .timescale -9 -12;
P_00000202c2c332a0 .param/l "gi" 0 3 69, +C4<0100>;
L_00000202c2c27170 .functor NOT 6, L_00000202c2dac7c0, C4<000000>, C4<000000>, C4<000000>;
L_00000202c2d647e8 .functor BUFT 1, C4<000001>, C4<0>, C4<0>, C4<0>;
v00000202c2c282d0_0 .net/2u *"_ivl_11", 5 0, L_00000202c2d647e8;  1 drivers
v00000202c2c28d70_0 .net *"_ivl_13", 5 0, L_00000202c2dad4e0;  1 drivers
v00000202c2c298b0_0 .net *"_ivl_17", 5 0, L_00000202c2dad620;  1 drivers
v00000202c2c28370_0 .net *"_ivl_8", 5 0, L_00000202c2dac7c0;  1 drivers
v00000202c2c28e10_0 .net *"_ivl_9", 5 0, L_00000202c2c27170;  1 drivers
L_00000202c2dae520 .part L_00000202c2d5fb70, 6, 1;
L_00000202c2dac7c0 .part L_00000202c2d5fb70, 0, 6;
L_00000202c2dad4e0 .arith/sum 6, L_00000202c2c27170, L_00000202c2d647e8;
L_00000202c2dad620 .part L_00000202c2d5fb70, 0, 6;
L_00000202c2dada80 .functor MUXZ 6, L_00000202c2dad620, L_00000202c2dad4e0, L_00000202c2dae520, C4<>;
S_00000202c2c3f260 .scope generate, "mag_sign[5]" "mag_sign[5]" 3 69, 3 69 0, S_00000202c2c3c620;
 .timescale -9 -12;
P_00000202c2c32f60 .param/l "gi" 0 3 69, +C4<0101>;
L_00000202c2c272c0 .functor NOT 6, L_00000202c2dae200, C4<000000>, C4<000000>, C4<000000>;
L_00000202c2d64830 .functor BUFT 1, C4<000001>, C4<0>, C4<0>, C4<0>;
v00000202c2c28230_0 .net/2u *"_ivl_11", 5 0, L_00000202c2d64830;  1 drivers
v00000202c2c29590_0 .net *"_ivl_13", 5 0, L_00000202c2dad440;  1 drivers
v00000202c2c28730_0 .net *"_ivl_17", 5 0, L_00000202c2dad6c0;  1 drivers
v00000202c2c29950_0 .net *"_ivl_8", 5 0, L_00000202c2dae200;  1 drivers
v00000202c2c27e70_0 .net *"_ivl_9", 5 0, L_00000202c2c272c0;  1 drivers
L_00000202c2dad580 .part L_00000202c2d606b0, 6, 1;
L_00000202c2dae200 .part L_00000202c2d606b0, 0, 6;
L_00000202c2dad440 .arith/sum 6, L_00000202c2c272c0, L_00000202c2d64830;
L_00000202c2dad6c0 .part L_00000202c2d606b0, 0, 6;
L_00000202c2dadda0 .functor MUXZ 6, L_00000202c2dad6c0, L_00000202c2dad440, L_00000202c2dad580, C4<>;
S_00000202c2c439b0 .scope generate, "mag_sign[6]" "mag_sign[6]" 3 69, 3 69 0, S_00000202c2c3c620;
 .timescale -9 -12;
P_00000202c2c32a20 .param/l "gi" 0 3 69, +C4<0110>;
L_00000202c2c27090 .functor NOT 6, L_00000202c2dadc60, C4<000000>, C4<000000>, C4<000000>;
L_00000202c2d64878 .functor BUFT 1, C4<000001>, C4<0>, C4<0>, C4<0>;
v00000202c2c29d10_0 .net/2u *"_ivl_11", 5 0, L_00000202c2d64878;  1 drivers
v00000202c2c29bd0_0 .net *"_ivl_13", 5 0, L_00000202c2daca40;  1 drivers
v00000202c2c29450_0 .net *"_ivl_17", 5 0, L_00000202c2dadd00;  1 drivers
v00000202c2c299f0_0 .net *"_ivl_8", 5 0, L_00000202c2dadc60;  1 drivers
v00000202c2c28eb0_0 .net *"_ivl_9", 5 0, L_00000202c2c27090;  1 drivers
L_00000202c2dac860 .part L_00000202c2d60bb0, 6, 1;
L_00000202c2dadc60 .part L_00000202c2d60bb0, 0, 6;
L_00000202c2daca40 .arith/sum 6, L_00000202c2c27090, L_00000202c2d64878;
L_00000202c2dadd00 .part L_00000202c2d60bb0, 0, 6;
L_00000202c2dacfe0 .functor MUXZ 6, L_00000202c2dadd00, L_00000202c2daca40, L_00000202c2dac860, C4<>;
S_00000202c2c43b40 .scope generate, "mag_sign[7]" "mag_sign[7]" 3 69, 3 69 0, S_00000202c2c3c620;
 .timescale -9 -12;
P_00000202c2c331a0 .param/l "gi" 0 3 69, +C4<0111>;
L_00000202c2c271e0 .functor NOT 6, L_00000202c2dadf80, C4<000000>, C4<000000>, C4<000000>;
L_00000202c2d648c0 .functor BUFT 1, C4<000001>, C4<0>, C4<0>, C4<0>;
v00000202c2c28410_0 .net/2u *"_ivl_11", 5 0, L_00000202c2d648c0;  1 drivers
v00000202c2c28ff0_0 .net *"_ivl_13", 5 0, L_00000202c2dae480;  1 drivers
v00000202c2c29090_0 .net *"_ivl_17", 5 0, L_00000202c2dad080;  1 drivers
v00000202c2c27fb0_0 .net *"_ivl_8", 5 0, L_00000202c2dadf80;  1 drivers
v00000202c2c287d0_0 .net *"_ivl_9", 5 0, L_00000202c2c271e0;  1 drivers
L_00000202c2dac900 .part L_00000202c2d61470, 6, 1;
L_00000202c2dadf80 .part L_00000202c2d61470, 0, 6;
L_00000202c2dae480 .arith/sum 6, L_00000202c2c271e0, L_00000202c2d648c0;
L_00000202c2dad080 .part L_00000202c2d61470, 0, 6;
L_00000202c2dae2a0 .functor MUXZ 6, L_00000202c2dad080, L_00000202c2dae480, L_00000202c2dac900, C4<>;
S_00000202c2c43cd0 .scope generate, "mag_sign[8]" "mag_sign[8]" 3 69, 3 69 0, S_00000202c2c3c620;
 .timescale -9 -12;
P_00000202c2c32e60 .param/l "gi" 0 3 69, +C4<01000>;
L_00000202c2c27480 .functor NOT 6, L_00000202c2dacae0, C4<000000>, C4<000000>, C4<000000>;
L_00000202c2d64908 .functor BUFT 1, C4<000001>, C4<0>, C4<0>, C4<0>;
v00000202c2c28050_0 .net/2u *"_ivl_11", 5 0, L_00000202c2d64908;  1 drivers
v00000202c2c291d0_0 .net *"_ivl_13", 5 0, L_00000202c2dadb20;  1 drivers
v00000202c2c280f0_0 .net *"_ivl_17", 5 0, L_00000202c2dae5c0;  1 drivers
v00000202c2d5edd0_0 .net *"_ivl_8", 5 0, L_00000202c2dacae0;  1 drivers
v00000202c2d5e6f0_0 .net *"_ivl_9", 5 0, L_00000202c2c27480;  1 drivers
L_00000202c2dac9a0 .part L_00000202c2d5fe90, 6, 1;
L_00000202c2dacae0 .part L_00000202c2d5fe90, 0, 6;
L_00000202c2dadb20 .arith/sum 6, L_00000202c2c27480, L_00000202c2d64908;
L_00000202c2dae5c0 .part L_00000202c2d5fe90, 0, 6;
L_00000202c2dae340 .functor MUXZ 6, L_00000202c2dae5c0, L_00000202c2dadb20, L_00000202c2dac9a0, C4<>;
S_00000202c2c43e60 .scope generate, "mag_sign[9]" "mag_sign[9]" 3 69, 3 69 0, S_00000202c2c3c620;
 .timescale -9 -12;
P_00000202c2c33260 .param/l "gi" 0 3 69, +C4<01001>;
L_00000202c2c278e0 .functor NOT 6, L_00000202c2dae0c0, C4<000000>, C4<000000>, C4<000000>;
L_00000202c2d64950 .functor BUFT 1, C4<000001>, C4<0>, C4<0>, C4<0>;
v00000202c2d5db10_0 .net/2u *"_ivl_11", 5 0, L_00000202c2d64950;  1 drivers
v00000202c2d5d750_0 .net *"_ivl_13", 5 0, L_00000202c2dad760;  1 drivers
v00000202c2d5df70_0 .net *"_ivl_17", 5 0, L_00000202c2dad300;  1 drivers
v00000202c2d5e8d0_0 .net *"_ivl_8", 5 0, L_00000202c2dae0c0;  1 drivers
v00000202c2d5d250_0 .net *"_ivl_9", 5 0, L_00000202c2c278e0;  1 drivers
L_00000202c2dae020 .part L_00000202c2d5f710, 6, 1;
L_00000202c2dae0c0 .part L_00000202c2d5f710, 0, 6;
L_00000202c2dad760 .arith/sum 6, L_00000202c2c278e0, L_00000202c2d64950;
L_00000202c2dad300 .part L_00000202c2d5f710, 0, 6;
L_00000202c2dad3a0 .functor MUXZ 6, L_00000202c2dad300, L_00000202c2dad760, L_00000202c2dae020, C4<>;
S_00000202c2c43ff0 .scope generate, "unpack[0]" "unpack[0]" 3 55, 3 55 0, S_00000202c2c3c620;
 .timescale -9 -12;
P_00000202c2c32320 .param/l "gi" 0 3 55, +C4<00>;
S_00000202c2d5f0d0 .scope generate, "unpack[1]" "unpack[1]" 3 55, 3 55 0, S_00000202c2c3c620;
 .timescale -9 -12;
P_00000202c2c32a60 .param/l "gi" 0 3 55, +C4<01>;
S_00000202c2d5f260 .scope generate, "unpack[2]" "unpack[2]" 3 55, 3 55 0, S_00000202c2c3c620;
 .timescale -9 -12;
P_00000202c2c323a0 .param/l "gi" 0 3 55, +C4<010>;
S_00000202c2d5f3f0 .scope generate, "unpack[3]" "unpack[3]" 3 55, 3 55 0, S_00000202c2c3c620;
 .timescale -9 -12;
P_00000202c2c32420 .param/l "gi" 0 3 55, +C4<011>;
S_00000202c2c5e280 .scope generate, "unpack[4]" "unpack[4]" 3 55, 3 55 0, S_00000202c2c3c620;
 .timescale -9 -12;
P_00000202c2c32be0 .param/l "gi" 0 3 55, +C4<0100>;
S_00000202c2c5e0f0 .scope generate, "unpack[5]" "unpack[5]" 3 55, 3 55 0, S_00000202c2c3c620;
 .timescale -9 -12;
P_00000202c2c326a0 .param/l "gi" 0 3 55, +C4<0101>;
S_00000202c2c5df60 .scope generate, "unpack[6]" "unpack[6]" 3 55, 3 55 0, S_00000202c2c3c620;
 .timescale -9 -12;
P_00000202c2c32aa0 .param/l "gi" 0 3 55, +C4<0110>;
S_00000202c2c5ea50 .scope generate, "unpack[7]" "unpack[7]" 3 55, 3 55 0, S_00000202c2c3c620;
 .timescale -9 -12;
P_00000202c2c32ae0 .param/l "gi" 0 3 55, +C4<0111>;
S_00000202c2c5e730 .scope generate, "unpack[8]" "unpack[8]" 3 55, 3 55 0, S_00000202c2c3c620;
 .timescale -9 -12;
P_00000202c2c32c20 .param/l "gi" 0 3 55, +C4<01000>;
S_00000202c2c5e8c0 .scope generate, "unpack[9]" "unpack[9]" 3 55, 3 55 0, S_00000202c2c3c620;
 .timescale -9 -12;
P_00000202c2c324a0 .param/l "gi" 0 3 55, +C4<01001>;
S_00000202c2c5ebe0 .scope task, "golden_iams" "golden_iams" 2 79, 2 79 0, S_00000202c2c3e450;
 .timescale -9 -12;
v00000202c2d5d4d0_0 .var "alpha_mag", 5 0;
v00000202c2d5e1f0_0 .var "delta", 5 0;
v00000202c2d5e5b0_0 .var/i "idx1", 31 0;
v00000202c2d5ee70_0 .var/i "idx2", 31 0;
v00000202c2d5d570_0 .var/i "ii", 31 0;
v00000202c2d5e0b0_0 .var "inp", 69 0;
v00000202c2d5e650_0 .var/i "jj", 31 0;
v00000202c2d5ed30 .array "mag_i", 9 0, 5 0;
v00000202c2d5e790_0 .var "min1", 5 0;
v00000202c2d5efb0_0 .var "min2", 5 0;
v00000202c2d5dcf0 .array/s "msg_i", 9 0, 6 0;
v00000202c2d5d6b0_0 .var/s "out_msg", 6 0;
v00000202c2d5e830_0 .var "out_sign", 0 0;
v00000202c2d5de30_0 .var "outp", 69 0;
v00000202c2d5e150 .array "sgn_i", 9 0, 0 0;
v00000202c2d5e290_0 .var "sign_total", 0 0;
v00000202c2d5e330_0 .var "temp", 5 0;
TD_tb_cnu_iams.golden_iams ;
    %pushi/vec4 0, 0, 32;
    %store/vec4 v00000202c2d5d570_0, 0, 32;
T_1.6 ;
    %load/vec4 v00000202c2d5d570_0;
    %cmpi/s 10, 0, 32;
    %jmp/0xz T_1.7, 5;
    %load/vec4 v00000202c2d5e0b0_0;
    %load/vec4 v00000202c2d5d570_0;
    %muli 7, 0, 32;
    %part/s 7;
    %ix/getv/s 4, v00000202c2d5d570_0;
    %store/vec4a v00000202c2d5dcf0, 4, 0;
    %ix/getv/s 4, v00000202c2d5d570_0;
    %load/vec4a v00000202c2d5dcf0, 4;
    %parti/s 1, 6, 4;
    %ix/getv/s 4, v00000202c2d5d570_0;
    %store/vec4a v00000202c2d5e150, 4, 0;
    %ix/getv/s 4, v00000202c2d5d570_0;
    %load/vec4a v00000202c2d5e150, 4;
    %flag_set/vec4 8;
    %jmp/0 T_1.8, 8;
    %ix/getv/s 4, v00000202c2d5d570_0;
    %load/vec4a v00000202c2d5dcf0, 4;
    %parti/s 6, 0, 2;
    %inv;
    %addi 1, 0, 6;
    %jmp/1 T_1.9, 8;
T_1.8 ; End of true expr.
    %ix/getv/s 4, v00000202c2d5d570_0;
    %load/vec4a v00000202c2d5dcf0, 4;
    %parti/s 6, 0, 2;
    %jmp/0 T_1.9, 8;
 ; End of false expr.
    %blend;
T_1.9;
    %ix/getv/s 4, v00000202c2d5d570_0;
    %store/vec4a v00000202c2d5ed30, 4, 0;
    %load/vec4 v00000202c2d5d570_0;
    %addi 1, 0, 32;
    %store/vec4 v00000202c2d5d570_0, 0, 32;
    %jmp T_1.6;
T_1.7 ;
    %pushi/vec4 0, 0, 1;
    %store/vec4 v00000202c2d5e290_0, 0, 1;
    %pushi/vec4 0, 0, 32;
    %store/vec4 v00000202c2d5d570_0, 0, 32;
T_1.10 ;
    %load/vec4 v00000202c2d5d570_0;
    %cmpi/s 10, 0, 32;
    %jmp/0xz T_1.11, 5;
    %load/vec4 v00000202c2d5e290_0;
    %ix/getv/s 4, v00000202c2d5d570_0;
    %load/vec4a v00000202c2d5e150, 4;
    %xor;
    %store/vec4 v00000202c2d5e290_0, 0, 1;
    %load/vec4 v00000202c2d5d570_0;
    %addi 1, 0, 32;
    %store/vec4 v00000202c2d5d570_0, 0, 32;
    %jmp T_1.10;
T_1.11 ;
    %pushi/vec4 63, 0, 6;
    %store/vec4 v00000202c2d5e790_0, 0, 6;
    %pushi/vec4 63, 0, 6;
    %store/vec4 v00000202c2d5efb0_0, 0, 6;
    %pushi/vec4 0, 0, 32;
    %store/vec4 v00000202c2d5e5b0_0, 0, 32;
    %pushi/vec4 0, 0, 32;
    %store/vec4 v00000202c2d5ee70_0, 0, 32;
    %pushi/vec4 0, 0, 32;
    %store/vec4 v00000202c2d5d570_0, 0, 32;
T_1.12 ;
    %load/vec4 v00000202c2d5d570_0;
    %cmpi/s 10, 0, 32;
    %jmp/0xz T_1.13, 5;
    %ix/getv/s 4, v00000202c2d5d570_0;
    %load/vec4a v00000202c2d5ed30, 4;
    %load/vec4 v00000202c2d5e790_0;
    %cmp/u;
    %flag_or 5, 4;
    %jmp/0xz  T_1.14, 5;
    %load/vec4 v00000202c2d5e790_0;
    %store/vec4 v00000202c2d5efb0_0, 0, 6;
    %load/vec4 v00000202c2d5e5b0_0;
    %store/vec4 v00000202c2d5ee70_0, 0, 32;
    %ix/getv/s 4, v00000202c2d5d570_0;
    %load/vec4a v00000202c2d5ed30, 4;
    %store/vec4 v00000202c2d5e790_0, 0, 6;
    %load/vec4 v00000202c2d5d570_0;
    %store/vec4 v00000202c2d5e5b0_0, 0, 32;
    %jmp T_1.15;
T_1.14 ;
    %ix/getv/s 4, v00000202c2d5d570_0;
    %load/vec4a v00000202c2d5ed30, 4;
    %load/vec4 v00000202c2d5efb0_0;
    %cmp/u;
    %jmp/0xz  T_1.16, 5;
    %ix/getv/s 4, v00000202c2d5d570_0;
    %load/vec4a v00000202c2d5ed30, 4;
    %store/vec4 v00000202c2d5efb0_0, 0, 6;
    %load/vec4 v00000202c2d5d570_0;
    %store/vec4 v00000202c2d5ee70_0, 0, 32;
T_1.16 ;
T_1.15 ;
    %load/vec4 v00000202c2d5d570_0;
    %addi 1, 0, 32;
    %store/vec4 v00000202c2d5d570_0, 0, 32;
    %jmp T_1.12;
T_1.13 ;
    %load/vec4 v00000202c2d5e790_0;
    %load/vec4 v00000202c2d5efb0_0;
    %cmp/u;
    %flag_or 5, 4;
    %flag_mov 8, 5;
    %jmp/0 T_1.18, 8;
    %load/vec4 v00000202c2d5efb0_0;
    %load/vec4 v00000202c2d5e790_0;
    %sub;
    %jmp/1 T_1.19, 8;
T_1.18 ; End of true expr.
    %pushi/vec4 0, 0, 6;
    %jmp/0 T_1.19, 8;
 ; End of false expr.
    %blend;
T_1.19;
    %store/vec4 v00000202c2d5e1f0_0, 0, 6;
    %pushi/vec4 0, 0, 32;
    %store/vec4 v00000202c2d5e650_0, 0, 32;
T_1.20 ;
    %load/vec4 v00000202c2d5e650_0;
    %cmpi/s 10, 0, 32;
    %jmp/0xz T_1.21, 5;
    %load/vec4 v00000202c2d5e290_0;
    %ix/getv/s 4, v00000202c2d5e650_0;
    %load/vec4a v00000202c2d5e150, 4;
    %xor;
    %store/vec4 v00000202c2d5e830_0, 0, 1;
    %load/vec4 v00000202c2d5e650_0;
    %load/vec4 v00000202c2d5e5b0_0;
    %cmp/e;
    %jmp/0xz  T_1.22, 4;
    %load/vec4 v00000202c2d5efb0_0;
    %store/vec4 v00000202c2d5d4d0_0, 0, 6;
    %jmp T_1.23;
T_1.22 ;
    %load/vec4 v00000202c2d5e650_0;
    %load/vec4 v00000202c2d5ee70_0;
    %cmp/e;
    %jmp/0xz  T_1.24, 4;
    %load/vec4 v00000202c2d5e790_0;
    %store/vec4 v00000202c2d5d4d0_0, 0, 6;
    %jmp T_1.25;
T_1.24 ;
    %load/vec4 v00000202c2d5e1f0_0;
    %pad/u 32;
    %cmpi/e 0, 0, 32;
    %jmp/0xz  T_1.26, 4;
    %load/vec4 v00000202c2d5e790_0;
    %pad/u 32;
    %cmpi/u 0, 0, 32;
    %flag_or 5, 4; GT is !LE
    %flag_inv 5;
    %flag_mov 8, 5;
    %jmp/0 T_1.28, 8;
    %load/vec4 v00000202c2d5e790_0;
    %subi 1, 0, 6;
    %jmp/1 T_1.29, 8;
T_1.28 ; End of true expr.
    %pushi/vec4 0, 0, 6;
    %jmp/0 T_1.29, 8;
 ; End of false expr.
    %blend;
T_1.29;
    %store/vec4 v00000202c2d5d4d0_0, 0, 6;
    %jmp T_1.27;
T_1.26 ;
    %load/vec4 v00000202c2d5e790_0;
    %store/vec4 v00000202c2d5d4d0_0, 0, 6;
T_1.27 ;
T_1.25 ;
T_1.23 ;
    %load/vec4 v00000202c2d5d4d0_0;
    %pad/u 32;
    %cmpi/e 0, 0, 32;
    %jmp/0xz  T_1.30, 4;
    %pushi/vec4 0, 0, 7;
    %store/vec4 v00000202c2d5d6b0_0, 0, 7;
    %jmp T_1.31;
T_1.30 ;
    %load/vec4 v00000202c2d5e830_0;
    %flag_set/vec4 8;
    %jmp/0xz  T_1.32, 8;
    %load/vec4 v00000202c2d5d4d0_0;
    %inv;
    %addi 1, 0, 6;
    %store/vec4 v00000202c2d5e330_0, 0, 6;
    %pushi/vec4 1, 0, 1;
    %load/vec4 v00000202c2d5e330_0;
    %concat/vec4; draw_concat_vec4
    %store/vec4 v00000202c2d5d6b0_0, 0, 7;
    %jmp T_1.33;
T_1.32 ;
    %pushi/vec4 0, 0, 1;
    %load/vec4 v00000202c2d5d4d0_0;
    %concat/vec4; draw_concat_vec4
    %store/vec4 v00000202c2d5d6b0_0, 0, 7;
T_1.33 ;
T_1.31 ;
    %load/vec4 v00000202c2d5d6b0_0;
    %load/vec4 v00000202c2d5e650_0;
    %muli 7, 0, 32;
    %ix/vec4/s 4;
    %store/vec4 v00000202c2d5de30_0, 4, 7;
    %load/vec4 v00000202c2d5e650_0;
    %addi 1, 0, 32;
    %store/vec4 v00000202c2d5e650_0, 0, 32;
    %jmp T_1.20;
T_1.21 ;
    %end;
S_00000202c2c5ed70 .scope task, "pack_msgs" "pack_msgs" 2 60, 2 60 0, S_00000202c2c3e450;
 .timescale -9 -12;
v00000202c2d5e970_0 .var/s "m0", 6 0;
v00000202c2d60f70_0 .var/s "m1", 6 0;
v00000202c2d60070_0 .var/s "m2", 6 0;
v00000202c2d5f850_0 .var/s "m3", 6 0;
v00000202c2d60a70_0 .var/s "m4", 6 0;
v00000202c2d61150_0 .var/s "m5", 6 0;
v00000202c2d61330_0 .var/s "m6", 6 0;
v00000202c2d613d0_0 .var/s "m7", 6 0;
v00000202c2d5fd50_0 .var/s "m8", 6 0;
v00000202c2d61010_0 .var/s "m9", 6 0;
TD_tb_cnu_iams.pack_msgs ;
    %load/vec4 v00000202c2d5e970_0;
    %ix/load 4, 0, 0;
    %flag_set/imm 4, 0;
    %store/vec4 v00000202c2d602f0_0, 4, 7;
    %load/vec4 v00000202c2d60f70_0;
    %ix/load 4, 7, 0;
    %flag_set/imm 4, 0;
    %store/vec4 v00000202c2d602f0_0, 4, 7;
    %load/vec4 v00000202c2d60070_0;
    %ix/load 4, 14, 0;
    %flag_set/imm 4, 0;
    %store/vec4 v00000202c2d602f0_0, 4, 7;
    %load/vec4 v00000202c2d5f850_0;
    %ix/load 4, 21, 0;
    %flag_set/imm 4, 0;
    %store/vec4 v00000202c2d602f0_0, 4, 7;
    %load/vec4 v00000202c2d60a70_0;
    %ix/load 4, 28, 0;
    %flag_set/imm 4, 0;
    %store/vec4 v00000202c2d602f0_0, 4, 7;
    %load/vec4 v00000202c2d61150_0;
    %ix/load 4, 35, 0;
    %flag_set/imm 4, 0;
    %store/vec4 v00000202c2d602f0_0, 4, 7;
    %load/vec4 v00000202c2d61330_0;
    %ix/load 4, 42, 0;
    %flag_set/imm 4, 0;
    %store/vec4 v00000202c2d602f0_0, 4, 7;
    %load/vec4 v00000202c2d613d0_0;
    %ix/load 4, 49, 0;
    %flag_set/imm 4, 0;
    %store/vec4 v00000202c2d602f0_0, 4, 7;
    %load/vec4 v00000202c2d5fd50_0;
    %ix/load 4, 56, 0;
    %flag_set/imm 4, 0;
    %store/vec4 v00000202c2d602f0_0, 4, 7;
    %load/vec4 v00000202c2d61010_0;
    %ix/load 4, 63, 0;
    %flag_set/imm 4, 0;
    %store/vec4 v00000202c2d602f0_0, 4, 7;
    %end;
    .scope S_00000202c2c3c620;
T_3 ;
    %wait E_00000202c2c33220;
    %pushi/vec4 0, 0, 1;
    %store/vec4 v00000202c2d5d1b0_0, 0, 1;
    %pushi/vec4 0, 0, 32;
    %store/vec4 v00000202c2d5ded0_0, 0, 32;
T_3.0 ;
    %load/vec4 v00000202c2d5ded0_0;
    %cmpi/s 10, 0, 32;
    %jmp/0xz T_3.1, 5;
    %load/vec4 v00000202c2d5d1b0_0;
    %ix/getv/s 4, v00000202c2d5ded0_0;
    %load/vec4a v00000202c2d5d430, 4;
    %xor;
    %store/vec4 v00000202c2d5d1b0_0, 0, 1;
    %load/vec4 v00000202c2d5ded0_0;
    %addi 1, 0, 32;
    %store/vec4 v00000202c2d5ded0_0, 0, 32;
    %jmp T_3.0;
T_3.1 ;
    %jmp T_3;
    .thread T_3, $push;
    .scope S_00000202c2c3c620;
T_4 ;
    %wait E_00000202c2c33160;
    %pushi/vec4 63, 0, 6;
    %store/vec4 v00000202c2d5e470_0, 0, 6;
    %pushi/vec4 63, 0, 6;
    %store/vec4 v00000202c2d5dd90_0, 0, 6;
    %pushi/vec4 0, 0, 4;
    %store/vec4 v00000202c2d5d7f0_0, 0, 4;
    %pushi/vec4 0, 0, 4;
    %store/vec4 v00000202c2d5d890_0, 0, 4;
    %pushi/vec4 0, 0, 32;
    %store/vec4 v00000202c2d5eb50_0, 0, 32;
T_4.0 ;
    %load/vec4 v00000202c2d5eb50_0;
    %cmpi/s 10, 0, 32;
    %jmp/0xz T_4.1, 5;
    %ix/getv/s 4, v00000202c2d5eb50_0;
    %load/vec4a v00000202c2d5eab0, 4;
    %load/vec4 v00000202c2d5e470_0;
    %cmp/u;
    %flag_or 5, 4;
    %jmp/0xz  T_4.2, 5;
    %load/vec4 v00000202c2d5e470_0;
    %store/vec4 v00000202c2d5dd90_0, 0, 6;
    %load/vec4 v00000202c2d5d7f0_0;
    %store/vec4 v00000202c2d5d890_0, 0, 4;
    %ix/getv/s 4, v00000202c2d5eb50_0;
    %load/vec4a v00000202c2d5eab0, 4;
    %store/vec4 v00000202c2d5e470_0, 0, 6;
    %load/vec4 v00000202c2d5eb50_0;
    %parti/s 4, 0, 2;
    %store/vec4 v00000202c2d5d7f0_0, 0, 4;
    %jmp T_4.3;
T_4.2 ;
    %ix/getv/s 4, v00000202c2d5eb50_0;
    %load/vec4a v00000202c2d5eab0, 4;
    %load/vec4 v00000202c2d5dd90_0;
    %cmp/u;
    %jmp/0xz  T_4.4, 5;
    %ix/getv/s 4, v00000202c2d5eb50_0;
    %load/vec4a v00000202c2d5eab0, 4;
    %store/vec4 v00000202c2d5dd90_0, 0, 6;
    %load/vec4 v00000202c2d5eb50_0;
    %parti/s 4, 0, 2;
    %store/vec4 v00000202c2d5d890_0, 0, 4;
T_4.4 ;
T_4.3 ;
    %load/vec4 v00000202c2d5eb50_0;
    %addi 1, 0, 32;
    %store/vec4 v00000202c2d5eb50_0, 0, 32;
    %jmp T_4.0;
T_4.1 ;
    %jmp T_4;
    .thread T_4, $push;
    .scope S_00000202c2c3c620;
T_5 ;
    %wait E_00000202c2c32960;
    %pushi/vec4 0, 0, 32;
    %store/vec4 v00000202c2d5d930_0, 0, 32;
T_5.0 ;
    %load/vec4 v00000202c2d5d930_0;
    %cmpi/s 10, 0, 32;
    %jmp/0xz T_5.1, 5;
    %load/vec4 v00000202c2d5d1b0_0;
    %ix/getv/s 4, v00000202c2d5d930_0;
    %load/vec4a v00000202c2d5d430, 4;
    %xor;
    %store/vec4 v00000202c2d5d110_0, 0, 1;
    %load/vec4 v00000202c2d5d930_0;
    %parti/s 4, 0, 2;
    %load/vec4 v00000202c2d5d7f0_0;
    %cmp/e;
    %jmp/0xz  T_5.2, 4;
    %load/vec4 v00000202c2d5dd90_0;
    %store/vec4 v00000202c2d5d390_0, 0, 6;
    %jmp T_5.3;
T_5.2 ;
    %load/vec4 v00000202c2d5d930_0;
    %parti/s 4, 0, 2;
    %load/vec4 v00000202c2d5d890_0;
    %cmp/e;
    %jmp/0xz  T_5.4, 4;
    %load/vec4 v00000202c2d5e470_0;
    %store/vec4 v00000202c2d5d390_0, 0, 6;
    %jmp T_5.5;
T_5.4 ;
    %load/vec4 v00000202c2d5ea10_0;
    %cmpi/e 0, 0, 6;
    %jmp/0xz  T_5.6, 4;
    %load/vec4 v00000202c2d5e470_0;
    %cmpi/u 1, 0, 6;
    %flag_or 5, 4; GT is !LE
    %flag_inv 5;
    %flag_mov 8, 5;
    %jmp/0 T_5.8, 8;
    %load/vec4 v00000202c2d5e470_0;
    %subi 1, 0, 6;
    %jmp/1 T_5.9, 8;
T_5.8 ; End of true expr.
    %pushi/vec4 0, 0, 6;
    %jmp/0 T_5.9, 8;
 ; End of false expr.
    %blend;
T_5.9;
    %store/vec4 v00000202c2d5d390_0, 0, 6;
    %jmp T_5.7;
T_5.6 ;
    %load/vec4 v00000202c2d5e470_0;
    %store/vec4 v00000202c2d5d390_0, 0, 6;
T_5.7 ;
T_5.5 ;
T_5.3 ;
    %load/vec4 v00000202c2d5d390_0;
    %cmpi/e 0, 0, 6;
    %jmp/0xz  T_5.10, 4;
    %pushi/vec4 0, 0, 7;
    %ix/getv/s 4, v00000202c2d5d930_0;
    %store/vec4a v00000202c2d5ef10, 4, 0;
    %jmp T_5.11;
T_5.10 ;
    %load/vec4 v00000202c2d5d110_0;
    %flag_set/vec4 8;
    %jmp/0xz  T_5.12, 8;
    %pushi/vec4 1, 0, 1;
    %load/vec4 v00000202c2d5d390_0;
    %inv;
    %addi 1, 0, 6;
    %concat/vec4; draw_concat_vec4
    %ix/getv/s 4, v00000202c2d5d930_0;
    %store/vec4a v00000202c2d5ef10, 4, 0;
    %jmp T_5.13;
T_5.12 ;
    %pushi/vec4 0, 0, 1;
    %load/vec4 v00000202c2d5d390_0;
    %concat/vec4; draw_concat_vec4
    %ix/getv/s 4, v00000202c2d5d930_0;
    %store/vec4a v00000202c2d5ef10, 4, 0;
T_5.13 ;
T_5.11 ;
    %load/vec4 v00000202c2d5d930_0;
    %addi 1, 0, 32;
    %store/vec4 v00000202c2d5d930_0, 0, 32;
    %jmp T_5.0;
T_5.1 ;
    %jmp T_5;
    .thread T_5, $push;
    .scope S_00000202c2c3c620;
T_6 ;
    %wait E_00000202c2c331e0;
    %load/vec4 v00000202c2d5ec90_0;
    %nor/r;
    %flag_set/vec4 8;
    %jmp/0xz  T_6.0, 8;
    %pushi/vec4 0, 0, 70;
    %assign/vec4 v00000202c2d5dc50_0, 0;
    %pushi/vec4 0, 0, 1;
    %assign/vec4 v00000202c2d5e010_0, 0;
    %jmp T_6.1;
T_6.0 ;
    %load/vec4 v00000202c2d5da70_0;
    %assign/vec4 v00000202c2d5e010_0, 0;
    %pushi/vec4 0, 0, 32;
    %store/vec4 v00000202c2d5d610_0, 0, 32;
T_6.2 ;
    %load/vec4 v00000202c2d5d610_0;
    %cmpi/s 10, 0, 32;
    %jmp/0xz T_6.3, 5;
    %ix/getv/s 4, v00000202c2d5d610_0;
    %load/vec4a v00000202c2d5ef10, 4;
    %ix/load 5, 0, 0;
    %load/vec4 v00000202c2d5d610_0;
    %muli 7, 0, 32;
    %ix/vec4/s 4;
    %assign/vec4/off/d v00000202c2d5dc50_0, 4, 5;
    %load/vec4 v00000202c2d5d610_0;
    %addi 1, 0, 32;
    %store/vec4 v00000202c2d5d610_0, 0, 32;
    %jmp T_6.2;
T_6.3 ;
T_6.1 ;
    %jmp T_6;
    .thread T_6;
    .scope S_00000202c2c3e450;
T_7 ;
    %pushi/vec4 0, 0, 1;
    %store/vec4 v00000202c2d601b0_0, 0, 1;
    %pushi/vec4 0, 0, 32;
    %store/vec4 v00000202c2d604d0_0, 0, 32;
    %pushi/vec4 0, 0, 32;
    %store/vec4 v00000202c2d5f7b0_0, 0, 32;
    %pushi/vec4 42, 0, 32;
    %store/vec4 v00000202c2d61290_0, 0, 32;
    %end;
    .thread T_7;
    .scope S_00000202c2c3e450;
T_8 ;
    %delay 5000, 0;
    %load/vec4 v00000202c2d601b0_0;
    %inv;
    %store/vec4 v00000202c2d601b0_0, 0, 1;
    %jmp T_8;
    .thread T_8;
    .scope S_00000202c2c3e450;
T_9 ;
    %pushi/vec4 0, 0, 1;
    %store/vec4 v00000202c2d60ed0_0, 0, 1;
    %delay 25000, 0;
    %pushi/vec4 1, 0, 1;
    %store/vec4 v00000202c2d60ed0_0, 0, 1;
    %end;
    .thread T_9;
    .scope S_00000202c2c3e450;
T_10 ;
    %pushi/vec4 0, 0, 1;
    %store/vec4 v00000202c2d5f5d0_0, 0, 1;
    %pushi/vec4 0, 0, 70;
    %store/vec4 v00000202c2d602f0_0, 0, 70;
    %wait E_00000202c2c32920;
    %wait E_00000202c2c325e0;
    %delay 1000, 0;
    %vpi_call 2 200 "$display", "=================================================================" {0 0 0};
    %vpi_call 2 201 "$display", "  IAMS CNU Testbench  (DC=%0d, QW=%0d)", P_00000202c2c24160, P_00000202c2c24240 {0 0 0};
    %vpi_call 2 202 "$display", "=================================================================" {0 0 0};
    %wait E_00000202c2c325e0;
    %delay 1000, 0;
    %load/vec4 v00000202c2d5fad0_0;
    %cmpi/ne 0, 0, 1;
    %jmp/0xz  T_10.0, 6;
    %vpi_call 2 209 "$display", "[FAIL] T1: valid_out should be 0 after reset, got %0b", v00000202c2d5fad0_0 {0 0 0};
    %jmp T_10.1;
T_10.0 ;
    %vpi_call 2 211 "$display", "[PASS] T1: reset state correct" {0 0 0};
T_10.1 ;
    %pushi/vec4 0, 0, 7;
    %store/vec4 v00000202c2d5e970_0, 0, 7;
    %pushi/vec4 0, 0, 7;
    %store/vec4 v00000202c2d60f70_0, 0, 7;
    %pushi/vec4 0, 0, 7;
    %store/vec4 v00000202c2d60070_0, 0, 7;
    %pushi/vec4 0, 0, 7;
    %store/vec4 v00000202c2d5f850_0, 0, 7;
    %pushi/vec4 0, 0, 7;
    %store/vec4 v00000202c2d60a70_0, 0, 7;
    %pushi/vec4 0, 0, 7;
    %store/vec4 v00000202c2d61150_0, 0, 7;
    %pushi/vec4 0, 0, 7;
    %store/vec4 v00000202c2d61330_0, 0, 7;
    %pushi/vec4 0, 0, 7;
    %store/vec4 v00000202c2d613d0_0, 0, 7;
    %pushi/vec4 0, 0, 7;
    %store/vec4 v00000202c2d5fd50_0, 0, 7;
    %pushi/vec4 0, 0, 7;
    %store/vec4 v00000202c2d61010_0, 0, 7;
    %fork TD_tb_cnu_iams.pack_msgs, S_00000202c2c5ed70;
    %join;
    %pushi/vec4 1, 0, 1;
    %store/vec4 v00000202c2d5f5d0_0, 0, 1;
    %wait E_00000202c2c325e0;
    %delay 1000, 0;
    %pushi/vec4 0, 0, 1;
    %store/vec4 v00000202c2d5f5d0_0, 0, 1;
    %wait E_00000202c2c325e0;
    %delay 1000, 0;
    %pushi/vec4 0, 0, 70;
    %store/vec4 v00000202c2d5e0b0_0, 0, 70;
    %fork TD_tb_cnu_iams.golden_iams, S_00000202c2c5ebe0;
    %join;
    %load/vec4 v00000202c2d5de30_0;
    %store/vec4 v00000202c2d5fc10_0, 0, 70;
    %load/vec4 v00000202c2d5fdf0_0;
    %store/vec4 v00000202c2c28a50_0, 0, 70;
    %load/vec4 v00000202c2d5fc10_0;
    %store/vec4 v00000202c2c29b30_0, 0, 70;
    %pushi/vec4 2, 0, 64;
    %store/vec4 v00000202c2c27f10_0, 0, 64;
    %fork TD_tb_cnu_iams.check_output, S_00000202c2c3c490;
    %join;
    %pushi/vec4 3, 0, 7;
    %store/vec4 v00000202c2d5e970_0, 0, 7;
    %pushi/vec4 123, 0, 7;
    %store/vec4 v00000202c2d60f70_0, 0, 7;
    %pushi/vec4 2, 0, 7;
    %store/vec4 v00000202c2d60070_0, 0, 7;
    %pushi/vec4 122, 0, 7;
    %store/vec4 v00000202c2d5f850_0, 0, 7;
    %pushi/vec4 4, 0, 7;
    %store/vec4 v00000202c2d60a70_0, 0, 7;
    %pushi/vec4 126, 0, 7;
    %store/vec4 v00000202c2d61150_0, 0, 7;
    %pushi/vec4 1, 0, 7;
    %store/vec4 v00000202c2d61330_0, 0, 7;
    %pushi/vec4 124, 0, 7;
    %store/vec4 v00000202c2d613d0_0, 0, 7;
    %pushi/vec4 3, 0, 7;
    %store/vec4 v00000202c2d5fd50_0, 0, 7;
    %pushi/vec4 2, 0, 7;
    %store/vec4 v00000202c2d61010_0, 0, 7;
    %fork TD_tb_cnu_iams.pack_msgs, S_00000202c2c5ed70;
    %join;
    %pushi/vec4 1, 0, 1;
    %store/vec4 v00000202c2d5f5d0_0, 0, 1;
    %wait E_00000202c2c325e0;
    %delay 1000, 0;
    %pushi/vec4 0, 0, 1;
    %store/vec4 v00000202c2d5f5d0_0, 0, 1;
    %wait E_00000202c2c325e0;
    %delay 1000, 0;
    %pushi/vec4 3, 0, 7;
    %ix/load 4, 0, 0;
    %flag_set/imm 4, 0;
    %store/vec4 v00000202c2d610b0_0, 4, 7;
    %pushi/vec4 123, 0, 7;
    %ix/load 4, 7, 0;
    %flag_set/imm 4, 0;
    %store/vec4 v00000202c2d610b0_0, 4, 7;
    %pushi/vec4 2, 0, 7;
    %ix/load 4, 14, 0;
    %flag_set/imm 4, 0;
    %store/vec4 v00000202c2d610b0_0, 4, 7;
    %pushi/vec4 122, 0, 7;
    %ix/load 4, 21, 0;
    %flag_set/imm 4, 0;
    %store/vec4 v00000202c2d610b0_0, 4, 7;
    %pushi/vec4 4, 0, 7;
    %ix/load 4, 28, 0;
    %flag_set/imm 4, 0;
    %store/vec4 v00000202c2d610b0_0, 4, 7;
    %pushi/vec4 126, 0, 7;
    %ix/load 4, 35, 0;
    %flag_set/imm 4, 0;
    %store/vec4 v00000202c2d610b0_0, 4, 7;
    %pushi/vec4 1, 0, 7;
    %ix/load 4, 42, 0;
    %flag_set/imm 4, 0;
    %store/vec4 v00000202c2d610b0_0, 4, 7;
    %pushi/vec4 124, 0, 7;
    %ix/load 4, 49, 0;
    %flag_set/imm 4, 0;
    %store/vec4 v00000202c2d610b0_0, 4, 7;
    %pushi/vec4 3, 0, 7;
    %ix/load 4, 56, 0;
    %flag_set/imm 4, 0;
    %store/vec4 v00000202c2d610b0_0, 4, 7;
    %pushi/vec4 2, 0, 7;
    %ix/load 4, 63, 0;
    %flag_set/imm 4, 0;
    %store/vec4 v00000202c2d610b0_0, 4, 7;
    %load/vec4 v00000202c2d610b0_0;
    %store/vec4 v00000202c2d5e0b0_0, 0, 70;
    %fork TD_tb_cnu_iams.golden_iams, S_00000202c2c5ebe0;
    %join;
    %load/vec4 v00000202c2d5de30_0;
    %store/vec4 v00000202c2d5fc10_0, 0, 70;
    %load/vec4 v00000202c2d5fdf0_0;
    %store/vec4 v00000202c2c28a50_0, 0, 70;
    %load/vec4 v00000202c2d5fc10_0;
    %store/vec4 v00000202c2c29b30_0, 0, 70;
    %pushi/vec4 3, 0, 64;
    %store/vec4 v00000202c2c27f10_0, 0, 64;
    %fork TD_tb_cnu_iams.check_output, S_00000202c2c3c490;
    %join;
    %pushi/vec4 2, 0, 7;
    %store/vec4 v00000202c2d5e970_0, 0, 7;
    %pushi/vec4 126, 0, 7;
    %store/vec4 v00000202c2d60f70_0, 0, 7;
    %pushi/vec4 5, 0, 7;
    %store/vec4 v00000202c2d60070_0, 0, 7;
    %pushi/vec4 120, 0, 7;
    %store/vec4 v00000202c2d5f850_0, 0, 7;
    %pushi/vec4 3, 0, 7;
    %store/vec4 v00000202c2d60a70_0, 0, 7;
    %pushi/vec4 4, 0, 7;
    %store/vec4 v00000202c2d61150_0, 0, 7;
    %pushi/vec4 6, 0, 7;
    %store/vec4 v00000202c2d61330_0, 0, 7;
    %pushi/vec4 126, 0, 7;
    %store/vec4 v00000202c2d613d0_0, 0, 7;
    %pushi/vec4 7, 0, 7;
    %store/vec4 v00000202c2d5fd50_0, 0, 7;
    %pushi/vec4 3, 0, 7;
    %store/vec4 v00000202c2d61010_0, 0, 7;
    %fork TD_tb_cnu_iams.pack_msgs, S_00000202c2c5ed70;
    %join;
    %pushi/vec4 1, 0, 1;
    %store/vec4 v00000202c2d5f5d0_0, 0, 1;
    %wait E_00000202c2c325e0;
    %delay 1000, 0;
    %pushi/vec4 0, 0, 1;
    %store/vec4 v00000202c2d5f5d0_0, 0, 1;
    %wait E_00000202c2c325e0;
    %delay 1000, 0;
    %pushi/vec4 2, 0, 7;
    %ix/load 4, 0, 0;
    %flag_set/imm 4, 0;
    %store/vec4 v00000202c2d60430_0, 4, 7;
    %pushi/vec4 126, 0, 7;
    %ix/load 4, 7, 0;
    %flag_set/imm 4, 0;
    %store/vec4 v00000202c2d60430_0, 4, 7;
    %pushi/vec4 5, 0, 7;
    %ix/load 4, 14, 0;
    %flag_set/imm 4, 0;
    %store/vec4 v00000202c2d60430_0, 4, 7;
    %pushi/vec4 120, 0, 7;
    %ix/load 4, 21, 0;
    %flag_set/imm 4, 0;
    %store/vec4 v00000202c2d60430_0, 4, 7;
    %pushi/vec4 3, 0, 7;
    %ix/load 4, 28, 0;
    %flag_set/imm 4, 0;
    %store/vec4 v00000202c2d60430_0, 4, 7;
    %pushi/vec4 4, 0, 7;
    %ix/load 4, 35, 0;
    %flag_set/imm 4, 0;
    %store/vec4 v00000202c2d60430_0, 4, 7;
    %pushi/vec4 6, 0, 7;
    %ix/load 4, 42, 0;
    %flag_set/imm 4, 0;
    %store/vec4 v00000202c2d60430_0, 4, 7;
    %pushi/vec4 126, 0, 7;
    %ix/load 4, 49, 0;
    %flag_set/imm 4, 0;
    %store/vec4 v00000202c2d60430_0, 4, 7;
    %pushi/vec4 7, 0, 7;
    %ix/load 4, 56, 0;
    %flag_set/imm 4, 0;
    %store/vec4 v00000202c2d60430_0, 4, 7;
    %pushi/vec4 3, 0, 7;
    %ix/load 4, 63, 0;
    %flag_set/imm 4, 0;
    %store/vec4 v00000202c2d60430_0, 4, 7;
    %load/vec4 v00000202c2d60430_0;
    %store/vec4 v00000202c2d5e0b0_0, 0, 70;
    %fork TD_tb_cnu_iams.golden_iams, S_00000202c2c5ebe0;
    %join;
    %load/vec4 v00000202c2d5de30_0;
    %store/vec4 v00000202c2d5fc10_0, 0, 70;
    %load/vec4 v00000202c2d5fdf0_0;
    %store/vec4 v00000202c2c28a50_0, 0, 70;
    %load/vec4 v00000202c2d5fc10_0;
    %store/vec4 v00000202c2c29b30_0, 0, 70;
    %pushi/vec4 4, 0, 64;
    %store/vec4 v00000202c2c27f10_0, 0, 64;
    %fork TD_tb_cnu_iams.check_output, S_00000202c2c3c490;
    %join;
    %pushi/vec4 3, 0, 7;
    %store/vec4 v00000202c2d5e970_0, 0, 7;
    %pushi/vec4 3, 0, 7;
    %store/vec4 v00000202c2d60f70_0, 0, 7;
    %pushi/vec4 3, 0, 7;
    %store/vec4 v00000202c2d60070_0, 0, 7;
    %pushi/vec4 3, 0, 7;
    %store/vec4 v00000202c2d5f850_0, 0, 7;
    %pushi/vec4 3, 0, 7;
    %store/vec4 v00000202c2d60a70_0, 0, 7;
    %pushi/vec4 3, 0, 7;
    %store/vec4 v00000202c2d61150_0, 0, 7;
    %pushi/vec4 3, 0, 7;
    %store/vec4 v00000202c2d61330_0, 0, 7;
    %pushi/vec4 3, 0, 7;
    %store/vec4 v00000202c2d613d0_0, 0, 7;
    %pushi/vec4 3, 0, 7;
    %store/vec4 v00000202c2d5fd50_0, 0, 7;
    %pushi/vec4 3, 0, 7;
    %store/vec4 v00000202c2d61010_0, 0, 7;
    %fork TD_tb_cnu_iams.pack_msgs, S_00000202c2c5ed70;
    %join;
    %pushi/vec4 1, 0, 1;
    %store/vec4 v00000202c2d5f5d0_0, 0, 1;
    %wait E_00000202c2c325e0;
    %delay 1000, 0;
    %pushi/vec4 0, 0, 1;
    %store/vec4 v00000202c2d5f5d0_0, 0, 1;
    %wait E_00000202c2c325e0;
    %delay 1000, 0;
    %pushi/vec4 0, 0, 32;
    %store/vec4 v00000202c2d60390_0, 0, 32;
T_10.2 ;
    %load/vec4 v00000202c2d60390_0;
    %cmpi/s 10, 0, 32;
    %jmp/0xz T_10.3, 5;
    %pushi/vec4 3, 0, 7;
    %load/vec4 v00000202c2d60390_0;
    %muli 7, 0, 32;
    %ix/vec4/s 4;
    %store/vec4 v00000202c2d611f0_0, 4, 7;
    %load/vec4 v00000202c2d60390_0;
    %addi 1, 0, 32;
    %store/vec4 v00000202c2d60390_0, 0, 32;
    %jmp T_10.2;
T_10.3 ;
    %load/vec4 v00000202c2d611f0_0;
    %store/vec4 v00000202c2d5e0b0_0, 0, 70;
    %fork TD_tb_cnu_iams.golden_iams, S_00000202c2c5ebe0;
    %join;
    %load/vec4 v00000202c2d5de30_0;
    %store/vec4 v00000202c2d5fc10_0, 0, 70;
    %load/vec4 v00000202c2d5fdf0_0;
    %store/vec4 v00000202c2c28a50_0, 0, 70;
    %load/vec4 v00000202c2d5fc10_0;
    %store/vec4 v00000202c2c29b30_0, 0, 70;
    %pushi/vec4 5, 0, 64;
    %store/vec4 v00000202c2c27f10_0, 0, 64;
    %fork TD_tb_cnu_iams.check_output, S_00000202c2c3c490;
    %join;
    %pushi/vec4 63, 0, 7;
    %store/vec4 v00000202c2d5e970_0, 0, 7;
    %pushi/vec4 65, 0, 7;
    %store/vec4 v00000202c2d60f70_0, 0, 7;
    %pushi/vec4 63, 0, 7;
    %store/vec4 v00000202c2d60070_0, 0, 7;
    %pushi/vec4 65, 0, 7;
    %store/vec4 v00000202c2d5f850_0, 0, 7;
    %pushi/vec4 63, 0, 7;
    %store/vec4 v00000202c2d60a70_0, 0, 7;
    %pushi/vec4 65, 0, 7;
    %store/vec4 v00000202c2d61150_0, 0, 7;
    %pushi/vec4 63, 0, 7;
    %store/vec4 v00000202c2d61330_0, 0, 7;
    %pushi/vec4 65, 0, 7;
    %store/vec4 v00000202c2d613d0_0, 0, 7;
    %pushi/vec4 63, 0, 7;
    %store/vec4 v00000202c2d5fd50_0, 0, 7;
    %pushi/vec4 65, 0, 7;
    %store/vec4 v00000202c2d61010_0, 0, 7;
    %fork TD_tb_cnu_iams.pack_msgs, S_00000202c2c5ed70;
    %join;
    %pushi/vec4 1, 0, 1;
    %store/vec4 v00000202c2d5f5d0_0, 0, 1;
    %wait E_00000202c2c325e0;
    %delay 1000, 0;
    %pushi/vec4 0, 0, 1;
    %store/vec4 v00000202c2d5f5d0_0, 0, 1;
    %wait E_00000202c2c325e0;
    %delay 1000, 0;
    %pushi/vec4 0, 0, 32;
    %store/vec4 v00000202c2d5fcb0_0, 0, 32;
T_10.4 ;
    %load/vec4 v00000202c2d5fcb0_0;
    %cmpi/s 10, 0, 32;
    %jmp/0xz T_10.5, 5;
    %pushi/vec4 63, 0, 7;
    %load/vec4 v00000202c2d5fcb0_0;
    %muli 7, 0, 32;
    %ix/vec4/s 4;
    %store/vec4 v00000202c2d60250_0, 4, 7;
    %pushi/vec4 65, 0, 7;
    %load/vec4 v00000202c2d5fcb0_0;
    %addi 1, 0, 32;
    %muli 7, 0, 32;
    %ix/vec4/s 4;
    %store/vec4 v00000202c2d60250_0, 4, 7;
    %load/vec4 v00000202c2d5fcb0_0;
    %addi 2, 0, 32;
    %store/vec4 v00000202c2d5fcb0_0, 0, 32;
    %jmp T_10.4;
T_10.5 ;
    %load/vec4 v00000202c2d60250_0;
    %store/vec4 v00000202c2d5e0b0_0, 0, 70;
    %fork TD_tb_cnu_iams.golden_iams, S_00000202c2c5ebe0;
    %join;
    %load/vec4 v00000202c2d5de30_0;
    %store/vec4 v00000202c2d5fc10_0, 0, 70;
    %load/vec4 v00000202c2d5fdf0_0;
    %store/vec4 v00000202c2c28a50_0, 0, 70;
    %load/vec4 v00000202c2d5fc10_0;
    %store/vec4 v00000202c2c29b30_0, 0, 70;
    %pushi/vec4 6, 0, 64;
    %store/vec4 v00000202c2c27f10_0, 0, 64;
    %fork TD_tb_cnu_iams.check_output, S_00000202c2c3c490;
    %join;
    %pushi/vec4 1, 0, 7;
    %store/vec4 v00000202c2d5e970_0, 0, 7;
    %pushi/vec4 10, 0, 7;
    %store/vec4 v00000202c2d60f70_0, 0, 7;
    %pushi/vec4 12, 0, 7;
    %store/vec4 v00000202c2d60070_0, 0, 7;
    %pushi/vec4 9, 0, 7;
    %store/vec4 v00000202c2d5f850_0, 0, 7;
    %pushi/vec4 8, 0, 7;
    %store/vec4 v00000202c2d60a70_0, 0, 7;
    %pushi/vec4 11, 0, 7;
    %store/vec4 v00000202c2d61150_0, 0, 7;
    %pushi/vec4 15, 0, 7;
    %store/vec4 v00000202c2d61330_0, 0, 7;
    %pushi/vec4 7, 0, 7;
    %store/vec4 v00000202c2d613d0_0, 0, 7;
    %pushi/vec4 10, 0, 7;
    %store/vec4 v00000202c2d5fd50_0, 0, 7;
    %pushi/vec4 11, 0, 7;
    %store/vec4 v00000202c2d61010_0, 0, 7;
    %fork TD_tb_cnu_iams.pack_msgs, S_00000202c2c5ed70;
    %join;
    %pushi/vec4 1, 0, 1;
    %store/vec4 v00000202c2d5f5d0_0, 0, 1;
    %wait E_00000202c2c325e0;
    %delay 1000, 0;
    %pushi/vec4 0, 0, 1;
    %store/vec4 v00000202c2d5f5d0_0, 0, 1;
    %wait E_00000202c2c325e0;
    %delay 1000, 0;
    %pushi/vec4 1, 0, 7;
    %ix/load 4, 0, 0;
    %flag_set/imm 4, 0;
    %store/vec4 v00000202c2d60890_0, 4, 7;
    %pushi/vec4 10, 0, 7;
    %ix/load 4, 7, 0;
    %flag_set/imm 4, 0;
    %store/vec4 v00000202c2d60890_0, 4, 7;
    %pushi/vec4 12, 0, 7;
    %ix/load 4, 14, 0;
    %flag_set/imm 4, 0;
    %store/vec4 v00000202c2d60890_0, 4, 7;
    %pushi/vec4 9, 0, 7;
    %ix/load 4, 21, 0;
    %flag_set/imm 4, 0;
    %store/vec4 v00000202c2d60890_0, 4, 7;
    %pushi/vec4 8, 0, 7;
    %ix/load 4, 28, 0;
    %flag_set/imm 4, 0;
    %store/vec4 v00000202c2d60890_0, 4, 7;
    %pushi/vec4 11, 0, 7;
    %ix/load 4, 35, 0;
    %flag_set/imm 4, 0;
    %store/vec4 v00000202c2d60890_0, 4, 7;
    %pushi/vec4 15, 0, 7;
    %ix/load 4, 42, 0;
    %flag_set/imm 4, 0;
    %store/vec4 v00000202c2d60890_0, 4, 7;
    %pushi/vec4 7, 0, 7;
    %ix/load 4, 49, 0;
    %flag_set/imm 4, 0;
    %store/vec4 v00000202c2d60890_0, 4, 7;
    %pushi/vec4 10, 0, 7;
    %ix/load 4, 56, 0;
    %flag_set/imm 4, 0;
    %store/vec4 v00000202c2d60890_0, 4, 7;
    %pushi/vec4 11, 0, 7;
    %ix/load 4, 63, 0;
    %flag_set/imm 4, 0;
    %store/vec4 v00000202c2d60890_0, 4, 7;
    %load/vec4 v00000202c2d60890_0;
    %store/vec4 v00000202c2d5e0b0_0, 0, 70;
    %fork TD_tb_cnu_iams.golden_iams, S_00000202c2c5ebe0;
    %join;
    %load/vec4 v00000202c2d5de30_0;
    %store/vec4 v00000202c2d5fc10_0, 0, 70;
    %load/vec4 v00000202c2d5fdf0_0;
    %store/vec4 v00000202c2c28a50_0, 0, 70;
    %load/vec4 v00000202c2d5fc10_0;
    %store/vec4 v00000202c2c29b30_0, 0, 70;
    %pushi/vec4 7, 0, 64;
    %store/vec4 v00000202c2c27f10_0, 0, 64;
    %fork TD_tb_cnu_iams.check_output, S_00000202c2c3c490;
    %join;
    %vpi_call 2 327 "$display", "--- Running 1000 random trials ---" {0 0 0};
    %pushi/vec4 8, 0, 32;
    %store/vec4 v00000202c2d60b10_0, 0, 32;
T_10.6 ;
    %load/vec4 v00000202c2d60b10_0;
    %cmpi/s 1008, 0, 32;
    %jmp/0xz T_10.7, 5;
    %pushi/vec4 0, 0, 32;
    %store/vec4 v00000202c2d60570_0, 0, 32;
T_10.8 ;
    %load/vec4 v00000202c2d60570_0;
    %cmpi/s 10, 0, 32;
    %jmp/0xz T_10.9, 5;
    %vpi_func 2 331 "$random" 32, v00000202c2d61290_0 {0 0 0};
    %pushi/vec4 64, 0, 32;
    %mod/s;
    %pad/s 7;
    %store/vec4 v00000202c2d5f990_0, 0, 7;
    %load/vec4 v00000202c2d5f990_0;
    %load/vec4 v00000202c2d60570_0;
    %muli 7, 0, 32;
    %ix/vec4/s 4;
    %store/vec4 v00000202c2d602f0_0, 4, 7;
    %load/vec4 v00000202c2d60570_0;
    %addi 1, 0, 32;
    %store/vec4 v00000202c2d60570_0, 0, 32;
    %jmp T_10.8;
T_10.9 ;
    %pushi/vec4 1, 0, 1;
    %store/vec4 v00000202c2d5f5d0_0, 0, 1;
    %wait E_00000202c2c325e0;
    %delay 1000, 0;
    %pushi/vec4 0, 0, 1;
    %store/vec4 v00000202c2d5f5d0_0, 0, 1;
    %wait E_00000202c2c325e0;
    %delay 1000, 0;
    %load/vec4 v00000202c2d602f0_0;
    %store/vec4 v00000202c2d5e0b0_0, 0, 70;
    %fork TD_tb_cnu_iams.golden_iams, S_00000202c2c5ebe0;
    %join;
    %load/vec4 v00000202c2d5de30_0;
    %store/vec4 v00000202c2d5fc10_0, 0, 70;
    %load/vec4 v00000202c2d5fdf0_0;
    %store/vec4 v00000202c2c28a50_0, 0, 70;
    %load/vec4 v00000202c2d5fc10_0;
    %store/vec4 v00000202c2c29b30_0, 0, 70;
    %load/vec4 v00000202c2d60b10_0;
    %pad/s 64;
    %store/vec4 v00000202c2c27f10_0, 0, 64;
    %fork TD_tb_cnu_iams.check_output, S_00000202c2c3c490;
    %join;
    %load/vec4 v00000202c2d60b10_0;
    %addi 1, 0, 32;
    %store/vec4 v00000202c2d60b10_0, 0, 32;
    %jmp T_10.6;
T_10.7 ;
    %pushi/vec4 0, 0, 1;
    %store/vec4 v00000202c2d5f5d0_0, 0, 1;
    %wait E_00000202c2c325e0;
    %delay 1000, 0;
    %load/vec4 v00000202c2d5fad0_0;
    %pad/u 32;
    %cmpi/ne 0, 0, 32;
    %jmp/0xz  T_10.10, 6;
    %vpi_call 2 348 "$display", "[FAIL] T1008: valid_out should be 0 when valid_in=0" {0 0 0};
    %jmp T_10.11;
T_10.10 ;
    %vpi_call 2 350 "$display", "[PASS] T1008: valid_out gating correct" {0 0 0};
T_10.11 ;
    %vpi_call 2 355 "$display", "\000" {0 0 0};
    %vpi_call 2 356 "$display", "=================================================================" {0 0 0};
    %load/vec4 v00000202c2d604d0_0;
    %load/vec4 v00000202c2d5f7b0_0;
    %add;
    %vpi_call 2 357 "$display", "  Results: %0d PASS,  %0d FAIL  (total %0d)", v00000202c2d604d0_0, v00000202c2d5f7b0_0, S<0,vec4,s32> {1 0 0};
    %load/vec4 v00000202c2d5f7b0_0;
    %cmpi/e 0, 0, 32;
    %jmp/0xz  T_10.12, 4;
    %vpi_call 2 360 "$display", "  *** ALL TESTS PASSED ***" {0 0 0};
    %jmp T_10.13;
T_10.12 ;
    %vpi_call 2 362 "$display", "  *** FAILURES DETECTED \342\200\224 see above ***" {0 0 0};
T_10.13 ;
    %vpi_call 2 363 "$display", "=================================================================" {0 0 0};
    %vpi_call 2 364 "$finish" {0 0 0};
    %end;
    .thread T_10;
    .scope S_00000202c2c3e450;
T_11 ;
    %delay 500000000, 0;
    %vpi_call 2 370 "$display", "TIMEOUT: simulation exceeded 500 us" {0 0 0};
    %vpi_call 2 371 "$finish" {0 0 0};
    %end;
    .thread T_11;
    .scope S_00000202c2c3e450;
T_12 ;
    %vpi_call 2 376 "$dumpfile", "tb_cnu_iams.vcd" {0 0 0};
    %vpi_call 2 377 "$dumpvars", 32'sb00000000000000000000000000000000, S_00000202c2c3e450 {0 0 0};
    %end;
    .thread T_12;
# The file index is used to find the file name in the following table.
:file_names 4;
    "N/A";
    "<interactive>";
    "tb_cnu_iams.v";
    "cnu_iams.v";
