#! /c/Source/iverilog-install/bin/vvp
:ivl_version "12.0 (devel)" "(s20150603-1539-g2693dd32b)";
:ivl_delay_selection "TYPICAL";
:vpi_time_precision - 12;
:vpi_module "C:\iverilog\lib\ivl\system.vpi";
:vpi_module "C:\iverilog\lib\ivl\vhdl_sys.vpi";
:vpi_module "C:\iverilog\lib\ivl\vhdl_textio.vpi";
:vpi_module "C:\iverilog\lib\ivl\v2005_math.vpi";
:vpi_module "C:\iverilog\lib\ivl\va_math.vpi";
S_000002400f73ee70 .scope module, "tb_vnu" "tb_vnu" 2 12;
 .timescale -9 -12;
P_000002400f73f000 .param/l "QTW" 1 2 15, +C4<00000000000000000000000000001000>;
P_000002400f73f038 .param/l "QW" 1 2 14, +C4<00000000000000000000000000000111>;
P_000002400f73f070 .param/l "SAT_APP_MAX" 1 2 17, +C4<01111111>;
P_000002400f73f0a8 .param/l "SAT_APP_MIN" 1 2 18, +C4<10000000>;
P_000002400f73f0e0 .param/l "SAT_MSG_MAX" 1 2 19, +C4<0111111>;
P_000002400f73f118 .param/l "SAT_MSG_MIN" 1 2 20, +C4<1000000>;
v000002400f7b8a40_0 .var/s "alpha_new", 6 0;
v000002400f7b7dc0_0 .var/s "alpha_prev", 6 0;
v000002400f7b7aa0_0 .var/s "app_in", 7 0;
v000002400f7b7640_0 .net/s "app_out", 7 0, v000002400f7b4b10_0;  1 drivers
v000002400f7b7500_0 .net/s "beta_out", 6 0, L_000002400f7b7e60;  1 drivers
v000002400f7b8400_0 .var "clk", 0 0;
v000002400f7b8540_0 .var/i "fail_cnt", 31 0;
v000002400f7b76e0_0 .var/i "pass_cnt", 31 0;
v000002400f7b8040_0 .var/s "r_an", 6 0;
v000002400f7b8180_0 .var/s "r_ap", 6 0;
v000002400f7b7c80_0 .var/s "r_app", 7 0;
v000002400f7b7000_0 .var "rst_n", 0 0;
v000002400f7b87c0_0 .var/i "seed", 31 0;
v000002400f7b73c0_0 .var/i "trial", 31 0;
v000002400f7b75a0_0 .var "valid_in", 0 0;
v000002400f7b6ba0_0 .net "valid_out", 0 0, v000002400f7b4750_0;  1 drivers
E_000002400f759fc0 .event posedge, v000002400f7b5150_0;
S_000002400f73f160 .scope task, "apply_and_check" "apply_and_check" 2 71, 2 71 0, S_000002400f73ee70;
 .timescale -9 -12;
v000002400f72d5b0_0 .var/s "a_in", 7 0;
v000002400f6e6410_0 .var/s "a_new", 6 0;
v000002400f757f00_0 .var/s "a_prev", 6 0;
v000002400f6e65e0_0 .var/s "app_ref", 9 0;
v000002400f6e6950_0 .var/s "beta_ref", 9 0;
v000002400f7349d0_0 .var/s "exp_app", 7 0;
v000002400f7333c0_0 .var/s "exp_beta", 6 0;
v000002400f7b46b0_0 .var/i "test_id", 31 0;
E_000002400f75a000 .event posedge, v000002400f7b4570_0;
TD_tb_vnu.apply_and_check ;
    %load/vec4 v000002400f72d5b0_0;
    %store/vec4 v000002400f7b7aa0_0, 0, 8;
    %load/vec4 v000002400f6e6410_0;
    %store/vec4 v000002400f7b8a40_0, 0, 7;
    %load/vec4 v000002400f757f00_0;
    %store/vec4 v000002400f7b7dc0_0, 0, 7;
    %pushi/vec4 1, 0, 1;
    %store/vec4 v000002400f7b75a0_0, 0, 1;
    %wait E_000002400f75a000;
    %delay 1000, 0;
    %pushi/vec4 0, 0, 1;
    %store/vec4 v000002400f7b75a0_0, 0, 1;
    %load/vec4 v000002400f72d5b0_0;
    %pad/s 10;
    %load/vec4 v000002400f757f00_0;
    %pad/s 10;
    %sub;
    %store/vec4 v000002400f6e6950_0, 0, 10;
    %load/vec4 v000002400f6e6950_0;
    %store/vec4 v000002400f7b7fa0_0, 0, 10;
    %callf/vec4 TD_tb_vnu.sat_msg, S_000002400f7b8b60;
    %store/vec4 v000002400f7333c0_0, 0, 7;
    %wait E_000002400f75a000;
    %delay 1000, 0;
    %load/vec4 v000002400f6e6950_0;
    %load/vec4 v000002400f6e6410_0;
    %pad/s 10;
    %add;
    %store/vec4 v000002400f6e65e0_0, 0, 10;
    %load/vec4 v000002400f6e65e0_0;
    %store/vec4 v000002400f7b80e0_0, 0, 10;
    %callf/vec4 TD_tb_vnu.sat_app, S_000002400f7b69c0;
    %store/vec4 v000002400f7349d0_0, 0, 8;
    %load/vec4 v000002400f7b7500_0;
    %load/vec4 v000002400f7333c0_0;
    %cmp/e;
    %flag_get/vec4 6;
    %jmp/0 T_0.2, 6;
    %load/vec4 v000002400f7b7640_0;
    %load/vec4 v000002400f7349d0_0;
    %cmp/e;
    %flag_get/vec4 6;
    %and;
T_0.2;
    %flag_set/vec4 8;
    %jmp/0xz  T_0.0, 8;
    %load/vec4 v000002400f7b76e0_0;
    %addi 1, 0, 32;
    %store/vec4 v000002400f7b76e0_0, 0, 32;
    %vpi_call 2 95 "$display", "[PASS] T%0d  app_in=%0d  an=%0d  ap=%0d  beta=%0d  app=%0d", v000002400f7b46b0_0, v000002400f72d5b0_0, v000002400f6e6410_0, v000002400f757f00_0, v000002400f7333c0_0, v000002400f7349d0_0 {0 0 0};
    %jmp T_0.1;
T_0.0 ;
    %load/vec4 v000002400f7b8540_0;
    %addi 1, 0, 32;
    %store/vec4 v000002400f7b8540_0, 0, 32;
    %vpi_call 2 99 "$display", "[FAIL] T%0d  app_in=%0d  an=%0d  ap=%0d  beta: got=%0d exp=%0d  app: got=%0d exp=%0d", v000002400f7b46b0_0, v000002400f72d5b0_0, v000002400f6e6410_0, v000002400f757f00_0, v000002400f7b7500_0, v000002400f7333c0_0, v000002400f7b7640_0, v000002400f7349d0_0 {0 0 0};
T_0.1 ;
    %end;
S_000002400f7b5530 .scope module, "dut" "vnu" 2 38, 3 23 0, S_000002400f73ee70;
 .timescale -9 -12;
    .port_info 0 /INPUT 1 "clk";
    .port_info 1 /INPUT 1 "rst_n";
    .port_info 2 /INPUT 1 "valid_in";
    .port_info 3 /INPUT 8 "app_in";
    .port_info 4 /INPUT 7 "alpha_new";
    .port_info 5 /INPUT 7 "alpha_prev";
    .port_info 6 /OUTPUT 7 "beta_out";
    .port_info 7 /OUTPUT 8 "app_out";
    .port_info 8 /OUTPUT 1 "valid_out";
P_000002400f7b56c0 .param/l "MSG_MAX" 1 3 50, +C4<0111111>;
P_000002400f7b56f8 .param/l "MSG_MIN" 1 3 51, +C4<1000000>;
P_000002400f7b5730 .param/l "QTW" 0 3 25, +C4<00000000000000000000000000001000>;
P_000002400f7b5768 .param/l "QW" 0 3 24, +C4<00000000000000000000000000000111>;
P_000002400f7b57a0 .param/l "SAT_MAX" 1 3 44, +C4<01111111>;
P_000002400f7b57d8 .param/l "SAT_MIN" 1 3 45, +C4<10000000>;
v000002400f7b4f70_0 .net *"_ivl_1", 0 0, L_000002400f7b7780;  1 drivers
v000002400f7b4e30_0 .net *"_ivl_10", 8 0, L_000002400f7b8220;  1 drivers
v000002400f7b4d90_0 .net *"_ivl_15", 0 0, L_000002400f7b6ec0;  1 drivers
v000002400f7b49d0_0 .net *"_ivl_16", 1 0, L_000002400f7b7d20;  1 drivers
v000002400f7b5010_0 .net *"_ivl_18", 8 0, L_000002400f7b6f60;  1 drivers
v000002400f7b4890_0 .net *"_ivl_2", 0 0, L_000002400f7b8360;  1 drivers
v000002400f7b53d0_0 .net *"_ivl_4", 8 0, L_000002400f7b7820;  1 drivers
v000002400f7b4930_0 .net *"_ivl_7", 0 0, L_000002400f7b8720;  1 drivers
v000002400f7b50b0_0 .net *"_ivl_8", 1 0, L_000002400f7b82c0;  1 drivers
v000002400f7b4a70_0 .net/s "alpha_new", 6 0, v000002400f7b8a40_0;  1 drivers
v000002400f7b5470_0 .net/s "alpha_prev", 6 0, v000002400f7b7dc0_0;  1 drivers
v000002400f7b4ed0_0 .net/s "app_in", 7 0, v000002400f7b7aa0_0;  1 drivers
v000002400f7b4b10_0 .var/s "app_out", 7 0;
v000002400f7b5330_0 .net/s "app_wide", 8 0, L_000002400f7b8900;  1 drivers
v000002400f7b4bb0_0 .net/s "beta_out", 6 0, L_000002400f7b7e60;  alias, 1 drivers
v000002400f7b4c50_0 .net/s "beta_wide", 8 0, L_000002400f7b71e0;  1 drivers
v000002400f7b4570_0 .net "clk", 0 0, v000002400f7b8400_0;  1 drivers
v000002400f7b5150_0 .net "rst_n", 0 0, v000002400f7b7000_0;  1 drivers
v000002400f7b51f0_0 .net "valid_in", 0 0, v000002400f7b75a0_0;  1 drivers
v000002400f7b4750_0 .var "valid_out", 0 0;
E_000002400f75a140/0 .event negedge, v000002400f7b5150_0;
E_000002400f75a140/1 .event posedge, v000002400f7b4570_0;
E_000002400f75a140 .event/or E_000002400f75a140/0, E_000002400f75a140/1;
L_000002400f7b7780 .part v000002400f7b7aa0_0, 7, 1;
L_000002400f7b8360 .concat [ 1 0 0 0], L_000002400f7b7780;
L_000002400f7b7820 .concat [ 8 1 0 0], v000002400f7b7aa0_0, L_000002400f7b8360;
L_000002400f7b8720 .part v000002400f7b7dc0_0, 6, 1;
L_000002400f7b82c0 .concat [ 1 1 0 0], L_000002400f7b8720, L_000002400f7b8720;
L_000002400f7b8220 .concat [ 7 2 0 0], v000002400f7b7dc0_0, L_000002400f7b82c0;
L_000002400f7b71e0 .arith/sub 9, L_000002400f7b7820, L_000002400f7b8220;
L_000002400f7b6ec0 .part v000002400f7b8a40_0, 6, 1;
L_000002400f7b7d20 .concat [ 1 1 0 0], L_000002400f7b6ec0, L_000002400f7b6ec0;
L_000002400f7b6f60 .concat [ 7 2 0 0], v000002400f7b8a40_0, L_000002400f7b7d20;
L_000002400f7b8900 .arith/sum 9, L_000002400f7b71e0, L_000002400f7b6f60;
L_000002400f7b7e60 .ufunc/vec4 TD_tb_vnu.dut.sat_msg, 7, L_000002400f7b71e0 (v000002400f7b4610_0) S_000002400f7b6830;
S_000002400f7b6830 .scope function.vec4.u7, "sat_msg" "sat_msg" 3 68, 3 68 0, S_000002400f7b5530;
 .timescale -9 -12;
; Variable sat_msg is vec4 return value of scope S_000002400f7b6830
v000002400f7b4610_0 .var/s "x", 8 0;
TD_tb_vnu.dut.sat_msg ;
    %load/vec4 v000002400f7b4610_0;
    %pad/s 10;
    %cmpi/s 63, 0, 10;
    %flag_or 5, 4; GT is !LE
    %flag_inv 5;
    %jmp/0xz  T_1.3, 5;
    %pushi/vec4 63, 0, 7;
    %ret/vec4 0, 0, 7;  Assign to sat_msg (store_vec4_to_lval)
    %jmp T_1.4;
T_1.3 ;
    %load/vec4 v000002400f7b4610_0;
    %pad/s 10;
    %cmpi/s 960, 0, 10;
    %jmp/0xz  T_1.5, 5;
    %pushi/vec4 64, 0, 7;
    %ret/vec4 0, 0, 7;  Assign to sat_msg (store_vec4_to_lval)
    %jmp T_1.6;
T_1.5 ;
    %load/vec4 v000002400f7b4610_0;
    %parti/s 7, 0, 2;
    %ret/vec4 0, 0, 7;  Assign to sat_msg (store_vec4_to_lval)
T_1.6 ;
T_1.4 ;
    %end;
S_000002400f7b69c0 .scope function.vec4.u8, "sat_app" "sat_app" 2 60, 2 60 0, S_000002400f73ee70;
 .timescale -9 -12;
; Variable sat_app is vec4 return value of scope S_000002400f7b69c0
v000002400f7b80e0_0 .var/s "x", 9 0;
TD_tb_vnu.sat_app ;
    %load/vec4 v000002400f7b80e0_0;
    %cmpi/s 127, 0, 10;
    %flag_or 5, 4; GT is !LE
    %flag_inv 5;
    %jmp/0xz  T_2.7, 5;
    %pushi/vec4 127, 0, 8;
    %ret/vec4 0, 0, 8;  Assign to sat_app (store_vec4_to_lval)
    %jmp T_2.8;
T_2.7 ;
    %load/vec4 v000002400f7b80e0_0;
    %cmpi/s 896, 0, 10;
    %jmp/0xz  T_2.9, 5;
    %pushi/vec4 128, 0, 8;
    %ret/vec4 0, 0, 8;  Assign to sat_app (store_vec4_to_lval)
    %jmp T_2.10;
T_2.9 ;
    %load/vec4 v000002400f7b80e0_0;
    %parti/s 8, 0, 2;
    %ret/vec4 0, 0, 8;  Assign to sat_app (store_vec4_to_lval)
T_2.10 ;
T_2.8 ;
    %end;
S_000002400f7b8b60 .scope function.vec4.u7, "sat_msg" "sat_msg" 2 51, 2 51 0, S_000002400f73ee70;
 .timescale -9 -12;
; Variable sat_msg is vec4 return value of scope S_000002400f7b8b60
v000002400f7b7fa0_0 .var/s "x", 9 0;
TD_tb_vnu.sat_msg ;
    %load/vec4 v000002400f7b7fa0_0;
    %cmpi/s 63, 0, 10;
    %flag_or 5, 4; GT is !LE
    %flag_inv 5;
    %jmp/0xz  T_3.11, 5;
    %pushi/vec4 63, 0, 7;
    %ret/vec4 0, 0, 7;  Assign to sat_msg (store_vec4_to_lval)
    %jmp T_3.12;
T_3.11 ;
    %load/vec4 v000002400f7b7fa0_0;
    %cmpi/s 960, 0, 10;
    %jmp/0xz  T_3.13, 5;
    %pushi/vec4 64, 0, 7;
    %ret/vec4 0, 0, 7;  Assign to sat_msg (store_vec4_to_lval)
    %jmp T_3.14;
T_3.13 ;
    %load/vec4 v000002400f7b7fa0_0;
    %parti/s 7, 0, 2;
    %ret/vec4 0, 0, 7;  Assign to sat_msg (store_vec4_to_lval)
T_3.14 ;
T_3.12 ;
    %end;
    .scope S_000002400f7b5530;
T_4 ;
    %wait E_000002400f75a140;
    %load/vec4 v000002400f7b5150_0;
    %nor/r;
    %flag_set/vec4 8;
    %jmp/0xz  T_4.0, 8;
    %pushi/vec4 0, 0, 8;
    %assign/vec4 v000002400f7b4b10_0, 0;
    %pushi/vec4 0, 0, 1;
    %assign/vec4 v000002400f7b4750_0, 0;
    %jmp T_4.1;
T_4.0 ;
    %load/vec4 v000002400f7b51f0_0;
    %assign/vec4 v000002400f7b4750_0, 0;
    %load/vec4 v000002400f7b5330_0;
    %cmpi/s 127, 0, 9;
    %flag_or 5, 4; GT is !LE
    %flag_inv 5;
    %jmp/0xz  T_4.2, 5;
    %pushi/vec4 127, 0, 8;
    %assign/vec4 v000002400f7b4b10_0, 0;
    %jmp T_4.3;
T_4.2 ;
    %load/vec4 v000002400f7b5330_0;
    %cmpi/s 384, 0, 9;
    %jmp/0xz  T_4.4, 5;
    %pushi/vec4 128, 0, 8;
    %assign/vec4 v000002400f7b4b10_0, 0;
    %jmp T_4.5;
T_4.4 ;
    %load/vec4 v000002400f7b5330_0;
    %parti/s 8, 0, 2;
    %assign/vec4 v000002400f7b4b10_0, 0;
T_4.5 ;
T_4.3 ;
T_4.1 ;
    %jmp T_4;
    .thread T_4;
    .scope S_000002400f73ee70;
T_5 ;
    %pushi/vec4 0, 0, 1;
    %store/vec4 v000002400f7b8400_0, 0, 1;
    %pushi/vec4 0, 0, 32;
    %store/vec4 v000002400f7b76e0_0, 0, 32;
    %pushi/vec4 0, 0, 32;
    %store/vec4 v000002400f7b8540_0, 0, 32;
    %pushi/vec4 7, 0, 32;
    %store/vec4 v000002400f7b87c0_0, 0, 32;
    %end;
    .thread T_5;
    .scope S_000002400f73ee70;
T_6 ;
    %delay 5000, 0;
    %load/vec4 v000002400f7b8400_0;
    %inv;
    %store/vec4 v000002400f7b8400_0, 0, 1;
    %jmp T_6;
    .thread T_6;
    .scope S_000002400f73ee70;
T_7 ;
    %pushi/vec4 0, 0, 1;
    %store/vec4 v000002400f7b7000_0, 0, 1;
    %delay 25000, 0;
    %pushi/vec4 1, 0, 1;
    %store/vec4 v000002400f7b7000_0, 0, 1;
    %end;
    .thread T_7;
    .scope S_000002400f73ee70;
T_8 ;
    %pushi/vec4 0, 0, 1;
    %store/vec4 v000002400f7b75a0_0, 0, 1;
    %pushi/vec4 0, 0, 8;
    %store/vec4 v000002400f7b7aa0_0, 0, 8;
    %pushi/vec4 0, 0, 7;
    %store/vec4 v000002400f7b8a40_0, 0, 7;
    %pushi/vec4 0, 0, 7;
    %store/vec4 v000002400f7b7dc0_0, 0, 7;
    %wait E_000002400f759fc0;
    %wait E_000002400f75a000;
    %delay 1000, 0;
    %vpi_call 2 118 "$display", "=================================================================" {0 0 0};
    %vpi_call 2 119 "$display", "  VNU Testbench  (QW=%0d, QTW=%0d)", P_000002400f73f038, P_000002400f73f000 {0 0 0};
    %vpi_call 2 120 "$display", "=================================================================" {0 0 0};
    %pushi/vec4 10, 0, 8;
    %store/vec4 v000002400f72d5b0_0, 0, 8;
    %pushi/vec4 3, 0, 7;
    %store/vec4 v000002400f6e6410_0, 0, 7;
    %pushi/vec4 2, 0, 7;
    %store/vec4 v000002400f757f00_0, 0, 7;
    %pushi/vec4 1, 0, 32;
    %store/vec4 v000002400f7b46b0_0, 0, 32;
    %fork TD_tb_vnu.apply_and_check, S_000002400f73f160;
    %join;
    %pushi/vec4 0, 0, 8;
    %store/vec4 v000002400f72d5b0_0, 0, 8;
    %pushi/vec4 0, 0, 7;
    %store/vec4 v000002400f6e6410_0, 0, 7;
    %pushi/vec4 0, 0, 7;
    %store/vec4 v000002400f757f00_0, 0, 7;
    %pushi/vec4 2, 0, 32;
    %store/vec4 v000002400f7b46b0_0, 0, 32;
    %fork TD_tb_vnu.apply_and_check, S_000002400f73f160;
    %join;
    %pushi/vec4 236, 0, 8;
    %store/vec4 v000002400f72d5b0_0, 0, 8;
    %pushi/vec4 5, 0, 7;
    %store/vec4 v000002400f6e6410_0, 0, 7;
    %pushi/vec4 125, 0, 7;
    %store/vec4 v000002400f757f00_0, 0, 7;
    %pushi/vec4 3, 0, 32;
    %store/vec4 v000002400f7b46b0_0, 0, 32;
    %fork TD_tb_vnu.apply_and_check, S_000002400f73f160;
    %join;
    %pushi/vec4 100, 0, 8;
    %store/vec4 v000002400f72d5b0_0, 0, 8;
    %pushi/vec4 10, 0, 7;
    %store/vec4 v000002400f6e6410_0, 0, 7;
    %pushi/vec4 8, 0, 7;
    %store/vec4 v000002400f757f00_0, 0, 7;
    %pushi/vec4 4, 0, 32;
    %store/vec4 v000002400f7b46b0_0, 0, 32;
    %fork TD_tb_vnu.apply_and_check, S_000002400f73f160;
    %join;
    %pushi/vec4 156, 0, 8;
    %store/vec4 v000002400f72d5b0_0, 0, 8;
    %pushi/vec4 118, 0, 7;
    %store/vec4 v000002400f6e6410_0, 0, 7;
    %pushi/vec4 120, 0, 7;
    %store/vec4 v000002400f757f00_0, 0, 7;
    %pushi/vec4 5, 0, 32;
    %store/vec4 v000002400f7b46b0_0, 0, 32;
    %fork TD_tb_vnu.apply_and_check, S_000002400f73f160;
    %join;
    %pushi/vec4 127, 0, 8;
    %store/vec4 v000002400f72d5b0_0, 0, 8;
    %pushi/vec4 63, 0, 7;
    %store/vec4 v000002400f6e6410_0, 0, 7;
    %pushi/vec4 0, 0, 7;
    %store/vec4 v000002400f757f00_0, 0, 7;
    %pushi/vec4 6, 0, 32;
    %store/vec4 v000002400f7b46b0_0, 0, 32;
    %fork TD_tb_vnu.apply_and_check, S_000002400f73f160;
    %join;
    %pushi/vec4 128, 0, 8;
    %store/vec4 v000002400f72d5b0_0, 0, 8;
    %pushi/vec4 64, 0, 7;
    %store/vec4 v000002400f6e6410_0, 0, 7;
    %pushi/vec4 0, 0, 7;
    %store/vec4 v000002400f757f00_0, 0, 7;
    %pushi/vec4 7, 0, 32;
    %store/vec4 v000002400f7b46b0_0, 0, 32;
    %fork TD_tb_vnu.apply_and_check, S_000002400f73f160;
    %join;
    %pushi/vec4 8, 0, 32;
    %store/vec4 v000002400f7b73c0_0, 0, 32;
T_8.0 ;
    %load/vec4 v000002400f7b73c0_0;
    %cmpi/s 508, 0, 32;
    %jmp/0xz T_8.1, 5;
    %vpi_func 2 134 "$random" 32, v000002400f7b87c0_0 {0 0 0};
    %pushi/vec4 128, 0, 32;
    %mod/s;
    %pad/s 8;
    %store/vec4 v000002400f7b7c80_0, 0, 8;
    %vpi_func 2 135 "$random" 32, v000002400f7b87c0_0 {0 0 0};
    %pushi/vec4 64, 0, 32;
    %mod/s;
    %pad/s 7;
    %store/vec4 v000002400f7b8040_0, 0, 7;
    %vpi_func 2 136 "$random" 32, v000002400f7b87c0_0 {0 0 0};
    %pushi/vec4 64, 0, 32;
    %mod/s;
    %pad/s 7;
    %store/vec4 v000002400f7b8180_0, 0, 7;
    %load/vec4 v000002400f7b7c80_0;
    %store/vec4 v000002400f72d5b0_0, 0, 8;
    %load/vec4 v000002400f7b8040_0;
    %store/vec4 v000002400f6e6410_0, 0, 7;
    %load/vec4 v000002400f7b8180_0;
    %store/vec4 v000002400f757f00_0, 0, 7;
    %load/vec4 v000002400f7b73c0_0;
    %store/vec4 v000002400f7b46b0_0, 0, 32;
    %fork TD_tb_vnu.apply_and_check, S_000002400f73f160;
    %join;
    %load/vec4 v000002400f7b73c0_0;
    %addi 1, 0, 32;
    %store/vec4 v000002400f7b73c0_0, 0, 32;
    %jmp T_8.0;
T_8.1 ;
    %vpi_call 2 140 "$display", "\000" {0 0 0};
    %vpi_call 2 141 "$display", "=================================================================" {0 0 0};
    %vpi_call 2 142 "$display", "  Results: %0d PASS,  %0d FAIL", v000002400f7b76e0_0, v000002400f7b8540_0 {0 0 0};
    %load/vec4 v000002400f7b8540_0;
    %cmpi/e 0, 0, 32;
    %jmp/0xz  T_8.2, 4;
    %vpi_call 2 144 "$display", "  *** ALL TESTS PASSED ***" {0 0 0};
T_8.2 ;
    %vpi_call 2 145 "$display", "=================================================================" {0 0 0};
    %vpi_call 2 146 "$finish" {0 0 0};
    %end;
    .thread T_8;
    .scope S_000002400f73ee70;
T_9 ;
    %delay 200000000, 0;
    %vpi_call 2 150 "$display", "TIMEOUT" {0 0 0};
    %vpi_call 2 150 "$finish" {0 0 0};
    %end;
    .thread T_9;
    .scope S_000002400f73ee70;
T_10 ;
    %vpi_call 2 154 "$dumpfile", "tb_vnu.vcd" {0 0 0};
    %vpi_call 2 155 "$dumpvars", 32'sb00000000000000000000000000000000, S_000002400f73ee70 {0 0 0};
    %end;
    .thread T_10;
# The file index is used to find the file name in the following table.
:file_names 4;
    "N/A";
    "<interactive>";
    "tb_vnu.v";
    "vnu.v";
