
67. Printing statistics.

=== iams_decoder_top ===

   Number of wires:                 91
   Number of wire bits:            170
   Number of public wires:          28
   Number of public wire bits:     107
   Number of memories:               0
   Number of memory bits:            0
   Number of processes:              0
   Number of cells:                134
     sky130_fd_sc_hd__a211o_2        1
     sky130_fd_sc_hd__a21o_2         3
     sky130_fd_sc_hd__a21oi_2        1
     sky130_fd_sc_hd__a22o_2         4
     sky130_fd_sc_hd__a311o_2        1
     sky130_fd_sc_hd__a31o_2         2
     sky130_fd_sc_hd__a32o_2         4
     sky130_fd_sc_hd__and2_2         2
     sky130_fd_sc_hd__and2b_2        3
     sky130_fd_sc_hd__and3_2         1
     sky130_fd_sc_hd__and4_2         2
     sky130_fd_sc_hd__and4bb_2       1
     sky130_fd_sc_hd__buf_1          9
     sky130_fd_sc_hd__buf_2          1
     sky130_fd_sc_hd__conb_1        52
     sky130_fd_sc_hd__dfrtp_2       13
     sky130_fd_sc_hd__dfxtp_2        5
     sky130_fd_sc_hd__inv_2          2
     sky130_fd_sc_hd__mux2_2         9
     sky130_fd_sc_hd__nand2_2        3
     sky130_fd_sc_hd__nand3_2        1
     sky130_fd_sc_hd__nand4_2        1
     sky130_fd_sc_hd__nor2_2         3
     sky130_fd_sc_hd__nor2b_2        1
     sky130_fd_sc_hd__nor3b_2        1
     sky130_fd_sc_hd__nor4b_2        1
     sky130_fd_sc_hd__or2_2          4
     sky130_fd_sc_hd__or2b_2         1
     sky130_fd_sc_hd__xnor2_2        1
     sky130_fd_sc_hd__xor2_2         1

   Chip area for module '\iams_decoder_top': 1193.644800

