#! /c/Source/iverilog-install/bin/vvp
:ivl_version "12.0 (devel)" "(s20150603-1539-g2693dd32b)";
:ivl_delay_selection "TYPICAL";
:vpi_time_precision - 12;
:vpi_module "C:\iverilog\lib\ivl\system.vpi";
:vpi_module "C:\iverilog\lib\ivl\vhdl_sys.vpi";
:vpi_module "C:\iverilog\lib\ivl\vhdl_textio.vpi";
:vpi_module "C:\iverilog\lib\ivl\v2005_math.vpi";
:vpi_module "C:\iverilog\lib\ivl\va_math.vpi";
S_0000020990f7e130 .scope module, "tb_vnu_app" "tb_vnu_app" 2 10;
 .timescale -9 -12;
P_0000020990f7e2c0 .param/l "APP_MAX" 1 2 40, +C4<011111>;
P_0000020990f7e2f8 .param/l "APP_MIN" 1 2 41, +C4<100000>;
P_0000020990f7e330 .param/l "MSG_MAX" 1 2 38, +C4<0111>;
P_0000020990f7e368 .param/l "MSG_MIN" 1 2 39, +C4<1000>;
P_0000020990f7e3a0 .param/l "Q" 1 2 12, +C4<00000000000000000000000000000100>;
P_0000020990f7e3d8 .param/l "QTILDE" 1 2 13, +C4<00000000000000000000000000000110>;
v0000020990fecd50_0 .var/s "app_in", 5 0;
v0000020990fed390_0 .net/s "app_out", 5 0, L_0000020990ff2a80;  1 drivers
v0000020990fecf30_0 .var/s "ctv_new", 3 0;
v0000020990fece90_0 .var/s "ctv_old", 3 0;
v0000020990fedd90_0 .var/i "fail_cnt", 31 0;
v0000020990fecfd0_0 .var/i "pass_cnt", 31 0;
v0000020990fed7f0_0 .net/s "vtc_out", 3 0, L_0000020990ff2620;  1 drivers
S_0000020990f7e420 .scope task, "check_app" "check_app" 2 92, 2 92 0, S_0000020990f7e130;
 .timescale -9 -12;
v0000020990f63940_0 .var/s "a_new", 3 0;
v0000020990f63800_0 .var/s "a_old", 3 0;
v0000020990f63c60_0 .var/s "app", 5 0;
v0000020990f64160_0 .var/s "gold", 5 0;
v0000020990f640c0_0 .var "tid", 31 0;
TD_tb_vnu_app.check_app ;
    %load/vec4 v0000020990f63c60_0;
    %store/vec4 v0000020990fecd50_0, 0, 6;
    %load/vec4 v0000020990f63800_0;
    %store/vec4 v0000020990fece90_0, 0, 4;
    %load/vec4 v0000020990f63940_0;
    %store/vec4 v0000020990fecf30_0, 0, 4;
    %delay 5000, 0;
    %alloc S_0000020990ff0820;
    %load/vec4 v0000020990f63c60_0;
    %load/vec4 v0000020990f63800_0;
    %load/vec4 v0000020990f63940_0;
    %store/vec4 v0000020990fed570_0, 0, 4;
    %store/vec4 v0000020990feca30_0, 0, 4;
    %store/vec4 v0000020990fee0b0_0, 0, 6;
    %callf/vec4 TD_tb_vnu_app.golden_app, S_0000020990ff0820;
    %free S_0000020990ff0820;
    %store/vec4 v0000020990f64160_0, 0, 6;
    %load/vec4 v0000020990fed390_0;
    %load/vec4 v0000020990f64160_0;
    %cmp/ne;
    %jmp/0xz  T_0.0, 6;
    %load/vec4 v0000020990f63c60_0;
    %load/vec4 v0000020990f63800_0;
    %load/vec4 v0000020990f63940_0;
    %load/vec4 v0000020990fed390_0;
    %load/vec4 v0000020990f64160_0;
    %vpi_call 2 104 "$display", "APP FAIL t%0d: app=%0d aold=%0d anew=%0d got=%0d exp=%0d", v0000020990f640c0_0, S<4,vec4,s6>, S<3,vec4,s4>, S<2,vec4,s4>, S<1,vec4,s6>, S<0,vec4,s6> {5 0 0};
    %load/vec4 v0000020990fedd90_0;
    %addi 1, 0, 32;
    %store/vec4 v0000020990fedd90_0, 0, 32;
    %jmp T_0.1;
T_0.0 ;
    %vpi_call 2 109 "$display", "APP PASS t%0d", v0000020990f640c0_0 {0 0 0};
    %load/vec4 v0000020990fecfd0_0;
    %addi 1, 0, 32;
    %store/vec4 v0000020990fecfd0_0, 0, 32;
T_0.1 ;
    %end;
S_0000020990f16090 .scope task, "check_vnu" "check_vnu" 2 71, 2 71 0, S_0000020990f7e130;
 .timescale -9 -12;
v0000020990f638a0_0 .var/s "alpha", 3 0;
v0000020990f639e0_0 .var/s "app", 5 0;
v0000020990f64200_0 .var/s "gold", 3 0;
v0000020990f63300_0 .var "tid", 31 0;
TD_tb_vnu_app.check_vnu ;
    %load/vec4 v0000020990f639e0_0;
    %store/vec4 v0000020990fecd50_0, 0, 6;
    %load/vec4 v0000020990f638a0_0;
    %store/vec4 v0000020990fece90_0, 0, 4;
    %delay 5000, 0;
    %alloc S_0000020990ff09b0;
    %load/vec4 v0000020990f639e0_0;
    %load/vec4 v0000020990f638a0_0;
    %store/vec4 v0000020990fec990_0, 0, 4;
    %store/vec4 v0000020990fee010_0, 0, 6;
    %callf/vec4 TD_tb_vnu_app.golden_vnu, S_0000020990ff09b0;
    %free S_0000020990ff09b0;
    %store/vec4 v0000020990f64200_0, 0, 4;
    %load/vec4 v0000020990fed7f0_0;
    %load/vec4 v0000020990f64200_0;
    %cmp/ne;
    %jmp/0xz  T_1.2, 6;
    %load/vec4 v0000020990f639e0_0;
    %load/vec4 v0000020990f638a0_0;
    %load/vec4 v0000020990fed7f0_0;
    %load/vec4 v0000020990f64200_0;
    %vpi_call 2 82 "$display", "VNU FAIL t%0d: app=%0d alpha=%0d got=%0d exp=%0d", v0000020990f63300_0, S<3,vec4,s6>, S<2,vec4,s4>, S<1,vec4,s4>, S<0,vec4,s4> {4 0 0};
    %load/vec4 v0000020990fedd90_0;
    %addi 1, 0, 32;
    %store/vec4 v0000020990fedd90_0, 0, 32;
    %jmp T_1.3;
T_1.2 ;
    %vpi_call 2 86 "$display", "VNU PASS t%0d", v0000020990f63300_0 {0 0 0};
    %load/vec4 v0000020990fecfd0_0;
    %addi 1, 0, 32;
    %store/vec4 v0000020990fecfd0_0, 0, 32;
T_1.3 ;
    %end;
S_0000020990f16220 .scope module, "dut_app" "app_update" 2 30, 3 10 0, S_0000020990f7e130;
 .timescale -9 -12;
    .port_info 0 /INPUT 6 "app_in";
    .port_info 1 /INPUT 4 "ctv_old";
    .port_info 2 /INPUT 4 "ctv_new";
    .port_info 3 /OUTPUT 6 "app_out";
P_0000020990f82340 .param/l "Q" 0 3 11, +C4<00000000000000000000000000000100>;
P_0000020990f82378 .param/l "QTILDE" 0 3 12, +C4<00000000000000000000000000000110>;
v0000020990f63580_0 .net *"_ivl_1", 0 0, L_0000020990ff17c0;  1 drivers
v0000020990f633a0_0 .net *"_ivl_15", 0 0, L_0000020990ff2c60;  1 drivers
v0000020990f63440_0 .net *"_ivl_16", 6 0, L_0000020990ff2300;  1 drivers
v0000020990f63a80_0 .net *"_ivl_19", 0 0, L_0000020990ff2940;  1 drivers
v0000020990f63d00_0 .net *"_ivl_2", 1 0, L_0000020990ff26c0;  1 drivers
v0000020990f634e0_0 .net *"_ivl_20", 6 0, L_0000020990ff1b80;  1 drivers
L_00000209910201a8 .functor BUFT 1, C4<0011111>, C4<0>, C4<0>, C4<0>;
v0000020990f63760_0 .net/2s *"_ivl_24", 6 0, L_00000209910201a8;  1 drivers
v0000020990f63620_0 .net *"_ivl_26", 0 0, L_0000020990ff1ae0;  1 drivers
L_00000209910201f0 .functor BUFT 1, C4<011111>, C4<0>, C4<0>, C4<0>;
v0000020990f63b20_0 .net/2u *"_ivl_28", 5 0, L_00000209910201f0;  1 drivers
L_0000020991020238 .functor BUFT 1, C4<1100000>, C4<0>, C4<0>, C4<0>;
v0000020990f63da0_0 .net/2s *"_ivl_30", 6 0, L_0000020991020238;  1 drivers
v0000020990f63bc0_0 .net *"_ivl_32", 0 0, L_0000020990ff1ea0;  1 drivers
L_0000020991020280 .functor BUFT 1, C4<100000>, C4<0>, C4<0>, C4<0>;
v0000020990f63e40_0 .net/2u *"_ivl_34", 5 0, L_0000020991020280;  1 drivers
v0000020990f63ee0_0 .net *"_ivl_37", 5 0, L_0000020990ff15e0;  1 drivers
v0000020990f64020_0 .net *"_ivl_38", 5 0, L_0000020990ff1cc0;  1 drivers
v0000020990fed750_0 .net *"_ivl_7", 0 0, L_0000020990ff2da0;  1 drivers
v0000020990fed9d0_0 .net *"_ivl_8", 1 0, L_0000020990ff29e0;  1 drivers
v0000020990fed4d0_0 .net/s "app_in", 5 0, v0000020990fecd50_0;  1 drivers
v0000020990fed930_0 .net/s "app_out", 5 0, L_0000020990ff2a80;  alias, 1 drivers
v0000020990fecc10_0 .net/s "beta_tilde", 5 0, L_0000020990ff2760;  1 drivers
v0000020990fecdf0_0 .net/s "ctv_new", 3 0, v0000020990fecf30_0;  1 drivers
v0000020990fed070_0 .net/s "ctv_new_ext", 5 0, L_0000020990ff2e40;  1 drivers
v0000020990fee5b0_0 .net/s "ctv_old", 3 0, v0000020990fece90_0;  1 drivers
v0000020990fee150_0 .net/s "ctv_old_ext", 5 0, L_0000020990ff2bc0;  1 drivers
v0000020990fee3d0_0 .net/s "sum_ext", 6 0, L_0000020990ff2ee0;  1 drivers
L_0000020990ff17c0 .part v0000020990fece90_0, 3, 1;
L_0000020990ff26c0 .concat [ 1 1 0 0], L_0000020990ff17c0, L_0000020990ff17c0;
L_0000020990ff2bc0 .concat [ 4 2 0 0], v0000020990fece90_0, L_0000020990ff26c0;
L_0000020990ff2da0 .part v0000020990fecf30_0, 3, 1;
L_0000020990ff29e0 .concat [ 1 1 0 0], L_0000020990ff2da0, L_0000020990ff2da0;
L_0000020990ff2e40 .concat [ 4 2 0 0], v0000020990fecf30_0, L_0000020990ff29e0;
L_0000020990ff2760 .arith/sub 6, v0000020990fecd50_0, L_0000020990ff2bc0;
L_0000020990ff2c60 .part L_0000020990ff2760, 5, 1;
L_0000020990ff2300 .concat [ 6 1 0 0], L_0000020990ff2760, L_0000020990ff2c60;
L_0000020990ff2940 .part L_0000020990ff2e40, 5, 1;
L_0000020990ff1b80 .concat [ 6 1 0 0], L_0000020990ff2e40, L_0000020990ff2940;
L_0000020990ff2ee0 .arith/sum 7, L_0000020990ff2300, L_0000020990ff1b80;
L_0000020990ff1ae0 .cmp/gt.s 7, L_0000020990ff2ee0, L_00000209910201a8;
L_0000020990ff1ea0 .cmp/gt.s 7, L_0000020991020238, L_0000020990ff2ee0;
L_0000020990ff15e0 .part L_0000020990ff2ee0, 0, 6;
L_0000020990ff1cc0 .functor MUXZ 6, L_0000020990ff15e0, L_0000020991020280, L_0000020990ff1ea0, C4<>;
L_0000020990ff2a80 .functor MUXZ 6, L_0000020990ff1cc0, L_00000209910201f0, L_0000020990ff1ae0, C4<>;
S_0000020990f163b0 .scope module, "dut_vnu" "vnu" 2 20, 4 10 0, S_0000020990f7e130;
 .timescale -9 -12;
    .port_info 0 /INPUT 6 "app_in";
    .port_info 1 /INPUT 4 "ctv_old";
    .port_info 2 /OUTPUT 4 "vtc_out";
P_0000020990f16680 .param/l "Q" 0 4 11, +C4<00000000000000000000000000000100>;
P_0000020990f166b8 .param/l "QTILDE" 0 4 12, +C4<00000000000000000000000000000110>;
v0000020990fed2f0_0 .net *"_ivl_1", 0 0, L_0000020990fed1b0;  1 drivers
v0000020990feded0_0 .net *"_ivl_10", 0 0, L_0000020990fed6b0;  1 drivers
L_00000209910200d0 .functor BUFT 1, C4<0111>, C4<0>, C4<0>, C4<0>;
v0000020990fee470_0 .net/2u *"_ivl_12", 3 0, L_00000209910200d0;  1 drivers
L_0000020991020118 .functor BUFT 1, C4<111000>, C4<0>, C4<0>, C4<0>;
v0000020990fee330_0 .net/2s *"_ivl_14", 5 0, L_0000020991020118;  1 drivers
v0000020990fee6f0_0 .net *"_ivl_16", 0 0, L_0000020990fed890;  1 drivers
L_0000020991020160 .functor BUFT 1, C4<1000>, C4<0>, C4<0>, C4<0>;
v0000020990fee1f0_0 .net/2u *"_ivl_18", 3 0, L_0000020991020160;  1 drivers
v0000020990feccb0_0 .net *"_ivl_2", 1 0, L_0000020990fed610;  1 drivers
v0000020990fedb10_0 .net *"_ivl_21", 3 0, L_0000020990ff3160;  1 drivers
v0000020990fedf70_0 .net *"_ivl_22", 3 0, L_0000020990ff1860;  1 drivers
L_0000020991020088 .functor BUFT 1, C4<000111>, C4<0>, C4<0>, C4<0>;
v0000020990fed110_0 .net/2s *"_ivl_8", 5 0, L_0000020991020088;  1 drivers
v0000020990fee290_0 .net/s "app_in", 5 0, v0000020990fecd50_0;  alias, 1 drivers
v0000020990fee650_0 .net/s "ctv_ext", 5 0, L_0000020990fedcf0;  1 drivers
v0000020990fec850_0 .net/s "ctv_old", 3 0, v0000020990fece90_0;  alias, 1 drivers
v0000020990feda70_0 .net/s "diff", 5 0, L_0000020990fede30;  1 drivers
v0000020990fee510_0 .net/s "vtc_out", 3 0, L_0000020990ff2620;  alias, 1 drivers
L_0000020990fed1b0 .part v0000020990fece90_0, 3, 1;
L_0000020990fed610 .concat [ 1 1 0 0], L_0000020990fed1b0, L_0000020990fed1b0;
L_0000020990fedcf0 .concat [ 4 2 0 0], v0000020990fece90_0, L_0000020990fed610;
L_0000020990fede30 .arith/sub 6, v0000020990fecd50_0, L_0000020990fedcf0;
L_0000020990fed6b0 .cmp/gt.s 6, L_0000020990fede30, L_0000020991020088;
L_0000020990fed890 .cmp/gt.s 6, L_0000020991020118, L_0000020990fede30;
L_0000020990ff3160 .part L_0000020990fede30, 0, 4;
L_0000020990ff1860 .functor MUXZ 4, L_0000020990ff3160, L_0000020991020160, L_0000020990fed890, C4<>;
L_0000020990ff2620 .functor MUXZ 4, L_0000020990ff1860, L_00000209910200d0, L_0000020990fed6b0, C4<>;
S_0000020990ff0820 .scope autofunction.vec4.u6, "golden_app" "golden_app" 2 55, 2 55 0, S_0000020990f7e130;
 .timescale -9 -12;
v0000020990fed570_0 .var/s "alpha_new", 3 0;
v0000020990feca30_0 .var/s "alpha_old", 3 0;
v0000020990fee0b0_0 .var/s "app", 5 0;
v0000020990fedbb0_0 .var/s "beta_tilde", 5 0;
; Variable golden_app is vec4 return value of scope S_0000020990ff0820
v0000020990fec8f0_0 .var/s "sum", 5 0;
TD_tb_vnu_app.golden_app ;
    %load/vec4 v0000020990fee0b0_0;
    %load/vec4 v0000020990feca30_0;
    %parti/s 1, 3, 3;
    %replicate 2;
    %load/vec4 v0000020990feca30_0;
    %concat/vec4; draw_concat_vec4
    %sub;
    %store/vec4 v0000020990fedbb0_0, 0, 6;
    %load/vec4 v0000020990fedbb0_0;
    %load/vec4 v0000020990fed570_0;
    %parti/s 1, 3, 3;
    %replicate 2;
    %load/vec4 v0000020990fed570_0;
    %concat/vec4; draw_concat_vec4
    %add;
    %store/vec4 v0000020990fec8f0_0, 0, 6;
    %load/vec4 v0000020990fec8f0_0;
    %cmpi/s 31, 0, 6;
    %flag_or 5, 4; GT is !LE
    %flag_inv 5;
    %jmp/0xz  T_2.4, 5;
    %pushi/vec4 31, 0, 6;
    %ret/vec4 0, 0, 6;  Assign to golden_app (store_vec4_to_lval)
    %jmp T_2.5;
T_2.4 ;
    %load/vec4 v0000020990fec8f0_0;
    %cmpi/s 32, 0, 6;
    %jmp/0xz  T_2.6, 5;
    %pushi/vec4 32, 0, 6;
    %ret/vec4 0, 0, 6;  Assign to golden_app (store_vec4_to_lval)
    %jmp T_2.7;
T_2.6 ;
    %load/vec4 v0000020990fec8f0_0;
    %ret/vec4 0, 0, 6;  Assign to golden_app (store_vec4_to_lval)
T_2.7 ;
T_2.5 ;
    %end;
S_0000020990ff09b0 .scope autofunction.vec4.u4, "golden_vnu" "golden_vnu" 2 43, 2 43 0, S_0000020990f7e130;
 .timescale -9 -12;
v0000020990fec990_0 .var/s "alpha_old", 3 0;
v0000020990fee010_0 .var/s "app", 5 0;
v0000020990fecad0_0 .var/s "diff", 5 0;
; Variable golden_vnu is vec4 return value of scope S_0000020990ff09b0
TD_tb_vnu_app.golden_vnu ;
    %load/vec4 v0000020990fee010_0;
    %load/vec4 v0000020990fec990_0;
    %parti/s 1, 3, 3;
    %replicate 2;
    %load/vec4 v0000020990fec990_0;
    %concat/vec4; draw_concat_vec4
    %sub;
    %store/vec4 v0000020990fecad0_0, 0, 6;
    %load/vec4 v0000020990fecad0_0;
    %cmpi/s 7, 0, 6;
    %flag_or 5, 4; GT is !LE
    %flag_inv 5;
    %jmp/0xz  T_3.8, 5;
    %pushi/vec4 7, 0, 4;
    %ret/vec4 0, 0, 4;  Assign to golden_vnu (store_vec4_to_lval)
    %jmp T_3.9;
T_3.8 ;
    %load/vec4 v0000020990fecad0_0;
    %cmpi/s 56, 0, 6;
    %jmp/0xz  T_3.10, 5;
    %pushi/vec4 8, 0, 4;
    %ret/vec4 0, 0, 4;  Assign to golden_vnu (store_vec4_to_lval)
    %jmp T_3.11;
T_3.10 ;
    %load/vec4 v0000020990fecad0_0;
    %parti/s 4, 0, 2;
    %ret/vec4 0, 0, 4;  Assign to golden_vnu (store_vec4_to_lval)
T_3.11 ;
T_3.9 ;
    %end;
S_0000020990ff0b40 .scope begin, "rapp" "rapp" 2 149, 2 149 0, S_0000020990f7e130;
 .timescale -9 -12;
v0000020990fed250_0 .var/i "t", 31 0;
S_0000020990ff10e0 .scope begin, "rvnu" "rvnu" 2 132, 2 132 0, S_0000020990f7e130;
 .timescale -9 -12;
v0000020990fed430_0 .var/i "t", 31 0;
    .scope S_0000020990f7e130;
T_4 ;
    %vpi_call 2 116 "$dumpfile", "tb_vnu_app.vcd" {0 0 0};
    %vpi_call 2 117 "$dumpvars", 32'sb00000000000000000000000000000000, S_0000020990f7e130 {0 0 0};
    %pushi/vec4 0, 0, 32;
    %store/vec4 v0000020990fecfd0_0, 0, 32;
    %pushi/vec4 0, 0, 32;
    %store/vec4 v0000020990fedd90_0, 0, 32;
    %pushi/vec4 0, 0, 4;
    %store/vec4 v0000020990fecf30_0, 0, 4;
    %pushi/vec4 10, 0, 6;
    %store/vec4 v0000020990f639e0_0, 0, 6;
    %pushi/vec4 2, 0, 4;
    %store/vec4 v0000020990f638a0_0, 0, 4;
    %pushi/vec4 1, 0, 32;
    %store/vec4 v0000020990f63300_0, 0, 32;
    %fork TD_tb_vnu_app.check_vnu, S_0000020990f16090;
    %join;
    %pushi/vec4 5, 0, 6;
    %store/vec4 v0000020990f639e0_0, 0, 6;
    %pushi/vec4 2, 0, 4;
    %store/vec4 v0000020990f638a0_0, 0, 4;
    %pushi/vec4 2, 0, 32;
    %store/vec4 v0000020990f63300_0, 0, 32;
    %fork TD_tb_vnu_app.check_vnu, S_0000020990f16090;
    %join;
    %pushi/vec4 54, 0, 6;
    %store/vec4 v0000020990f639e0_0, 0, 6;
    %pushi/vec4 2, 0, 4;
    %store/vec4 v0000020990f638a0_0, 0, 4;
    %pushi/vec4 3, 0, 32;
    %store/vec4 v0000020990f63300_0, 0, 32;
    %fork TD_tb_vnu_app.check_vnu, S_0000020990f16090;
    %join;
    %pushi/vec4 0, 0, 6;
    %store/vec4 v0000020990f639e0_0, 0, 6;
    %pushi/vec4 0, 0, 4;
    %store/vec4 v0000020990f638a0_0, 0, 4;
    %pushi/vec4 4, 0, 32;
    %store/vec4 v0000020990f63300_0, 0, 32;
    %fork TD_tb_vnu_app.check_vnu, S_0000020990f16090;
    %join;
    %pushi/vec4 31, 0, 6;
    %store/vec4 v0000020990f639e0_0, 0, 6;
    %pushi/vec4 7, 0, 4;
    %store/vec4 v0000020990f638a0_0, 0, 4;
    %pushi/vec4 5, 0, 32;
    %store/vec4 v0000020990f63300_0, 0, 32;
    %fork TD_tb_vnu_app.check_vnu, S_0000020990f16090;
    %join;
    %pushi/vec4 32, 0, 6;
    %store/vec4 v0000020990f639e0_0, 0, 6;
    %pushi/vec4 8, 0, 4;
    %store/vec4 v0000020990f638a0_0, 0, 4;
    %pushi/vec4 6, 0, 32;
    %store/vec4 v0000020990f63300_0, 0, 32;
    %fork TD_tb_vnu_app.check_vnu, S_0000020990f16090;
    %join;
    %pushi/vec4 3, 0, 6;
    %store/vec4 v0000020990f639e0_0, 0, 6;
    %pushi/vec4 12, 0, 4;
    %store/vec4 v0000020990f638a0_0, 0, 4;
    %pushi/vec4 7, 0, 32;
    %store/vec4 v0000020990f63300_0, 0, 32;
    %fork TD_tb_vnu_app.check_vnu, S_0000020990f16090;
    %join;
    %pushi/vec4 3, 0, 6;
    %store/vec4 v0000020990f639e0_0, 0, 6;
    %pushi/vec4 11, 0, 4;
    %store/vec4 v0000020990f638a0_0, 0, 4;
    %pushi/vec4 8, 0, 32;
    %store/vec4 v0000020990f63300_0, 0, 32;
    %fork TD_tb_vnu_app.check_vnu, S_0000020990f16090;
    %join;
    %fork t_1, S_0000020990ff10e0;
    %jmp t_0;
    .scope S_0000020990ff10e0;
t_1 ;
    %pushi/vec4 0, 0, 32;
    %store/vec4 v0000020990fed430_0, 0, 32;
T_4.0 ;
    %load/vec4 v0000020990fed430_0;
    %cmpi/s 30, 0, 32;
    %jmp/0xz T_4.1, 5;
    %vpi_func 2 135 "$random" 32 {0 0 0};
    %pushi/vec4 64, 0, 32;
    %mod/s;
    %subi 32, 0, 32;
    %pad/s 6;
    %store/vec4 v0000020990f639e0_0, 0, 6;
    %vpi_func 2 136 "$random" 32 {0 0 0};
    %pushi/vec4 16, 0, 32;
    %mod/s;
    %subi 8, 0, 32;
    %pad/s 4;
    %store/vec4 v0000020990f638a0_0, 0, 4;
    %pushi/vec4 10, 0, 32;
    %load/vec4 v0000020990fed430_0;
    %add;
    %store/vec4 v0000020990f63300_0, 0, 32;
    %fork TD_tb_vnu_app.check_vnu, S_0000020990f16090;
    %join;
    %load/vec4 v0000020990fed430_0;
    %addi 1, 0, 32;
    %store/vec4 v0000020990fed430_0, 0, 32;
    %jmp T_4.0;
T_4.1 ;
    %end;
    .scope S_0000020990f7e130;
t_0 %join;
    %pushi/vec4 0, 0, 4;
    %store/vec4 v0000020990fecf30_0, 0, 4;
    %pushi/vec4 10, 0, 6;
    %store/vec4 v0000020990f63c60_0, 0, 6;
    %pushi/vec4 2, 0, 4;
    %store/vec4 v0000020990f63800_0, 0, 4;
    %pushi/vec4 3, 0, 4;
    %store/vec4 v0000020990f63940_0, 0, 4;
    %pushi/vec4 100, 0, 32;
    %store/vec4 v0000020990f640c0_0, 0, 32;
    %fork TD_tb_vnu_app.check_app, S_0000020990f7e420;
    %join;
    %pushi/vec4 5, 0, 6;
    %store/vec4 v0000020990f63c60_0, 0, 6;
    %pushi/vec4 2, 0, 4;
    %store/vec4 v0000020990f63800_0, 0, 4;
    %pushi/vec4 2, 0, 4;
    %store/vec4 v0000020990f63940_0, 0, 4;
    %pushi/vec4 101, 0, 32;
    %store/vec4 v0000020990f640c0_0, 0, 32;
    %fork TD_tb_vnu_app.check_app, S_0000020990f7e420;
    %join;
    %pushi/vec4 31, 0, 6;
    %store/vec4 v0000020990f63c60_0, 0, 6;
    %pushi/vec4 0, 0, 4;
    %store/vec4 v0000020990f63800_0, 0, 4;
    %pushi/vec4 7, 0, 4;
    %store/vec4 v0000020990f63940_0, 0, 4;
    %pushi/vec4 102, 0, 32;
    %store/vec4 v0000020990f640c0_0, 0, 32;
    %fork TD_tb_vnu_app.check_app, S_0000020990f7e420;
    %join;
    %pushi/vec4 32, 0, 6;
    %store/vec4 v0000020990f63c60_0, 0, 6;
    %pushi/vec4 0, 0, 4;
    %store/vec4 v0000020990f63800_0, 0, 4;
    %pushi/vec4 8, 0, 4;
    %store/vec4 v0000020990f63940_0, 0, 4;
    %pushi/vec4 103, 0, 32;
    %store/vec4 v0000020990f640c0_0, 0, 32;
    %fork TD_tb_vnu_app.check_app, S_0000020990f7e420;
    %join;
    %pushi/vec4 0, 0, 6;
    %store/vec4 v0000020990f63c60_0, 0, 6;
    %pushi/vec4 3, 0, 4;
    %store/vec4 v0000020990f63800_0, 0, 4;
    %pushi/vec4 13, 0, 4;
    %store/vec4 v0000020990f63940_0, 0, 4;
    %pushi/vec4 104, 0, 32;
    %store/vec4 v0000020990f640c0_0, 0, 32;
    %fork TD_tb_vnu_app.check_app, S_0000020990f7e420;
    %join;
    %fork t_3, S_0000020990ff0b40;
    %jmp t_2;
    .scope S_0000020990ff0b40;
t_3 ;
    %pushi/vec4 0, 0, 32;
    %store/vec4 v0000020990fed250_0, 0, 32;
T_4.2 ;
    %load/vec4 v0000020990fed250_0;
    %cmpi/s 30, 0, 32;
    %jmp/0xz T_4.3, 5;
    %vpi_func 2 152 "$random" 32 {0 0 0};
    %pushi/vec4 64, 0, 32;
    %mod/s;
    %subi 32, 0, 32;
    %pad/s 6;
    %store/vec4 v0000020990f63c60_0, 0, 6;
    %vpi_func 2 153 "$random" 32 {0 0 0};
    %pushi/vec4 16, 0, 32;
    %mod/s;
    %subi 8, 0, 32;
    %pad/s 4;
    %store/vec4 v0000020990f63800_0, 0, 4;
    %vpi_func 2 154 "$random" 32 {0 0 0};
    %pushi/vec4 16, 0, 32;
    %mod/s;
    %subi 8, 0, 32;
    %pad/s 4;
    %store/vec4 v0000020990f63940_0, 0, 4;
    %pushi/vec4 200, 0, 32;
    %load/vec4 v0000020990fed250_0;
    %add;
    %store/vec4 v0000020990f640c0_0, 0, 32;
    %fork TD_tb_vnu_app.check_app, S_0000020990f7e420;
    %join;
    %load/vec4 v0000020990fed250_0;
    %addi 1, 0, 32;
    %store/vec4 v0000020990fed250_0, 0, 32;
    %jmp T_4.2;
T_4.3 ;
    %end;
    .scope S_0000020990f7e130;
t_2 %join;
    %vpi_call 2 159 "$display", "\012=== VNU/APP Test Summary ===" {0 0 0};
    %vpi_call 2 160 "$display", "PASS: %0d  FAIL: %0d", v0000020990fecfd0_0, v0000020990fedd90_0 {0 0 0};
    %load/vec4 v0000020990fedd90_0;
    %cmpi/e 0, 0, 32;
    %jmp/0xz  T_4.4, 4;
    %vpi_call 2 161 "$display", "ALL PASS" {0 0 0};
T_4.4 ;
    %vpi_call 2 162 "$finish" {0 0 0};
    %end;
    .thread T_4;
    .scope S_0000020990f7e130;
T_5 ;
    %delay 50000000, 0;
    %vpi_call 2 167 "$display", "TIMEOUT" {0 0 0};
    %vpi_call 2 168 "$finish" {0 0 0};
    %end;
    .thread T_5;
# The file index is used to find the file name in the following table.
:file_names 5;
    "N/A";
    "<interactive>";
    "tb_vnu_app.v";
    "app_update.v";
    "vnu.v";
